-- Found ament_cmake: 2.7.0 (/opt/ros/rolling/share/ament_cmake/cmake)
-- Override CMake install command with custom implementation using symlinks instead of copying resources
-- Found ament_lint_auto: 0.18.1 (/opt/ros/rolling/share/ament_lint_auto/cmake)
-- Configuring done (0.8s)
-- Generating done (0.0s)
-- Build files have been written to: /home/noi/robogardener/build/model
-- Install configuration: ""
-- Execute custom install script
-- Symlinking: /home/noi/robogardener/install/model/share/model/config/batmobil_config.rviz
-- Symlinking: /home/noi/robogardener/install/model/share/model/config/gz_bridge.yaml
-- Symlinking: /home/noi/robogardener/install/model/share/model/config/robogardner_config.rviz
-- Symlinking: /home/noi/robogardener/install/model/share/model/config/twist_mux.yaml
-- Symlinking: /home/noi/robogardener/install/model/share/model/description/core_model.xacro
-- Symlinking: /home/noi/robogardener/install/model/share/model/description/gazebo_sim/__pycache__/batmobil_launch.cpython-312.pyc
-- Symlinking: /home/noi/robogardener/install/model/share/model/description/gazebo_sim/__pycache__/diff_drive_with_world.cpython-312.pyc
-- Symlinking: /home/noi/robogardener/install/model/share/model/description/gazebo_sim/batmobil_launch.py
-- Symlinking: /home/noi/robogardener/install/model/share/model/description/gazebo_sim/batmobil_world.sdf
-- Symlinking: /home/noi/robogardener/install/model/share/model/description/gazebo_sim/diff_drive_with_world.py
-- Symlinking: /home/noi/robogardener/install/model/share/model/description/gazebo_sim/empty_world.sdf
-- Symlinking: /home/noi/robogardener/install/model/share/model/description/gz_control.xacro
-- Symlinking: /home/noi/robogardener/install/model/share/model/description/materials.xacro
-- Symlinking: /home/noi/robogardener/install/model/share/model/description/robo.urdf.xacro
-- Symlinking: /home/noi/robogardener/install/model/share/model/description/roboter_frames/frames_2024-08-26_22.26.15.gv
-- Symlinking: /home/noi/robogardener/install/model/share/model/description/roboter_frames/frames_2024-08-26_22.26.15.pdf
-- Symlinking: /home/noi/robogardener/install/model/share/model/description/ros2_control.xacro
[33mCMake Warning (dev) at ament_cmake_symlink_install/ament_cmake_symlink_install.cmake:62 (file):
  Policy CMP0009 is not set: FILE GLOB_RECURSE calls should not follow
  symlinks by default.  Run "cmake --help-policy CMP0009" for policy details.
  Use the cmake_policy command to set the policy and suppress this warning.
Call Stack (most recent call first):
  ament_cmake_symlink_install/ament_cmake_symlink_install.cmake:314 (ament_cmake_symlink_install_directory)
  cmake_install.cmake:46 (include)
This warning is for project developers.  Use -Wno-dev to suppress it.
[0m
-- Symlinking: /home/noi/robogardener/install/model/share/model/launch/__pycache__/batmobil_view.launch.cpython-312.pyc
-- Symlinking: /home/noi/robogardener/install/model/share/model/launch/__pycache__/rsp.launch.cpython-312.pyc
-- Symlinking: /home/noi/robogardener/install/model/share/model/launch/__pycache__/sim_gz.launch.cpython-312.pyc
-- Symlinking: /home/noi/robogardener/install/model/share/model/launch/__pycache__/view_robot.launch.cpython-312.pyc
-- Symlinking: /home/noi/robogardener/install/model/share/model/launch/batmobil_view.launch.py
-- Symlinking: /home/noi/robogardener/install/model/share/model/launch/log/COLCON_IGNORE
-- Symlinking: /home/noi/robogardener/install/model/share/model/launch/log/latest/logger_all.log
-- Up-to-date symlink: /home/noi/robogardener/install/model/share/model/launch/log/latest_list/logger_all.log
-- Symlinking: /home/noi/robogardener/install/model/share/model/launch/log/list_2024-11-03_18-52-03/logger_all.log
-- Symlinking: /home/noi/robogardener/install/model/share/model/launch/log/list_2024-11-03_19-07-45/logger_all.log
-- Up-to-date symlink: /home/noi/robogardener/install/model/share/model/launch/log/list_2024-11-20_15-57-46/logger_all.log
-- Symlinking: /home/noi/robogardener/install/model/share/model/launch/rsp.launch.py
-- Symlinking: /home/noi/robogardener/install/model/share/model/launch/sim_gz.launch.py
-- Symlinking: /home/noi/robogardener/install/model/share/model/launch/view_robot.launch.py
-- Symlinking: /home/noi/robogardener/install/model/share/model/worlds/empty_world
-- Symlinking: /home/noi/robogardener/install/model/share/ament_index/resource_index/package_run_dependencies/model
-- Symlinking: /home/noi/robogardener/install/model/share/ament_index/resource_index/parent_prefix_path/model
-- Symlinking: /home/noi/robogardener/install/model/share/model/environment/ament_prefix_path.sh
-- Symlinking: /home/noi/robogardener/install/model/share/model/environment/ament_prefix_path.dsv
-- Symlinking: /home/noi/robogardener/install/model/share/model/environment/path.sh
-- Symlinking: /home/noi/robogardener/install/model/share/model/environment/path.dsv
-- Symlinking: /home/noi/robogardener/install/model/share/model/local_setup.bash
-- Symlinking: /home/noi/robogardener/install/model/share/model/local_setup.sh
-- Symlinking: /home/noi/robogardener/install/model/share/model/local_setup.zsh
-- Symlinking: /home/noi/robogardener/install/model/share/model/local_setup.dsv
-- Symlinking: /home/noi/robogardener/install/model/share/model/package.dsv
-- Symlinking: /home/noi/robogardener/install/model/share/ament_index/resource_index/packages/model
-- Symlinking: /home/noi/robogardener/install/model/share/model/cmake/modelConfig.cmake
-- Symlinking: /home/noi/robogardener/install/model/share/model/cmake/modelConfig-version.cmake
-- Symlinking: /home/noi/robogardener/install/model/share/model/package.xml
