[0.031s] Invoking command in '/home/noi/robogardener/build/model': CMAKE_PREFIX_PATH=${CMAKE_PREFIX_PATH}:/home/noi/robogardener/install/serial_motor_demo:/opt/ros/rolling DEBUGINFOD_URLS=https://debuginfod.ubuntu.com /usr/bin/cmake /home/noi/robogardener/scr/RoboGardener/model -DAMENT_CMAKE_SYMLINK_INSTALL=1 -DCMAKE_INSTALL_PREFIX=/home/noi/robogardener/install/model
[0.067s] -- Found ament_cmake: 2.7.0 (/opt/ros/rolling/share/ament_cmake/cmake)
[0.570s] -- Override CMake install command with custom implementation using symlinks instead of copying resources
[0.595s] -- Found ament_lint_auto: 0.18.1 (/opt/ros/rolling/share/ament_lint_auto/cmake)
[0.822s] -- Configuring done (0.8s)
[0.833s] -- Generating done (0.0s)
[0.836s] -- Build files have been written to: /home/noi/robogardener/build/model
[0.842s] Invoked command in '/home/noi/robogardener/build/model' returned '0': CMAKE_PREFIX_PATH=${CMAKE_PREFIX_PATH}:/home/noi/robogardener/install/serial_motor_demo:/opt/ros/rolling DEBUGINFOD_URLS=https://debuginfod.ubuntu.com /usr/bin/cmake /home/noi/robogardener/scr/RoboGardener/model -DAMENT_CMAKE_SYMLINK_INSTALL=1 -DCMAKE_INSTALL_PREFIX=/home/noi/robogardener/install/model
[0.845s] Invoking command in '/home/noi/robogardener/build/model': CMAKE_PREFIX_PATH=${CMAKE_PREFIX_PATH}:/home/noi/robogardener/install/serial_motor_demo:/opt/ros/rolling DEBUGINFOD_URLS=https://debuginfod.ubuntu.com /usr/bin/cmake --build /home/noi/robogardener/build/model -- -j8 -l8
[0.937s] Invoked command in '/home/noi/robogardener/build/model' returned '0': CMAKE_PREFIX_PATH=${CMAKE_PREFIX_PATH}:/home/noi/robogardener/install/serial_motor_demo:/opt/ros/rolling DEBUGINFOD_URLS=https://debuginfod.ubuntu.com /usr/bin/cmake --build /home/noi/robogardener/build/model -- -j8 -l8
[1.026s] Invoking command in '/home/noi/robogardener/build/model': CMAKE_PREFIX_PATH=${CMAKE_PREFIX_PATH}:/home/noi/robogardener/install/serial_motor_demo:/opt/ros/rolling DEBUGINFOD_URLS=https://debuginfod.ubuntu.com /usr/bin/cmake --install /home/noi/robogardener/build/model
[1.050s] -- Install configuration: ""
[1.051s] -- Execute custom install script
[1.052s] -- Symlinking: /home/noi/robogardener/install/model/share/model/config/batmobil_config.rviz
[1.076s] -- Symlinking: /home/noi/robogardener/install/model/share/model/config/gz_bridge.yaml
[1.093s] -- Symlinking: /home/noi/robogardener/install/model/share/model/config/robogardner_config.rviz
[1.120s] -- Symlinking: /home/noi/robogardener/install/model/share/model/config/twist_mux.yaml
[1.143s] -- Symlinking: /home/noi/robogardener/install/model/share/model/description/core_model.xacro
[1.161s] -- Symlinking: /home/noi/robogardener/install/model/share/model/description/gazebo_sim/__pycache__/batmobil_launch.cpython-312.pyc
[1.179s] -- Symlinking: /home/noi/robogardener/install/model/share/model/description/gazebo_sim/__pycache__/diff_drive_with_world.cpython-312.pyc
[1.200s] -- Symlinking: /home/noi/robogardener/install/model/share/model/description/gazebo_sim/batmobil_launch.py
[1.229s] -- Symlinking: /home/noi/robogardener/install/model/share/model/description/gazebo_sim/batmobil_world.sdf
[1.258s] -- Symlinking: /home/noi/robogardener/install/model/share/model/description/gazebo_sim/diff_drive_with_world.py
[1.285s] -- Symlinking: /home/noi/robogardener/install/model/share/model/description/gazebo_sim/empty_world.sdf
[1.308s] -- Symlinking: /home/noi/robogardener/install/model/share/model/description/gz_control.xacro
[1.336s] -- Symlinking: /home/noi/robogardener/install/model/share/model/description/materials.xacro
[1.355s] -- Symlinking: /home/noi/robogardener/install/model/share/model/description/robo.urdf.xacro
[1.374s] -- Symlinking: /home/noi/robogardener/install/model/share/model/description/roboter_frames/frames_2024-08-26_22.26.15.gv
[1.393s] -- Symlinking: /home/noi/robogardener/install/model/share/model/description/roboter_frames/frames_2024-08-26_22.26.15.pdf
[1.426s] -- Symlinking: /home/noi/robogardener/install/model/share/model/description/ros2_control.xacro
[1.448s] [33mCMake Warning (dev) at ament_cmake_symlink_install/ament_cmake_symlink_install.cmake:62 (file):
[1.448s]   Policy CMP0009 is not set: FILE GLOB_RECURSE calls should not follow
[1.448s]   symlinks by default.  Run "cmake --help-policy CMP0009" for policy details.
[1.449s]   Use the cmake_policy command to set the policy and suppress this warning.
[1.449s] Call Stack (most recent call first):
[1.449s]   ament_cmake_symlink_install/ament_cmake_symlink_install.cmake:314 (ament_cmake_symlink_install_directory)
[1.449s]   cmake_install.cmake:46 (include)
[1.449s] This warning is for project developers.  Use -Wno-dev to suppress it.
[1.449s] [0m
[1.449s] -- Symlinking: /home/noi/robogardener/install/model/share/model/launch/__pycache__/batmobil_view.launch.cpython-312.pyc
[1.469s] -- Symlinking: /home/noi/robogardener/install/model/share/model/launch/__pycache__/rsp.launch.cpython-312.pyc
[1.498s] -- Symlinking: /home/noi/robogardener/install/model/share/model/launch/__pycache__/sim_gz.launch.cpython-312.pyc
[1.530s] -- Symlinking: /home/noi/robogardener/install/model/share/model/launch/__pycache__/view_robot.launch.cpython-312.pyc
[1.559s] -- Symlinking: /home/noi/robogardener/install/model/share/model/launch/batmobil_view.launch.py
[1.586s] -- Symlinking: /home/noi/robogardener/install/model/share/model/launch/log/COLCON_IGNORE
[1.613s] -- Symlinking: /home/noi/robogardener/install/model/share/model/launch/log/latest/logger_all.log
[1.640s] -- Up-to-date symlink: /home/noi/robogardener/install/model/share/model/launch/log/latest_list/logger_all.log
[1.641s] -- Symlinking: /home/noi/robogardener/install/model/share/model/launch/log/list_2024-11-03_18-52-03/logger_all.log
[1.668s] -- Symlinking: /home/noi/robogardener/install/model/share/model/launch/log/list_2024-11-03_19-07-45/logger_all.log
[1.686s] -- Up-to-date symlink: /home/noi/robogardener/install/model/share/model/launch/log/list_2024-11-20_15-57-46/logger_all.log
[1.687s] -- Symlinking: /home/noi/robogardener/install/model/share/model/launch/rsp.launch.py
[1.707s] -- Symlinking: /home/noi/robogardener/install/model/share/model/launch/sim_gz.launch.py
[1.732s] -- Symlinking: /home/noi/robogardener/install/model/share/model/launch/view_robot.launch.py
[1.751s] -- Symlinking: /home/noi/robogardener/install/model/share/model/worlds/empty_world
[1.768s] -- Symlinking: /home/noi/robogardener/install/model/share/ament_index/resource_index/package_run_dependencies/model
[1.785s] -- Symlinking: /home/noi/robogardener/install/model/share/ament_index/resource_index/parent_prefix_path/model
[1.805s] -- Symlinking: /home/noi/robogardener/install/model/share/model/environment/ament_prefix_path.sh
[1.829s] -- Symlinking: /home/noi/robogardener/install/model/share/model/environment/ament_prefix_path.dsv
[1.848s] -- Symlinking: /home/noi/robogardener/install/model/share/model/environment/path.sh
[1.866s] -- Symlinking: /home/noi/robogardener/install/model/share/model/environment/path.dsv
[1.886s] -- Symlinking: /home/noi/robogardener/install/model/share/model/local_setup.bash
[1.911s] -- Symlinking: /home/noi/robogardener/install/model/share/model/local_setup.sh
[1.940s] -- Symlinking: /home/noi/robogardener/install/model/share/model/local_setup.zsh
[1.962s] -- Symlinking: /home/noi/robogardener/install/model/share/model/local_setup.dsv
[1.983s] -- Symlinking: /home/noi/robogardener/install/model/share/model/package.dsv
[2.010s] -- Symlinking: /home/noi/robogardener/install/model/share/ament_index/resource_index/packages/model
[2.041s] -- Symlinking: /home/noi/robogardener/install/model/share/model/cmake/modelConfig.cmake
[2.069s] -- Symlinking: /home/noi/robogardener/install/model/share/model/cmake/modelConfig-version.cmake
[2.099s] -- Symlinking: /home/noi/robogardener/install/model/share/model/package.xml
[2.133s] Invoked command in '/home/noi/robogardener/build/model' returned '0': CMAKE_PREFIX_PATH=${CMAKE_PREFIX_PATH}:/home/noi/robogardener/install/serial_motor_demo:/opt/ros/rolling DEBUGINFOD_URLS=https://debuginfod.ubuntu.com /usr/bin/cmake --install /home/noi/robogardener/build/model
