[2.813s] Invoking command in '/home/noi/robogardener/scr/RoboGardener/serial_motor_demo/serial_motor_demo': DEBUGINFOD_URLS=https://debuginfod.ubuntu.com PYTHONPATH=/home/noi/robogardener/build/serial_motor_demo/prefix_override:/usr/lib/python3/dist-packages/colcon_core/task/python/colcon_distutils_commands:/home/noi/robogardener/install/serial_motor_demo/lib/python3.12/site-packages:/home/noi/robogardener/install/serial_motor_demo_msgs/lib/python3.12/site-packages:/home/noi/robogardener/install/serial_motor_demo/lib/python3.12/site-packages:/opt/ros/rolling/lib/python3.12/site-packages /usr/bin/python3 -W ignore:setup.py install is deprecated setup.py egg_info --egg-base ../../../../build/serial_motor_demo build --build-base /home/noi/robogardener/build/serial_motor_demo/build install --record /home/noi/robogardener/build/serial_motor_demo/install.log --install-scripts $base/lib/serial_motor_demo --single-version-externally-managed install_data
[3.139s] /usr/lib/python3/dist-packages/setuptools/dist.py:744: SetuptoolsDeprecationWarning: Invalid dash-separated options
[3.140s] !!
[3.140s] 
[3.141s]         ********************************************************************************
[3.141s]         Usage of dash-separated 'script-dir' will not be supported in future
[3.142s]         versions. Please use the underscore name 'script_dir' instead.
[3.142s] 
[3.143s]         This deprecation is overdue, please update your project and remove deprecated
[3.143s]         calls to avoid build errors in the future.
[3.143s] 
[3.143s]         See https://setuptools.pypa.io/en/latest/userguide/declarative_config.html for details.
[3.144s]         ********************************************************************************
[3.144s] 
[3.144s] !!
[3.144s]   opt = self.warn_dash_deprecation(opt, section)
[3.481s] running egg_info
[3.522s] writing ../../../../build/serial_motor_demo/serial_motor_demo.egg-info/PKG-INFO
[3.523s] writing dependency_links to ../../../../build/serial_motor_demo/serial_motor_demo.egg-info/dependency_links.txt
[3.524s] writing entry points to ../../../../build/serial_motor_demo/serial_motor_demo.egg-info/entry_points.txt
[3.524s] writing requirements to ../../../../build/serial_motor_demo/serial_motor_demo.egg-info/requires.txt
[3.525s] writing top-level names to ../../../../build/serial_motor_demo/serial_motor_demo.egg-info/top_level.txt
[3.618s] reading manifest file '../../../../build/serial_motor_demo/serial_motor_demo.egg-info/SOURCES.txt'
[3.620s] writing manifest file '../../../../build/serial_motor_demo/serial_motor_demo.egg-info/SOURCES.txt'
[3.620s] running build
[3.621s] running build_py
[3.621s] copying serial_motor_demo/gui.py -> /home/noi/robogardener/build/serial_motor_demo/build/lib/serial_motor_demo
[3.622s] running install
[3.636s] running install_lib
[3.683s] copying /home/noi/robogardener/build/serial_motor_demo/build/lib/serial_motor_demo/gui.py -> /home/noi/robogardener/install/serial_motor_demo/lib/python3.12/site-packages/serial_motor_demo
[3.684s] byte-compiling /home/noi/robogardener/install/serial_motor_demo/lib/python3.12/site-packages/serial_motor_demo/gui.py to gui.cpython-312.pyc
[3.688s] running install_data
[3.689s] running install_egg_info
[3.741s] removing '/home/noi/robogardener/install/serial_motor_demo/lib/python3.12/site-packages/serial_motor_demo-0.0.0-py3.12.egg-info' (and everything under it)
[3.742s] Copying ../../../../build/serial_motor_demo/serial_motor_demo.egg-info to /home/noi/robogardener/install/serial_motor_demo/lib/python3.12/site-packages/serial_motor_demo-0.0.0-py3.12.egg-info
[3.744s] running install_scripts
[4.042s] Installing driver script to /home/noi/robogardener/install/serial_motor_demo/lib/serial_motor_demo
[4.043s] Installing gui script to /home/noi/robogardener/install/serial_motor_demo/lib/serial_motor_demo
[4.044s] writing list of installed files to '/home/noi/robogardener/build/serial_motor_demo/install.log'
[4.145s] Invoked command in '/home/noi/robogardener/scr/RoboGardener/serial_motor_demo/serial_motor_demo' returned '0': DEBUGINFOD_URLS=https://debuginfod.ubuntu.com PYTHONPATH=/home/noi/robogardener/build/serial_motor_demo/prefix_override:/usr/lib/python3/dist-packages/colcon_core/task/python/colcon_distutils_commands:/home/noi/robogardener/install/serial_motor_demo/lib/python3.12/site-packages:/home/noi/robogardener/install/serial_motor_demo_msgs/lib/python3.12/site-packages:/home/noi/robogardener/install/serial_motor_demo/lib/python3.12/site-packages:/opt/ros/rolling/lib/python3.12/site-packages /usr/bin/python3 -W ignore:setup.py install is deprecated setup.py egg_info --egg-base ../../../../build/serial_motor_demo build --build-base /home/noi/robogardener/build/serial_motor_demo/build install --record /home/noi/robogardener/build/serial_motor_demo/install.log --install-scripts $base/lib/serial_motor_demo --single-version-externally-managed install_data
