[0.017s] Invoking command in '/home/noi/robogardener/build/robogardener': CMAKE_PREFIX_PATH=${CMAKE_PREFIX_PATH}:/opt/ros/rolling DEBUGINFOD_URLS=https://debuginfod.ubuntu.com /usr/bin/cmake /home/noi/robogardener/scr/RoboGardener -DCMAKE_INSTALL_PREFIX=/home/noi/robogardener/install/robogardener
[0.132s] -- The C compiler identification is GNU 13.2.0
[0.252s] -- The CXX compiler identification is GNU 13.2.0
[0.295s] -- Detecting C compiler ABI info
[0.507s] -- Detecting C compiler ABI info - done
[0.521s] -- Check for working C compiler: /usr/bin/cc - skipped
[0.521s] -- Detecting C compile features
[0.522s] -- Detecting C compile features - done
[0.547s] -- Detecting CXX compiler ABI info
[0.738s] -- Detecting CXX compiler ABI info - done
[0.752s] -- Check for working CXX compiler: /usr/bin/c++ - skipped
[0.752s] -- Detecting CXX compile features
[0.752s] -- Detecting CXX compile features - done
[0.764s] -- Found ament_cmake: 2.7.0 (/opt/ros/rolling/share/ament_cmake/cmake)
[0.987s] -- Found Python3: /usr/bin/python3 (found version "3.12.3") found components: Interpreter 
[1.170s] -- Found rclcpp: 28.3.3 (/opt/ros/rolling/share/rclcpp/cmake)
[1.251s] -- Found rosidl_generator_c: 4.8.1 (/opt/ros/rolling/share/rosidl_generator_c/cmake)
[1.276s] -- Found rosidl_generator_cpp: 4.8.1 (/opt/ros/rolling/share/rosidl_generator_cpp/cmake)
[1.305s] -- Using all available rosidl_typesupport_c: rosidl_typesupport_fastrtps_c;rosidl_typesupport_introspection_c
[1.335s] -- Using all available rosidl_typesupport_cpp: rosidl_typesupport_fastrtps_cpp;rosidl_typesupport_introspection_cpp
[1.455s] -- Found rmw_implementation_cmake: 7.4.3 (/opt/ros/rolling/share/rmw_implementation_cmake/cmake)
[1.461s] -- Found rmw_fastrtps_cpp: 9.0.1 (/opt/ros/rolling/share/rmw_fastrtps_cpp/cmake)
[1.617s] -- Found OpenSSL: /usr/lib/x86_64-linux-gnu/libcrypto.so (found version "3.0.13")  
[1.645s] -- Found FastRTPS: /opt/ros/rolling/include (Required is at least version "2.13") 
[1.679s] -- Using RMW implementation 'rmw_fastrtps_cpp' as default
[1.788s] -- Found urdf: 2.12.0 (/opt/ros/rolling/share/urdf/cmake)
[1.816s] -- Found robot_state_publisher: 3.4.1 (/opt/ros/rolling/share/robot_state_publisher/cmake)
[2.107s] -- Found test_msgs: 2.2.0 (/opt/ros/rolling/share/test_msgs/cmake)
[2.259s] -- Configuring done (2.2s)
[2.267s] -- Generating done (0.0s)
[2.269s] -- Build files have been written to: /home/noi/robogardener/build/robogardener
[2.282s] Invoked command in '/home/noi/robogardener/build/robogardener' returned '0': CMAKE_PREFIX_PATH=${CMAKE_PREFIX_PATH}:/opt/ros/rolling DEBUGINFOD_URLS=https://debuginfod.ubuntu.com /usr/bin/cmake /home/noi/robogardener/scr/RoboGardener -DCMAKE_INSTALL_PREFIX=/home/noi/robogardener/install/robogardener
[2.286s] Invoking command in '/home/noi/robogardener/build/robogardener': CMAKE_PREFIX_PATH=${CMAKE_PREFIX_PATH}:/opt/ros/rolling DEBUGINFOD_URLS=https://debuginfod.ubuntu.com /usr/bin/cmake --build /home/noi/robogardener/build/robogardener -- -j8 -l8
[2.366s] Invoked command in '/home/noi/robogardener/build/robogardener' returned '0': CMAKE_PREFIX_PATH=${CMAKE_PREFIX_PATH}:/opt/ros/rolling DEBUGINFOD_URLS=https://debuginfod.ubuntu.com /usr/bin/cmake --build /home/noi/robogardener/build/robogardener -- -j8 -l8
[2.448s] Invoking command in '/home/noi/robogardener/build/robogardener': CMAKE_PREFIX_PATH=${CMAKE_PREFIX_PATH}:/opt/ros/rolling DEBUGINFOD_URLS=https://debuginfod.ubuntu.com /usr/bin/cmake --install /home/noi/robogardener/build/robogardener
[2.459s] -- Install configuration: ""
[2.459s] -- Installing: /home/noi/robogardener/install/robogardener/share/robogardener/description
[2.460s] -- Installing: /home/noi/robogardener/install/robogardener/share/robogardener/description/ros2_control.xacro
[2.460s] -- Installing: /home/noi/robogardener/install/robogardener/share/robogardener/description/core_model.xacro
[2.460s] -- Installing: /home/noi/robogardener/install/robogardener/share/robogardener/description/gazebo_sim
[2.460s] -- Installing: /home/noi/robogardener/install/robogardener/share/robogardener/description/gazebo_sim/empty_world.sdf
[2.465s] -- Installing: /home/noi/robogardener/install/robogardener/share/robogardener/description/gazebo_sim/batmobil_world.sdf
[2.465s] -- Installing: /home/noi/robogardener/install/robogardener/share/robogardener/description/robo.urdf.xacro
[2.465s] -- Installing: /home/noi/robogardener/install/robogardener/share/robogardener/description/gz_control.xacro
[2.465s] -- Installing: /home/noi/robogardener/install/robogardener/share/robogardener/description/roboter_frames
[2.466s] -- Installing: /home/noi/robogardener/install/robogardener/share/robogardener/description/roboter_frames/frames_2024-08-26_22.26.15.gv
[2.466s] -- Installing: /home/noi/robogardener/install/robogardener/share/robogardener/description/roboter_frames/frames_2024-08-26_22.26.15.pdf
[2.466s] -- Installing: /home/noi/robogardener/install/robogardener/share/robogardener/launch
[2.466s] -- Installing: /home/noi/robogardener/install/robogardener/share/robogardener/launch/__pycache__
[2.466s] -- Installing: /home/noi/robogardener/install/robogardener/share/robogardener/launch/__pycache__/rsp.launch.cpython-312.pyc
[2.467s] -- Installing: /home/noi/robogardener/install/robogardener/share/robogardener/launch/__pycache__/batmobil_view.launch.cpython-312.pyc
[2.467s] -- Installing: /home/noi/robogardener/install/robogardener/share/robogardener/launch/__pycache__/view_robot.launch.cpython-312.pyc
[2.467s] -- Installing: /home/noi/robogardener/install/robogardener/share/robogardener/launch/sim_gz.launch.py
[2.467s] -- Installing: /home/noi/robogardener/install/robogardener/share/robogardener/launch/view_robot.launch.py
[2.467s] -- Installing: /home/noi/robogardener/install/robogardener/share/robogardener/launch/rsp.launch.py
[2.468s] -- Installing: /home/noi/robogardener/install/robogardener/share/robogardener/launch/log
[2.468s] -- Installing: /home/noi/robogardener/install/robogardener/share/robogardener/launch/log/latest
[2.468s] -- Installing: /home/noi/robogardener/install/robogardener/share/robogardener/launch/log/COLCON_IGNORE
[2.468s] -- Installing: /home/noi/robogardener/install/robogardener/share/robogardener/launch/log/list_2024-11-03_19-07-45
[2.468s] -- Installing: /home/noi/robogardener/install/robogardener/share/robogardener/launch/log/list_2024-11-03_19-07-45/logger_all.log
[2.469s] -- Installing: /home/noi/robogardener/install/robogardener/share/robogardener/launch/log/list_2024-11-03_18-52-03
[2.469s] -- Installing: /home/noi/robogardener/install/robogardener/share/robogardener/launch/log/list_2024-11-03_18-52-03/logger_all.log
[2.469s] -- Installing: /home/noi/robogardener/install/robogardener/share/robogardener/launch/log/latest_list
[2.469s] -- Installing: /home/noi/robogardener/install/robogardener/share/robogardener/launch/batmobil_view.launch.py
[2.469s] -- Installing: /home/noi/robogardener/install/robogardener/share/robogardener/config
[2.470s] -- Installing: /home/noi/robogardener/install/robogardener/share/robogardener/config/robogardner_config.rviz
[2.470s] -- Installing: /home/noi/robogardener/install/robogardener/share/robogardener/config/batmobil_config.rviz
[2.470s] -- Installing: /home/noi/robogardener/install/robogardener/share/ament_index/resource_index/package_run_dependencies/robogardener
[2.470s] -- Installing: /home/noi/robogardener/install/robogardener/share/ament_index/resource_index/parent_prefix_path/robogardener
[2.470s] -- Installing: /home/noi/robogardener/install/robogardener/share/robogardener/environment/ament_prefix_path.sh
[2.471s] -- Installing: /home/noi/robogardener/install/robogardener/share/robogardener/environment/ament_prefix_path.dsv
[2.471s] -- Installing: /home/noi/robogardener/install/robogardener/share/robogardener/environment/path.sh
[2.471s] -- Installing: /home/noi/robogardener/install/robogardener/share/robogardener/environment/path.dsv
[2.471s] -- Installing: /home/noi/robogardener/install/robogardener/share/robogardener/local_setup.bash
[2.471s] -- Installing: /home/noi/robogardener/install/robogardener/share/robogardener/local_setup.sh
[2.472s] -- Installing: /home/noi/robogardener/install/robogardener/share/robogardener/local_setup.zsh
[2.472s] -- Installing: /home/noi/robogardener/install/robogardener/share/robogardener/local_setup.dsv
[2.472s] -- Installing: /home/noi/robogardener/install/robogardener/share/robogardener/package.dsv
[2.472s] -- Installing: /home/noi/robogardener/install/robogardener/share/ament_index/resource_index/packages/robogardener
[2.472s] -- Installing: /home/noi/robogardener/install/robogardener/share/robogardener/cmake/robogardenerConfig.cmake
[2.473s] -- Installing: /home/noi/robogardener/install/robogardener/share/robogardener/cmake/robogardenerConfig-version.cmake
[2.473s] -- Installing: /home/noi/robogardener/install/robogardener/share/robogardener/package.xml
[2.474s] Invoked command in '/home/noi/robogardener/build/robogardener' returned '0': CMAKE_PREFIX_PATH=${CMAKE_PREFIX_PATH}:/opt/ros/rolling DEBUGINFOD_URLS=https://debuginfod.ubuntu.com /usr/bin/cmake --install /home/noi/robogardener/build/robogardener
