[0.146s] DEBUG:colcon:Command line arguments: ['/usr/bin/colcon', 'build', '--packages-select', 'serial_motor_demo']
[0.147s] DEBUG:colcon:Parsed command line arguments: Namespace(log_base=None, log_level=None, verb_name='build', build_base='build', install_base='install', merge_install=False, symlink_install=False, test_result_base=None, continue_on_error=False, executor='parallel', parallel_workers=8, event_handlers=None, ignore_user_meta=False, metas=['./colcon.meta'], base_paths=['.'], packages_ignore=None, packages_ignore_regex=None, paths=None, packages_up_to=None, packages_up_to_regex=None, packages_above=None, packages_above_and_dependencies=None, packages_above_depth=None, packages_select_by_dep=None, packages_skip_by_dep=None, packages_skip_up_to=None, packages_select_build_failed=False, packages_skip_build_finished=False, packages_select_test_failures=False, packages_skip_test_passed=False, packages_select=['serial_motor_demo'], packages_skip=None, packages_select_regex=None, packages_skip_regex=None, packages_start=None, packages_end=None, allow_overriding=[], cmake_args=None, cmake_target=None, cmake_target_skip_unavailable=False, cmake_clean_cache=False, cmake_clean_first=False, cmake_force_configure=False, ament_cmake_args=None, catkin_cmake_args=None, catkin_skip_building_tests=False, mixin_files=None, mixin=None, verb_parser=<colcon_mixin.mixin.mixin_argument.MixinArgumentDecorator object at 0x7fae51b82de0>, verb_extension=<colcon_core.verb.build.BuildVerb object at 0x7fae51b82cf0>, main=<bound method BuildVerb.main of <colcon_core.verb.build.BuildVerb object at 0x7fae51b82cf0>>, mixin_verb=('build',))
[0.199s] Level 1:colcon.colcon_core.package_discovery:discover_packages(colcon_meta) check parameters
[0.199s] Level 1:colcon.colcon_core.package_discovery:discover_packages(recursive) check parameters
[0.199s] Level 1:colcon.colcon_core.package_discovery:discover_packages(ignore) check parameters
[0.199s] Level 1:colcon.colcon_core.package_discovery:discover_packages(path) check parameters
[0.199s] Level 1:colcon.colcon_core.package_discovery:discover_packages(colcon_meta) discover
[0.199s] Level 1:colcon.colcon_core.package_discovery:discover_packages(recursive) discover
[0.199s] INFO:colcon.colcon_core.package_discovery:Crawling recursively for packages in '/home/noi/robogardener'
[0.199s] Level 1:colcon.colcon_core.package_identification:_identify(.) by extensions ['ignore', 'ignore_ament_install']
[0.199s] Level 1:colcon.colcon_core.package_identification:_identify(.) by extension 'ignore'
[0.199s] Level 1:colcon.colcon_core.package_identification:_identify(.) by extension 'ignore_ament_install'
[0.199s] Level 1:colcon.colcon_core.package_identification:_identify(.) by extensions ['colcon_pkg']
[0.200s] Level 1:colcon.colcon_core.package_identification:_identify(.) by extension 'colcon_pkg'
[0.200s] Level 1:colcon.colcon_core.package_identification:_identify(.) by extensions ['colcon_meta']
[0.200s] Level 1:colcon.colcon_core.package_identification:_identify(.) by extension 'colcon_meta'
[0.200s] Level 1:colcon.colcon_core.package_identification:_identify(.) by extensions ['ros']
[0.200s] Level 1:colcon.colcon_core.package_identification:_identify(.) by extension 'ros'
[0.234s] Level 1:colcon.colcon_core.package_identification:_identify(.) by extensions ['cmake', 'python']
[0.234s] Level 1:colcon.colcon_core.package_identification:_identify(.) by extension 'cmake'
[0.235s] Level 1:colcon.colcon_core.package_identification:_identify(.) by extension 'python'
[0.235s] Level 1:colcon.colcon_core.package_identification:_identify(.) by extensions ['python_setup_py']
[0.235s] Level 1:colcon.colcon_core.package_identification:_identify(.) by extension 'python_setup_py'
[0.235s] Level 1:colcon.colcon_core.package_identification:_identify(build) by extensions ['ignore', 'ignore_ament_install']
[0.235s] Level 1:colcon.colcon_core.package_identification:_identify(build) by extension 'ignore'
[0.235s] Level 1:colcon.colcon_core.package_identification:_identify(build) ignored
[0.235s] Level 1:colcon.colcon_core.package_identification:_identify(install) by extensions ['ignore', 'ignore_ament_install']
[0.235s] Level 1:colcon.colcon_core.package_identification:_identify(install) by extension 'ignore'
[0.235s] Level 1:colcon.colcon_core.package_identification:_identify(install) ignored
[0.235s] Level 1:colcon.colcon_core.package_identification:_identify(log) by extensions ['ignore', 'ignore_ament_install']
[0.236s] Level 1:colcon.colcon_core.package_identification:_identify(log) by extension 'ignore'
[0.236s] Level 1:colcon.colcon_core.package_identification:_identify(log) ignored
[0.236s] Level 1:colcon.colcon_core.package_identification:_identify(scr) by extensions ['ignore', 'ignore_ament_install']
[0.236s] Level 1:colcon.colcon_core.package_identification:_identify(scr) by extension 'ignore'
[0.236s] Level 1:colcon.colcon_core.package_identification:_identify(scr) by extension 'ignore_ament_install'
[0.236s] Level 1:colcon.colcon_core.package_identification:_identify(scr) by extensions ['colcon_pkg']
[0.236s] Level 1:colcon.colcon_core.package_identification:_identify(scr) by extension 'colcon_pkg'
[0.236s] Level 1:colcon.colcon_core.package_identification:_identify(scr) by extensions ['colcon_meta']
[0.236s] Level 1:colcon.colcon_core.package_identification:_identify(scr) by extension 'colcon_meta'
[0.236s] Level 1:colcon.colcon_core.package_identification:_identify(scr) by extensions ['ros']
[0.236s] Level 1:colcon.colcon_core.package_identification:_identify(scr) by extension 'ros'
[0.236s] Level 1:colcon.colcon_core.package_identification:_identify(scr) by extensions ['cmake', 'python']
[0.236s] Level 1:colcon.colcon_core.package_identification:_identify(scr) by extension 'cmake'
[0.236s] Level 1:colcon.colcon_core.package_identification:_identify(scr) by extension 'python'
[0.237s] Level 1:colcon.colcon_core.package_identification:_identify(scr) by extensions ['python_setup_py']
[0.237s] Level 1:colcon.colcon_core.package_identification:_identify(scr) by extension 'python_setup_py'
[0.237s] Level 1:colcon.colcon_core.package_identification:_identify(scr/RoboGardener) by extensions ['ignore', 'ignore_ament_install']
[0.237s] Level 1:colcon.colcon_core.package_identification:_identify(scr/RoboGardener) by extension 'ignore'
[0.237s] Level 1:colcon.colcon_core.package_identification:_identify(scr/RoboGardener) by extension 'ignore_ament_install'
[0.237s] Level 1:colcon.colcon_core.package_identification:_identify(scr/RoboGardener) by extensions ['colcon_pkg']
[0.237s] Level 1:colcon.colcon_core.package_identification:_identify(scr/RoboGardener) by extension 'colcon_pkg'
[0.237s] Level 1:colcon.colcon_core.package_identification:_identify(scr/RoboGardener) by extensions ['colcon_meta']
[0.237s] Level 1:colcon.colcon_core.package_identification:_identify(scr/RoboGardener) by extension 'colcon_meta'
[0.237s] Level 1:colcon.colcon_core.package_identification:_identify(scr/RoboGardener) by extensions ['ros']
[0.237s] Level 1:colcon.colcon_core.package_identification:_identify(scr/RoboGardener) by extension 'ros'
[0.237s] Level 1:colcon.colcon_core.package_identification:_identify(scr/RoboGardener) by extensions ['cmake', 'python']
[0.237s] Level 1:colcon.colcon_core.package_identification:_identify(scr/RoboGardener) by extension 'cmake'
[0.237s] Level 1:colcon.colcon_core.package_identification:_identify(scr/RoboGardener) by extension 'python'
[0.237s] Level 1:colcon.colcon_core.package_identification:_identify(scr/RoboGardener) by extensions ['python_setup_py']
[0.237s] Level 1:colcon.colcon_core.package_identification:_identify(scr/RoboGardener) by extension 'python_setup_py'
[0.238s] Level 1:colcon.colcon_core.package_identification:_identify(scr/RoboGardener/images) by extensions ['ignore', 'ignore_ament_install']
[0.238s] Level 1:colcon.colcon_core.package_identification:_identify(scr/RoboGardener/images) by extension 'ignore'
[0.238s] Level 1:colcon.colcon_core.package_identification:_identify(scr/RoboGardener/images) by extension 'ignore_ament_install'
[0.238s] Level 1:colcon.colcon_core.package_identification:_identify(scr/RoboGardener/images) by extensions ['colcon_pkg']
[0.238s] Level 1:colcon.colcon_core.package_identification:_identify(scr/RoboGardener/images) by extension 'colcon_pkg'
[0.238s] Level 1:colcon.colcon_core.package_identification:_identify(scr/RoboGardener/images) by extensions ['colcon_meta']
[0.238s] Level 1:colcon.colcon_core.package_identification:_identify(scr/RoboGardener/images) by extension 'colcon_meta'
[0.238s] Level 1:colcon.colcon_core.package_identification:_identify(scr/RoboGardener/images) by extensions ['ros']
[0.238s] Level 1:colcon.colcon_core.package_identification:_identify(scr/RoboGardener/images) by extension 'ros'
[0.238s] Level 1:colcon.colcon_core.package_identification:_identify(scr/RoboGardener/images) by extensions ['cmake', 'python']
[0.238s] Level 1:colcon.colcon_core.package_identification:_identify(scr/RoboGardener/images) by extension 'cmake'
[0.238s] Level 1:colcon.colcon_core.package_identification:_identify(scr/RoboGardener/images) by extension 'python'
[0.238s] Level 1:colcon.colcon_core.package_identification:_identify(scr/RoboGardener/images) by extensions ['python_setup_py']
[0.238s] Level 1:colcon.colcon_core.package_identification:_identify(scr/RoboGardener/images) by extension 'python_setup_py'
[0.239s] Level 1:colcon.colcon_core.package_identification:_identify(scr/RoboGardener/model) by extensions ['ignore', 'ignore_ament_install']
[0.239s] Level 1:colcon.colcon_core.package_identification:_identify(scr/RoboGardener/model) by extension 'ignore'
[0.239s] Level 1:colcon.colcon_core.package_identification:_identify(scr/RoboGardener/model) by extension 'ignore_ament_install'
[0.239s] Level 1:colcon.colcon_core.package_identification:_identify(scr/RoboGardener/model) by extensions ['colcon_pkg']
[0.239s] Level 1:colcon.colcon_core.package_identification:_identify(scr/RoboGardener/model) by extension 'colcon_pkg'
[0.239s] Level 1:colcon.colcon_core.package_identification:_identify(scr/RoboGardener/model) by extensions ['colcon_meta']
[0.239s] Level 1:colcon.colcon_core.package_identification:_identify(scr/RoboGardener/model) by extension 'colcon_meta'
[0.239s] Level 1:colcon.colcon_core.package_identification:_identify(scr/RoboGardener/model) by extensions ['ros']
[0.239s] Level 1:colcon.colcon_core.package_identification:_identify(scr/RoboGardener/model) by extension 'ros'
[0.243s] DEBUG:colcon.colcon_core.package_identification:Package 'scr/RoboGardener/model' with type 'ros.ament_cmake' and name 'robogardener'
[0.243s] Level 1:colcon.colcon_core.package_identification:_identify(scr/RoboGardener/old) by extensions ['ignore', 'ignore_ament_install']
[0.243s] Level 1:colcon.colcon_core.package_identification:_identify(scr/RoboGardener/old) by extension 'ignore'
[0.243s] Level 1:colcon.colcon_core.package_identification:_identify(scr/RoboGardener/old) by extension 'ignore_ament_install'
[0.243s] Level 1:colcon.colcon_core.package_identification:_identify(scr/RoboGardener/old) by extensions ['colcon_pkg']
[0.243s] Level 1:colcon.colcon_core.package_identification:_identify(scr/RoboGardener/old) by extension 'colcon_pkg'
[0.243s] Level 1:colcon.colcon_core.package_identification:_identify(scr/RoboGardener/old) by extensions ['colcon_meta']
[0.243s] Level 1:colcon.colcon_core.package_identification:_identify(scr/RoboGardener/old) by extension 'colcon_meta'
[0.243s] Level 1:colcon.colcon_core.package_identification:_identify(scr/RoboGardener/old) by extensions ['ros']
[0.243s] Level 1:colcon.colcon_core.package_identification:_identify(scr/RoboGardener/old) by extension 'ros'
[0.244s] Level 1:colcon.colcon_core.package_identification:_identify(scr/RoboGardener/old) by extensions ['cmake', 'python']
[0.244s] Level 1:colcon.colcon_core.package_identification:_identify(scr/RoboGardener/old) by extension 'cmake'
[0.244s] Level 1:colcon.colcon_core.package_identification:_identify(scr/RoboGardener/old) by extension 'python'
[0.244s] Level 1:colcon.colcon_core.package_identification:_identify(scr/RoboGardener/old) by extensions ['python_setup_py']
[0.244s] Level 1:colcon.colcon_core.package_identification:_identify(scr/RoboGardener/old) by extension 'python_setup_py'
[0.244s] Level 1:colcon.colcon_core.package_identification:_identify(scr/RoboGardener/old/tryout) by extensions ['ignore', 'ignore_ament_install']
[0.244s] Level 1:colcon.colcon_core.package_identification:_identify(scr/RoboGardener/old/tryout) by extension 'ignore'
[0.244s] Level 1:colcon.colcon_core.package_identification:_identify(scr/RoboGardener/old/tryout) by extension 'ignore_ament_install'
[0.244s] Level 1:colcon.colcon_core.package_identification:_identify(scr/RoboGardener/old/tryout) by extensions ['colcon_pkg']
[0.244s] Level 1:colcon.colcon_core.package_identification:_identify(scr/RoboGardener/old/tryout) by extension 'colcon_pkg'
[0.244s] Level 1:colcon.colcon_core.package_identification:_identify(scr/RoboGardener/old/tryout) by extensions ['colcon_meta']
[0.244s] Level 1:colcon.colcon_core.package_identification:_identify(scr/RoboGardener/old/tryout) by extension 'colcon_meta'
[0.244s] Level 1:colcon.colcon_core.package_identification:_identify(scr/RoboGardener/old/tryout) by extensions ['ros']
[0.244s] Level 1:colcon.colcon_core.package_identification:_identify(scr/RoboGardener/old/tryout) by extension 'ros'
[0.245s] Level 1:colcon.colcon_core.package_identification:_identify(scr/RoboGardener/old/tryout) by extensions ['cmake', 'python']
[0.245s] Level 1:colcon.colcon_core.package_identification:_identify(scr/RoboGardener/old/tryout) by extension 'cmake'
[0.245s] Level 1:colcon.colcon_core.package_identification:_identify(scr/RoboGardener/old/tryout) by extension 'python'
[0.245s] Level 1:colcon.colcon_core.package_identification:_identify(scr/RoboGardener/old/tryout) by extensions ['python_setup_py']
[0.245s] Level 1:colcon.colcon_core.package_identification:_identify(scr/RoboGardener/old/tryout) by extension 'python_setup_py'
[0.245s] Level 1:colcon.colcon_core.package_identification:_identify(scr/RoboGardener/old/tryout/configfils) by extensions ['ignore', 'ignore_ament_install']
[0.245s] Level 1:colcon.colcon_core.package_identification:_identify(scr/RoboGardener/old/tryout/configfils) by extension 'ignore'
[0.245s] Level 1:colcon.colcon_core.package_identification:_identify(scr/RoboGardener/old/tryout/configfils) by extension 'ignore_ament_install'
[0.245s] Level 1:colcon.colcon_core.package_identification:_identify(scr/RoboGardener/old/tryout/configfils) by extensions ['colcon_pkg']
[0.245s] Level 1:colcon.colcon_core.package_identification:_identify(scr/RoboGardener/old/tryout/configfils) by extension 'colcon_pkg'
[0.245s] Level 1:colcon.colcon_core.package_identification:_identify(scr/RoboGardener/old/tryout/configfils) by extensions ['colcon_meta']
[0.245s] Level 1:colcon.colcon_core.package_identification:_identify(scr/RoboGardener/old/tryout/configfils) by extension 'colcon_meta'
[0.245s] Level 1:colcon.colcon_core.package_identification:_identify(scr/RoboGardener/old/tryout/configfils) by extensions ['ros']
[0.245s] Level 1:colcon.colcon_core.package_identification:_identify(scr/RoboGardener/old/tryout/configfils) by extension 'ros'
[0.246s] Level 1:colcon.colcon_core.package_identification:_identify(scr/RoboGardener/old/tryout/configfils) by extensions ['cmake', 'python']
[0.246s] Level 1:colcon.colcon_core.package_identification:_identify(scr/RoboGardener/old/tryout/configfils) by extension 'cmake'
[0.246s] Level 1:colcon.colcon_core.package_identification:_identify(scr/RoboGardener/old/tryout/configfils) by extension 'python'
[0.246s] Level 1:colcon.colcon_core.package_identification:_identify(scr/RoboGardener/old/tryout/configfils) by extensions ['python_setup_py']
[0.246s] Level 1:colcon.colcon_core.package_identification:_identify(scr/RoboGardener/old/tryout/configfils) by extension 'python_setup_py'
[0.246s] Level 1:colcon.colcon_core.package_identification:_identify(scr/RoboGardener/report2) by extensions ['ignore', 'ignore_ament_install']
[0.246s] Level 1:colcon.colcon_core.package_identification:_identify(scr/RoboGardener/report2) by extension 'ignore'
[0.246s] Level 1:colcon.colcon_core.package_identification:_identify(scr/RoboGardener/report2) by extension 'ignore_ament_install'
[0.246s] Level 1:colcon.colcon_core.package_identification:_identify(scr/RoboGardener/report2) by extensions ['colcon_pkg']
[0.246s] Level 1:colcon.colcon_core.package_identification:_identify(scr/RoboGardener/report2) by extension 'colcon_pkg'
[0.246s] Level 1:colcon.colcon_core.package_identification:_identify(scr/RoboGardener/report2) by extensions ['colcon_meta']
[0.246s] Level 1:colcon.colcon_core.package_identification:_identify(scr/RoboGardener/report2) by extension 'colcon_meta'
[0.246s] Level 1:colcon.colcon_core.package_identification:_identify(scr/RoboGardener/report2) by extensions ['ros']
[0.246s] Level 1:colcon.colcon_core.package_identification:_identify(scr/RoboGardener/report2) by extension 'ros'
[0.246s] Level 1:colcon.colcon_core.package_identification:_identify(scr/RoboGardener/report2) by extensions ['cmake', 'python']
[0.247s] Level 1:colcon.colcon_core.package_identification:_identify(scr/RoboGardener/report2) by extension 'cmake'
[0.247s] Level 1:colcon.colcon_core.package_identification:_identify(scr/RoboGardener/report2) by extension 'python'
[0.247s] Level 1:colcon.colcon_core.package_identification:_identify(scr/RoboGardener/report2) by extensions ['python_setup_py']
[0.247s] Level 1:colcon.colcon_core.package_identification:_identify(scr/RoboGardener/report2) by extension 'python_setup_py'
[0.247s] Level 1:colcon.colcon_core.package_identification:_identify(scr/RoboGardener/serial_motor_demo) by extensions ['ignore', 'ignore_ament_install']
[0.247s] Level 1:colcon.colcon_core.package_identification:_identify(scr/RoboGardener/serial_motor_demo) by extension 'ignore'
[0.247s] Level 1:colcon.colcon_core.package_identification:_identify(scr/RoboGardener/serial_motor_demo) by extension 'ignore_ament_install'
[0.247s] Level 1:colcon.colcon_core.package_identification:_identify(scr/RoboGardener/serial_motor_demo) by extensions ['colcon_pkg']
[0.247s] Level 1:colcon.colcon_core.package_identification:_identify(scr/RoboGardener/serial_motor_demo) by extension 'colcon_pkg'
[0.247s] Level 1:colcon.colcon_core.package_identification:_identify(scr/RoboGardener/serial_motor_demo) by extensions ['colcon_meta']
[0.247s] Level 1:colcon.colcon_core.package_identification:_identify(scr/RoboGardener/serial_motor_demo) by extension 'colcon_meta'
[0.247s] Level 1:colcon.colcon_core.package_identification:_identify(scr/RoboGardener/serial_motor_demo) by extensions ['ros']
[0.247s] Level 1:colcon.colcon_core.package_identification:_identify(scr/RoboGardener/serial_motor_demo) by extension 'ros'
[0.247s] Level 1:colcon.colcon_core.package_identification:_identify(scr/RoboGardener/serial_motor_demo) by extensions ['cmake', 'python']
[0.247s] Level 1:colcon.colcon_core.package_identification:_identify(scr/RoboGardener/serial_motor_demo) by extension 'cmake'
[0.248s] Level 1:colcon.colcon_core.package_identification:_identify(scr/RoboGardener/serial_motor_demo) by extension 'python'
[0.248s] Level 1:colcon.colcon_core.package_identification:_identify(scr/RoboGardener/serial_motor_demo) by extensions ['python_setup_py']
[0.248s] Level 1:colcon.colcon_core.package_identification:_identify(scr/RoboGardener/serial_motor_demo) by extension 'python_setup_py'
[0.248s] Level 1:colcon.colcon_core.package_identification:_identify(scr/RoboGardener/serial_motor_demo/serial_motor_demo) by extensions ['ignore', 'ignore_ament_install']
[0.248s] Level 1:colcon.colcon_core.package_identification:_identify(scr/RoboGardener/serial_motor_demo/serial_motor_demo) by extension 'ignore'
[0.248s] Level 1:colcon.colcon_core.package_identification:_identify(scr/RoboGardener/serial_motor_demo/serial_motor_demo) by extension 'ignore_ament_install'
[0.248s] Level 1:colcon.colcon_core.package_identification:_identify(scr/RoboGardener/serial_motor_demo/serial_motor_demo) by extensions ['colcon_pkg']
[0.248s] Level 1:colcon.colcon_core.package_identification:_identify(scr/RoboGardener/serial_motor_demo/serial_motor_demo) by extension 'colcon_pkg'
[0.248s] Level 1:colcon.colcon_core.package_identification:_identify(scr/RoboGardener/serial_motor_demo/serial_motor_demo) by extensions ['colcon_meta']
[0.248s] Level 1:colcon.colcon_core.package_identification:_identify(scr/RoboGardener/serial_motor_demo/serial_motor_demo) by extension 'colcon_meta'
[0.248s] Level 1:colcon.colcon_core.package_identification:_identify(scr/RoboGardener/serial_motor_demo/serial_motor_demo) by extensions ['ros']
[0.248s] Level 1:colcon.colcon_core.package_identification:_identify(scr/RoboGardener/serial_motor_demo/serial_motor_demo) by extension 'ros'
[0.249s] DEBUG:colcon.colcon_core.package_identification:Package 'scr/RoboGardener/serial_motor_demo/serial_motor_demo' with type 'ros.ament_python' and name 'serial_motor_demo'
[0.249s] Level 1:colcon.colcon_core.package_identification:_identify(scr/RoboGardener/serial_motor_demo/serial_motor_demo_msgs) by extensions ['ignore', 'ignore_ament_install']
[0.249s] Level 1:colcon.colcon_core.package_identification:_identify(scr/RoboGardener/serial_motor_demo/serial_motor_demo_msgs) by extension 'ignore'
[0.250s] Level 1:colcon.colcon_core.package_identification:_identify(scr/RoboGardener/serial_motor_demo/serial_motor_demo_msgs) by extension 'ignore_ament_install'
[0.250s] Level 1:colcon.colcon_core.package_identification:_identify(scr/RoboGardener/serial_motor_demo/serial_motor_demo_msgs) by extensions ['colcon_pkg']
[0.250s] Level 1:colcon.colcon_core.package_identification:_identify(scr/RoboGardener/serial_motor_demo/serial_motor_demo_msgs) by extension 'colcon_pkg'
[0.250s] Level 1:colcon.colcon_core.package_identification:_identify(scr/RoboGardener/serial_motor_demo/serial_motor_demo_msgs) by extensions ['colcon_meta']
[0.250s] Level 1:colcon.colcon_core.package_identification:_identify(scr/RoboGardener/serial_motor_demo/serial_motor_demo_msgs) by extension 'colcon_meta'
[0.250s] Level 1:colcon.colcon_core.package_identification:_identify(scr/RoboGardener/serial_motor_demo/serial_motor_demo_msgs) by extensions ['ros']
[0.250s] Level 1:colcon.colcon_core.package_identification:_identify(scr/RoboGardener/serial_motor_demo/serial_motor_demo_msgs) by extension 'ros'
[0.250s] DEBUG:colcon.colcon_core.package_identification:Package 'scr/RoboGardener/serial_motor_demo/serial_motor_demo_msgs' with type 'ros.ament_cmake' and name 'serial_motor_demo_msgs'
[0.251s] Level 1:colcon.colcon_core.package_discovery:discover_packages(recursive) using defaults
[0.251s] Level 1:colcon.colcon_core.package_discovery:discover_packages(ignore) discover
[0.251s] Level 1:colcon.colcon_core.package_discovery:discover_packages(ignore) using defaults
[0.251s] Level 1:colcon.colcon_core.package_discovery:discover_packages(path) discover
[0.251s] Level 1:colcon.colcon_core.package_discovery:discover_packages(path) using defaults
[0.273s] INFO:colcon.colcon_core.package_selection:Skipping not selected package 'robogardener' in 'scr/RoboGardener/model'
[0.273s] INFO:colcon.colcon_core.package_selection:Skipping not selected package 'serial_motor_demo_msgs' in 'scr/RoboGardener/serial_motor_demo/serial_motor_demo_msgs'
[0.274s] Level 1:colcon.colcon_core.package_discovery:discover_packages(prefix_path) check parameters
[0.274s] Level 1:colcon.colcon_core.package_discovery:discover_packages(prefix_path) discover
[0.276s] DEBUG:colcon.colcon_installed_package_information.package_discovery:Found 2 installed packages in /home/noi/robogardener/install
[0.279s] DEBUG:colcon.colcon_installed_package_information.package_discovery:Found 362 installed packages in /opt/ros/rolling
[0.280s] Level 1:colcon.colcon_core.package_discovery:discover_packages(prefix_path) using defaults
[0.350s] Level 5:colcon.colcon_core.verb:set package 'serial_motor_demo' build argument 'cmake_args' from command line to 'None'
[0.350s] Level 5:colcon.colcon_core.verb:set package 'serial_motor_demo' build argument 'cmake_target' from command line to 'None'
[0.350s] Level 5:colcon.colcon_core.verb:set package 'serial_motor_demo' build argument 'cmake_target_skip_unavailable' from command line to 'False'
[0.350s] Level 5:colcon.colcon_core.verb:set package 'serial_motor_demo' build argument 'cmake_clean_cache' from command line to 'False'
[0.350s] Level 5:colcon.colcon_core.verb:set package 'serial_motor_demo' build argument 'cmake_clean_first' from command line to 'False'
[0.350s] Level 5:colcon.colcon_core.verb:set package 'serial_motor_demo' build argument 'cmake_force_configure' from command line to 'False'
[0.351s] Level 5:colcon.colcon_core.verb:set package 'serial_motor_demo' build argument 'ament_cmake_args' from command line to 'None'
[0.351s] Level 5:colcon.colcon_core.verb:set package 'serial_motor_demo' build argument 'catkin_cmake_args' from command line to 'None'
[0.351s] Level 5:colcon.colcon_core.verb:set package 'serial_motor_demo' build argument 'catkin_skip_building_tests' from command line to 'False'
[0.351s] DEBUG:colcon.colcon_core.verb:Building package 'serial_motor_demo' with the following arguments: {'ament_cmake_args': None, 'build_base': '/home/noi/robogardener/build/serial_motor_demo', 'catkin_cmake_args': None, 'catkin_skip_building_tests': False, 'cmake_args': None, 'cmake_clean_cache': False, 'cmake_clean_first': False, 'cmake_force_configure': False, 'cmake_target': None, 'cmake_target_skip_unavailable': False, 'install_base': '/home/noi/robogardener/install/serial_motor_demo', 'merge_install': False, 'path': '/home/noi/robogardener/scr/RoboGardener/serial_motor_demo/serial_motor_demo', 'symlink_install': False, 'test_result_base': None}
[0.351s] INFO:colcon.colcon_core.executor:Executing jobs using 'parallel' executor
[0.352s] DEBUG:colcon.colcon_parallel_executor.executor.parallel:run_until_complete
[0.352s] INFO:colcon.colcon_ros.task.ament_python.build:Building ROS package in '/home/noi/robogardener/scr/RoboGardener/serial_motor_demo/serial_motor_demo' with build type 'ament_python'
[0.353s] Level 1:colcon.colcon_core.shell:create_environment_hook('serial_motor_demo', 'ament_prefix_path')
[0.355s] INFO:colcon.colcon_core.plugin_system:Skipping extension 'colcon_core.shell.bat': Not used on non-Windows systems
[0.356s] INFO:colcon.colcon_core.shell:Creating environment hook '/home/noi/robogardener/install/serial_motor_demo/share/serial_motor_demo/hook/ament_prefix_path.ps1'
[0.356s] INFO:colcon.colcon_core.shell:Creating environment descriptor '/home/noi/robogardener/install/serial_motor_demo/share/serial_motor_demo/hook/ament_prefix_path.dsv'
[0.357s] INFO:colcon.colcon_core.shell:Creating environment hook '/home/noi/robogardener/install/serial_motor_demo/share/serial_motor_demo/hook/ament_prefix_path.sh'
[0.358s] INFO:colcon.colcon_core.shell:Skip shell extension 'powershell' for command environment: Not usable outside of PowerShell
[0.358s] DEBUG:colcon.colcon_core.shell:Skip shell extension 'dsv' for command environment
[0.787s] INFO:colcon.colcon_core.task.python.build:Building Python package in '/home/noi/robogardener/scr/RoboGardener/serial_motor_demo/serial_motor_demo'
[0.788s] INFO:colcon.colcon_core.shell:Skip shell extension 'powershell' for command environment: Not usable outside of PowerShell
[0.788s] DEBUG:colcon.colcon_core.shell:Skip shell extension 'dsv' for command environment
[2.032s] DEBUG:colcon.colcon_core.event_handler.log_command:Invoking command in '/home/noi/robogardener/scr/RoboGardener/serial_motor_demo/serial_motor_demo': AMENT_PREFIX_PATH=/home/noi/robogardener/install/serial_motor_demo_msgs:${AMENT_PREFIX_PATH} CMAKE_PREFIX_PATH=/home/noi/robogardener/install/serial_motor_demo_msgs:${CMAKE_PREFIX_PATH} DEBUGINFOD_URLS=https://debuginfod.ubuntu.com LD_LIBRARY_PATH=/home/noi/robogardener/install/serial_motor_demo_msgs/lib:${LD_LIBRARY_PATH} PYTHONPATH=/home/noi/robogardener/build/serial_motor_demo/prefix_override:/usr/lib/python3/dist-packages/colcon_core/task/python/colcon_distutils_commands:/home/noi/robogardener/install/serial_motor_demo/lib/python3.12/site-packages:/home/noi/robogardener/install/serial_motor_demo_msgs/lib/python3.12/site-packages:${PYTHONPATH} /usr/bin/python3 -W ignore:setup.py install is deprecated setup.py egg_info --egg-base ../../../../build/serial_motor_demo build --build-base /home/noi/robogardener/build/serial_motor_demo/build install --record /home/noi/robogardener/build/serial_motor_demo/install.log --install-scripts $base/lib/serial_motor_demo --single-version-externally-managed install_data
[3.020s] DEBUG:colcon.colcon_core.event_handler.log_command:Invoked command in '/home/noi/robogardener/scr/RoboGardener/serial_motor_demo/serial_motor_demo' returned '0': AMENT_PREFIX_PATH=/home/noi/robogardener/install/serial_motor_demo_msgs:${AMENT_PREFIX_PATH} CMAKE_PREFIX_PATH=/home/noi/robogardener/install/serial_motor_demo_msgs:${CMAKE_PREFIX_PATH} DEBUGINFOD_URLS=https://debuginfod.ubuntu.com LD_LIBRARY_PATH=/home/noi/robogardener/install/serial_motor_demo_msgs/lib:${LD_LIBRARY_PATH} PYTHONPATH=/home/noi/robogardener/build/serial_motor_demo/prefix_override:/usr/lib/python3/dist-packages/colcon_core/task/python/colcon_distutils_commands:/home/noi/robogardener/install/serial_motor_demo/lib/python3.12/site-packages:/home/noi/robogardener/install/serial_motor_demo_msgs/lib/python3.12/site-packages:${PYTHONPATH} /usr/bin/python3 -W ignore:setup.py install is deprecated setup.py egg_info --egg-base ../../../../build/serial_motor_demo build --build-base /home/noi/robogardener/build/serial_motor_demo/build install --record /home/noi/robogardener/build/serial_motor_demo/install.log --install-scripts $base/lib/serial_motor_demo --single-version-externally-managed install_data
[3.023s] Level 1:colcon.colcon_core.environment:checking '/home/noi/robogardener/install/serial_motor_demo' for CMake module files
[3.024s] Level 1:colcon.colcon_core.environment:checking '/home/noi/robogardener/install/serial_motor_demo' for CMake config files
[3.024s] Level 1:colcon.colcon_core.environment:checking '/home/noi/robogardener/install/serial_motor_demo/lib'
[3.025s] Level 1:colcon.colcon_core.environment:checking '/home/noi/robogardener/install/serial_motor_demo/bin'
[3.025s] Level 1:colcon.colcon_core.environment:checking '/home/noi/robogardener/install/serial_motor_demo/lib/pkgconfig/serial_motor_demo.pc'
[3.025s] Level 1:colcon.colcon_core.environment:checking '/home/noi/robogardener/install/serial_motor_demo/lib/python3.12/site-packages'
[3.025s] Level 1:colcon.colcon_core.shell:create_environment_hook('serial_motor_demo', 'pythonpath')
[3.025s] INFO:colcon.colcon_core.shell:Creating environment hook '/home/noi/robogardener/install/serial_motor_demo/share/serial_motor_demo/hook/pythonpath.ps1'
[3.026s] INFO:colcon.colcon_core.shell:Creating environment descriptor '/home/noi/robogardener/install/serial_motor_demo/share/serial_motor_demo/hook/pythonpath.dsv'
[3.026s] INFO:colcon.colcon_core.shell:Creating environment hook '/home/noi/robogardener/install/serial_motor_demo/share/serial_motor_demo/hook/pythonpath.sh'
[3.027s] Level 1:colcon.colcon_core.environment:checking '/home/noi/robogardener/install/serial_motor_demo/bin'
[3.027s] Level 1:colcon.colcon_core.environment:create_environment_scripts_only(serial_motor_demo)
[3.027s] INFO:colcon.colcon_core.shell:Creating package script '/home/noi/robogardener/install/serial_motor_demo/share/serial_motor_demo/package.ps1'
[3.028s] INFO:colcon.colcon_core.shell:Creating package descriptor '/home/noi/robogardener/install/serial_motor_demo/share/serial_motor_demo/package.dsv'
[3.029s] INFO:colcon.colcon_core.shell:Creating package script '/home/noi/robogardener/install/serial_motor_demo/share/serial_motor_demo/package.sh'
[3.030s] INFO:colcon.colcon_core.shell:Creating package script '/home/noi/robogardener/install/serial_motor_demo/share/serial_motor_demo/package.bash'
[3.031s] INFO:colcon.colcon_core.shell:Creating package script '/home/noi/robogardener/install/serial_motor_demo/share/serial_motor_demo/package.zsh'
[3.031s] Level 1:colcon.colcon_core.environment:create_file_with_runtime_dependencies(/home/noi/robogardener/install/serial_motor_demo/share/colcon-core/packages/serial_motor_demo)
[3.032s] DEBUG:colcon.colcon_parallel_executor.executor.parallel:closing loop
[3.032s] DEBUG:colcon.colcon_parallel_executor.executor.parallel:loop closed
[3.032s] DEBUG:colcon.colcon_parallel_executor.executor.parallel:run_until_complete finished with '0'
[3.032s] DEBUG:colcon.colcon_core.event_reactor:joining thread
[3.050s] INFO:colcon.colcon_core.plugin_system:Skipping extension 'colcon_notification.desktop_notification.terminal_notifier': Not used on non-Darwin systems
[3.051s] INFO:colcon.colcon_core.plugin_system:Skipping extension 'colcon_notification.desktop_notification.win32': Not used on non-Windows systems
[3.051s] INFO:colcon.colcon_notification.desktop_notification:Sending desktop notification using 'notify2'
[3.085s] DEBUG:colcon.colcon_core.event_reactor:joined thread
[3.086s] INFO:colcon.colcon_core.shell:Creating prefix script '/home/noi/robogardener/install/local_setup.ps1'
[3.088s] INFO:colcon.colcon_core.shell:Creating prefix util module '/home/noi/robogardener/install/_local_setup_util_ps1.py'
[3.091s] INFO:colcon.colcon_core.shell:Creating prefix chain script '/home/noi/robogardener/install/setup.ps1'
[3.094s] INFO:colcon.colcon_core.shell:Creating prefix script '/home/noi/robogardener/install/local_setup.sh'
[3.096s] INFO:colcon.colcon_core.shell:Creating prefix util module '/home/noi/robogardener/install/_local_setup_util_sh.py'
[3.098s] INFO:colcon.colcon_core.shell:Creating prefix chain script '/home/noi/robogardener/install/setup.sh'
[3.102s] INFO:colcon.colcon_core.shell:Creating prefix script '/home/noi/robogardener/install/local_setup.bash'
[3.103s] INFO:colcon.colcon_core.shell:Creating prefix chain script '/home/noi/robogardener/install/setup.bash'
[3.107s] INFO:colcon.colcon_core.shell:Creating prefix script '/home/noi/robogardener/install/local_setup.zsh'
[3.108s] INFO:colcon.colcon_core.shell:Creating prefix chain script '/home/noi/robogardener/install/setup.zsh'
