[0.033s] Invoking command in '/home/noi/robogardener/build/serial_motor_demo_msgs': CMAKE_PREFIX_PATH=${CMAKE_PREFIX_PATH}:/home/noi/robogardener/install/serial_motor_demo:/opt/ros/rolling DEBUGINFOD_URLS=https://debuginfod.ubuntu.com /usr/bin/cmake --build /home/noi/robogardener/build/serial_motor_demo_msgs -- -j8 -l8
[0.179s] [  1%] Built target serial_motor_demo_msgs__rosidl_generator_type_description
[0.206s] [  1%] Built target ament_cmake_python_symlink_serial_motor_demo_msgs
[0.235s] [  3%] Built target serial_motor_demo_msgs__cpp
[0.242s] [ 24%] Built target serial_motor_demo_msgs__rosidl_generator_c
[0.335s] [ 33%] Built target serial_motor_demo_msgs__rosidl_typesupport_c
[0.345s] [ 42%] Built target serial_motor_demo_msgs__rosidl_typesupport_introspection_c
[0.350s] [ 51%] Built target serial_motor_demo_msgs__rosidl_typesupport_cpp
[0.357s] [ 61%] Built target serial_motor_demo_msgs__rosidl_typesupport_introspection_cpp
[0.363s] [ 70%] Built target serial_motor_demo_msgs__rosidl_typesupport_fastrtps_c
[0.365s] [ 79%] Built target serial_motor_demo_msgs__rosidl_typesupport_fastrtps_cpp
[0.443s] [ 79%] Built target serial_motor_demo_msgs
[0.522s] [ 81%] Built target serial_motor_demo_msgs__py
[0.597s] [ 88%] Built target serial_motor_demo_msgs__rosidl_generator_py
[0.670s] [ 96%] Built target serial_motor_demo_msgs_s__rosidl_typesupport_introspection_c
[0.670s] [ 96%] Built target serial_motor_demo_msgs_s__rosidl_typesupport_c
[0.676s] [100%] Built target serial_motor_demo_msgs_s__rosidl_typesupport_fastrtps_c
[0.818s] running egg_info
[0.863s] writing serial_motor_demo_msgs.egg-info/PKG-INFO
[0.864s] writing dependency_links to serial_motor_demo_msgs.egg-info/dependency_links.txt
[0.864s] writing top-level names to serial_motor_demo_msgs.egg-info/top_level.txt
[0.990s] reading manifest file 'serial_motor_demo_msgs.egg-info/SOURCES.txt'
[0.990s] writing manifest file 'serial_motor_demo_msgs.egg-info/SOURCES.txt'
[1.080s] [100%] Built target ament_cmake_python_build_serial_motor_demo_msgs_egg
[1.111s] Invoked command in '/home/noi/robogardener/build/serial_motor_demo_msgs' returned '0': CMAKE_PREFIX_PATH=${CMAKE_PREFIX_PATH}:/home/noi/robogardener/install/serial_motor_demo:/opt/ros/rolling DEBUGINFOD_URLS=https://debuginfod.ubuntu.com /usr/bin/cmake --build /home/noi/robogardener/build/serial_motor_demo_msgs -- -j8 -l8
[1.443s] Invoking command in '/home/noi/robogardener/build/serial_motor_demo_msgs': CMAKE_PREFIX_PATH=${CMAKE_PREFIX_PATH}:/home/noi/robogardener/install/serial_motor_demo:/opt/ros/rolling DEBUGINFOD_URLS=https://debuginfod.ubuntu.com /usr/bin/cmake --install /home/noi/robogardener/build/serial_motor_demo_msgs
[1.472s] -- Install configuration: ""
[1.473s] -- Execute custom install script
[1.473s] -- Up-to-date symlink: /home/noi/robogardener/install/serial_motor_demo_msgs/share/ament_index/resource_index/rosidl_interfaces/serial_motor_demo_msgs
[1.473s] -- Up-to-date symlink: /home/noi/robogardener/install/serial_motor_demo_msgs/share/serial_motor_demo_msgs/msg/MotorCommand.json
[1.474s] -- Up-to-date symlink: /home/noi/robogardener/install/serial_motor_demo_msgs/share/serial_motor_demo_msgs/msg/MotorVels.json
[1.474s] -- Up-to-date symlink: /home/noi/robogardener/install/serial_motor_demo_msgs/share/serial_motor_demo_msgs/msg/EncoderVals.json
[1.475s] -- Up-to-date symlink: /home/noi/robogardener/install/serial_motor_demo_msgs/include/serial_motor_demo_msgs/serial_motor_demo_msgs/msg/detail/encoder_vals__functions.h
[1.476s] -- Up-to-date symlink: /home/noi/robogardener/install/serial_motor_demo_msgs/include/serial_motor_demo_msgs/serial_motor_demo_msgs/msg/detail/encoder_vals__struct.h
[1.476s] -- Up-to-date symlink: /home/noi/robogardener/install/serial_motor_demo_msgs/include/serial_motor_demo_msgs/serial_motor_demo_msgs/msg/detail/encoder_vals__type_support.h
[1.476s] -- Up-to-date symlink: /home/noi/robogardener/install/serial_motor_demo_msgs/include/serial_motor_demo_msgs/serial_motor_demo_msgs/msg/detail/motor_command__functions.h
[1.476s] -- Up-to-date symlink: /home/noi/robogardener/install/serial_motor_demo_msgs/include/serial_motor_demo_msgs/serial_motor_demo_msgs/msg/detail/motor_command__struct.h
[1.477s] -- Up-to-date symlink: /home/noi/robogardener/install/serial_motor_demo_msgs/include/serial_motor_demo_msgs/serial_motor_demo_msgs/msg/detail/motor_command__type_support.h
[1.477s] -- Up-to-date symlink: /home/noi/robogardener/install/serial_motor_demo_msgs/include/serial_motor_demo_msgs/serial_motor_demo_msgs/msg/detail/motor_vels__functions.h
[1.477s] -- Up-to-date symlink: /home/noi/robogardener/install/serial_motor_demo_msgs/include/serial_motor_demo_msgs/serial_motor_demo_msgs/msg/detail/motor_vels__struct.h
[1.477s] -- Up-to-date symlink: /home/noi/robogardener/install/serial_motor_demo_msgs/include/serial_motor_demo_msgs/serial_motor_demo_msgs/msg/detail/motor_vels__type_support.h
[1.478s] -- Up-to-date symlink: /home/noi/robogardener/install/serial_motor_demo_msgs/include/serial_motor_demo_msgs/serial_motor_demo_msgs/msg/encoder_vals.h
[1.478s] -- Up-to-date symlink: /home/noi/robogardener/install/serial_motor_demo_msgs/include/serial_motor_demo_msgs/serial_motor_demo_msgs/msg/motor_command.h
[1.478s] -- Up-to-date symlink: /home/noi/robogardener/install/serial_motor_demo_msgs/include/serial_motor_demo_msgs/serial_motor_demo_msgs/msg/motor_vels.h
[1.478s] -- Up-to-date symlink: /home/noi/robogardener/install/serial_motor_demo_msgs/include/serial_motor_demo_msgs/serial_motor_demo_msgs/msg/rosidl_generator_c__visibility_control.h
[1.478s] -- Up-to-date symlink: /home/noi/robogardener/install/serial_motor_demo_msgs/share/serial_motor_demo_msgs/environment/library_path.sh
[1.479s] -- Up-to-date symlink: /home/noi/robogardener/install/serial_motor_demo_msgs/share/serial_motor_demo_msgs/environment/library_path.dsv
[1.480s] -- Up-to-date symlink: /home/noi/robogardener/install/serial_motor_demo_msgs/include/serial_motor_demo_msgs/serial_motor_demo_msgs/msg/detail/encoder_vals__rosidl_typesupport_fastrtps_c.h
[1.480s] -- Up-to-date symlink: /home/noi/robogardener/install/serial_motor_demo_msgs/include/serial_motor_demo_msgs/serial_motor_demo_msgs/msg/detail/motor_command__rosidl_typesupport_fastrtps_c.h
[1.480s] -- Up-to-date symlink: /home/noi/robogardener/install/serial_motor_demo_msgs/include/serial_motor_demo_msgs/serial_motor_demo_msgs/msg/detail/motor_vels__rosidl_typesupport_fastrtps_c.h
[1.481s] -- Up-to-date symlink: /home/noi/robogardener/install/serial_motor_demo_msgs/include/serial_motor_demo_msgs/serial_motor_demo_msgs/msg/rosidl_typesupport_fastrtps_c__visibility_control.h
[1.481s] -- Up-to-date symlink: /home/noi/robogardener/install/serial_motor_demo_msgs/include/serial_motor_demo_msgs/serial_motor_demo_msgs/msg/detail/encoder_vals__rosidl_typesupport_introspection_c.h
[1.482s] -- Up-to-date symlink: /home/noi/robogardener/install/serial_motor_demo_msgs/include/serial_motor_demo_msgs/serial_motor_demo_msgs/msg/detail/motor_command__rosidl_typesupport_introspection_c.h
[1.482s] -- Up-to-date symlink: /home/noi/robogardener/install/serial_motor_demo_msgs/include/serial_motor_demo_msgs/serial_motor_demo_msgs/msg/detail/motor_vels__rosidl_typesupport_introspection_c.h
[1.482s] -- Up-to-date symlink: /home/noi/robogardener/install/serial_motor_demo_msgs/include/serial_motor_demo_msgs/serial_motor_demo_msgs/msg/rosidl_typesupport_introspection_c__visibility_control.h
[1.483s] -- Up-to-date symlink: /home/noi/robogardener/install/serial_motor_demo_msgs/include/serial_motor_demo_msgs/serial_motor_demo_msgs/msg/detail/encoder_vals__builder.hpp
[1.484s] -- Up-to-date symlink: /home/noi/robogardener/install/serial_motor_demo_msgs/include/serial_motor_demo_msgs/serial_motor_demo_msgs/msg/detail/encoder_vals__struct.hpp
[1.484s] -- Up-to-date symlink: /home/noi/robogardener/install/serial_motor_demo_msgs/include/serial_motor_demo_msgs/serial_motor_demo_msgs/msg/detail/encoder_vals__traits.hpp
[1.484s] -- Up-to-date symlink: /home/noi/robogardener/install/serial_motor_demo_msgs/include/serial_motor_demo_msgs/serial_motor_demo_msgs/msg/detail/encoder_vals__type_support.hpp
[1.485s] -- Up-to-date symlink: /home/noi/robogardener/install/serial_motor_demo_msgs/include/serial_motor_demo_msgs/serial_motor_demo_msgs/msg/detail/motor_command__builder.hpp
[1.485s] -- Up-to-date symlink: /home/noi/robogardener/install/serial_motor_demo_msgs/include/serial_motor_demo_msgs/serial_motor_demo_msgs/msg/detail/motor_command__struct.hpp
[1.485s] -- Up-to-date symlink: /home/noi/robogardener/install/serial_motor_demo_msgs/include/serial_motor_demo_msgs/serial_motor_demo_msgs/msg/detail/motor_command__traits.hpp
[1.485s] -- Up-to-date symlink: /home/noi/robogardener/install/serial_motor_demo_msgs/include/serial_motor_demo_msgs/serial_motor_demo_msgs/msg/detail/motor_command__type_support.hpp
[1.486s] -- Up-to-date symlink: /home/noi/robogardener/install/serial_motor_demo_msgs/include/serial_motor_demo_msgs/serial_motor_demo_msgs/msg/detail/motor_vels__builder.hpp
[1.486s] -- Up-to-date symlink: /home/noi/robogardener/install/serial_motor_demo_msgs/include/serial_motor_demo_msgs/serial_motor_demo_msgs/msg/detail/motor_vels__struct.hpp
[1.486s] -- Up-to-date symlink: /home/noi/robogardener/install/serial_motor_demo_msgs/include/serial_motor_demo_msgs/serial_motor_demo_msgs/msg/detail/motor_vels__traits.hpp
[1.487s] -- Up-to-date symlink: /home/noi/robogardener/install/serial_motor_demo_msgs/include/serial_motor_demo_msgs/serial_motor_demo_msgs/msg/detail/motor_vels__type_support.hpp
[1.487s] -- Up-to-date symlink: /home/noi/robogardener/install/serial_motor_demo_msgs/include/serial_motor_demo_msgs/serial_motor_demo_msgs/msg/encoder_vals.hpp
[1.487s] -- Up-to-date symlink: /home/noi/robogardener/install/serial_motor_demo_msgs/include/serial_motor_demo_msgs/serial_motor_demo_msgs/msg/motor_command.hpp
[1.488s] -- Up-to-date symlink: /home/noi/robogardener/install/serial_motor_demo_msgs/include/serial_motor_demo_msgs/serial_motor_demo_msgs/msg/motor_vels.hpp
[1.488s] -- Up-to-date symlink: /home/noi/robogardener/install/serial_motor_demo_msgs/include/serial_motor_demo_msgs/serial_motor_demo_msgs/msg/rosidl_generator_cpp__visibility_control.hpp
[1.488s] -- Up-to-date symlink: /home/noi/robogardener/install/serial_motor_demo_msgs/include/serial_motor_demo_msgs/serial_motor_demo_msgs/msg/detail/encoder_vals__rosidl_typesupport_fastrtps_cpp.hpp
[1.489s] -- Up-to-date symlink: /home/noi/robogardener/install/serial_motor_demo_msgs/include/serial_motor_demo_msgs/serial_motor_demo_msgs/msg/detail/motor_command__rosidl_typesupport_fastrtps_cpp.hpp
[1.489s] -- Up-to-date symlink: /home/noi/robogardener/install/serial_motor_demo_msgs/include/serial_motor_demo_msgs/serial_motor_demo_msgs/msg/detail/motor_vels__rosidl_typesupport_fastrtps_cpp.hpp
[1.489s] -- Up-to-date symlink: /home/noi/robogardener/install/serial_motor_demo_msgs/include/serial_motor_demo_msgs/serial_motor_demo_msgs/msg/rosidl_typesupport_fastrtps_cpp__visibility_control.h
[1.490s] -- Up-to-date symlink: /home/noi/robogardener/install/serial_motor_demo_msgs/include/serial_motor_demo_msgs/serial_motor_demo_msgs/msg/detail/encoder_vals__rosidl_typesupport_introspection_cpp.hpp
[1.490s] -- Up-to-date symlink: /home/noi/robogardener/install/serial_motor_demo_msgs/include/serial_motor_demo_msgs/serial_motor_demo_msgs/msg/detail/motor_command__rosidl_typesupport_introspection_cpp.hpp
[1.490s] -- Up-to-date symlink: /home/noi/robogardener/install/serial_motor_demo_msgs/include/serial_motor_demo_msgs/serial_motor_demo_msgs/msg/detail/motor_vels__rosidl_typesupport_introspection_cpp.hpp
[1.490s] -- Up-to-date symlink: /home/noi/robogardener/install/serial_motor_demo_msgs/share/serial_motor_demo_msgs/environment/pythonpath.sh
[1.491s] -- Up-to-date symlink: /home/noi/robogardener/install/serial_motor_demo_msgs/share/serial_motor_demo_msgs/environment/pythonpath.dsv
[1.491s] -- Up-to-date symlink: /home/noi/robogardener/install/serial_motor_demo_msgs/lib/python3.12/site-packages/serial_motor_demo_msgs-0.0.0-py3.12.egg-info/PKG-INFO
[1.491s] -- Up-to-date symlink: /home/noi/robogardener/install/serial_motor_demo_msgs/lib/python3.12/site-packages/serial_motor_demo_msgs-0.0.0-py3.12.egg-info/SOURCES.txt
[1.492s] -- Up-to-date symlink: /home/noi/robogardener/install/serial_motor_demo_msgs/lib/python3.12/site-packages/serial_motor_demo_msgs-0.0.0-py3.12.egg-info/dependency_links.txt
[1.492s] -- Up-to-date symlink: /home/noi/robogardener/install/serial_motor_demo_msgs/lib/python3.12/site-packages/serial_motor_demo_msgs-0.0.0-py3.12.egg-info/top_level.txt
[1.492s] -- Up-to-date symlink: /home/noi/robogardener/install/serial_motor_demo_msgs/lib/python3.12/site-packages/serial_motor_demo_msgs/__init__.py
[1.493s] -- Up-to-date symlink: /home/noi/robogardener/install/serial_motor_demo_msgs/lib/python3.12/site-packages/serial_motor_demo_msgs/_serial_motor_demo_msgs_s.ep.rosidl_typesupport_c.c
[1.493s] -- Up-to-date symlink: /home/noi/robogardener/install/serial_motor_demo_msgs/lib/python3.12/site-packages/serial_motor_demo_msgs/_serial_motor_demo_msgs_s.ep.rosidl_typesupport_fastrtps_c.c
[1.493s] -- Up-to-date symlink: /home/noi/robogardener/install/serial_motor_demo_msgs/lib/python3.12/site-packages/serial_motor_demo_msgs/_serial_motor_demo_msgs_s.ep.rosidl_typesupport_introspection_c.c
[1.494s] -- Up-to-date symlink: /home/noi/robogardener/install/serial_motor_demo_msgs/lib/python3.12/site-packages/serial_motor_demo_msgs/msg/__init__.py
[1.494s] -- Up-to-date symlink: /home/noi/robogardener/install/serial_motor_demo_msgs/lib/python3.12/site-packages/serial_motor_demo_msgs/msg/_encoder_vals.py
[1.495s] -- Up-to-date symlink: /home/noi/robogardener/install/serial_motor_demo_msgs/lib/python3.12/site-packages/serial_motor_demo_msgs/msg/_encoder_vals_s.c
[1.495s] -- Up-to-date symlink: /home/noi/robogardener/install/serial_motor_demo_msgs/lib/python3.12/site-packages/serial_motor_demo_msgs/msg/_motor_command.py
[1.495s] -- Up-to-date symlink: /home/noi/robogardener/install/serial_motor_demo_msgs/lib/python3.12/site-packages/serial_motor_demo_msgs/msg/_motor_command_s.c
[1.496s] -- Up-to-date symlink: /home/noi/robogardener/install/serial_motor_demo_msgs/lib/python3.12/site-packages/serial_motor_demo_msgs/msg/_motor_vels.py
[1.496s] -- Up-to-date symlink: /home/noi/robogardener/install/serial_motor_demo_msgs/lib/python3.12/site-packages/serial_motor_demo_msgs/msg/_motor_vels_s.c
[1.496s] -- Up-to-date symlink: /home/noi/robogardener/install/serial_motor_demo_msgs/lib/python3.12/site-packages/serial_motor_demo_msgs/serial_motor_demo_msgs_s__rosidl_typesupport_c.so
[1.496s] -- Up-to-date symlink: /home/noi/robogardener/install/serial_motor_demo_msgs/lib/python3.12/site-packages/serial_motor_demo_msgs/serial_motor_demo_msgs_s__rosidl_typesupport_fastrtps_c.so
[1.497s] -- Up-to-date symlink: /home/noi/robogardener/install/serial_motor_demo_msgs/lib/python3.12/site-packages/serial_motor_demo_msgs/serial_motor_demo_msgs_s__rosidl_typesupport_introspection_c.so
[1.497s] -- Up-to-date symlink: /home/noi/robogardener/install/serial_motor_demo_msgs/lib/python3.12/site-packages/serial_motor_demo_msgs/serial_motor_demo_msgs_s__rosidl_typesupport_fastrtps_c.so
[1.497s] -- Up-to-date symlink: /home/noi/robogardener/install/serial_motor_demo_msgs/lib/python3.12/site-packages/serial_motor_demo_msgs/serial_motor_demo_msgs_s__rosidl_typesupport_introspection_c.so
[1.498s] -- Up-to-date symlink: /home/noi/robogardener/install/serial_motor_demo_msgs/lib/python3.12/site-packages/serial_motor_demo_msgs/serial_motor_demo_msgs_s__rosidl_typesupport_c.so
[1.498s] -- Up-to-date symlink: /home/noi/robogardener/install/serial_motor_demo_msgs/share/serial_motor_demo_msgs/msg/MotorCommand.idl
[1.498s] -- Up-to-date symlink: /home/noi/robogardener/install/serial_motor_demo_msgs/share/serial_motor_demo_msgs/msg/MotorVels.idl
[1.499s] -- Up-to-date symlink: /home/noi/robogardener/install/serial_motor_demo_msgs/share/serial_motor_demo_msgs/msg/EncoderVals.idl
[1.499s] -- Up-to-date symlink: /home/noi/robogardener/install/serial_motor_demo_msgs/share/serial_motor_demo_msgs/msg/MotorCommand.msg
[1.499s] -- Up-to-date symlink: /home/noi/robogardener/install/serial_motor_demo_msgs/share/serial_motor_demo_msgs/msg/MotorVels.msg
[1.500s] -- Up-to-date symlink: /home/noi/robogardener/install/serial_motor_demo_msgs/share/serial_motor_demo_msgs/msg/EncoderVals.msg
[1.500s] -- Up-to-date symlink: /home/noi/robogardener/install/serial_motor_demo_msgs/share/ament_index/resource_index/package_run_dependencies/serial_motor_demo_msgs
[1.500s] -- Up-to-date symlink: /home/noi/robogardener/install/serial_motor_demo_msgs/share/ament_index/resource_index/parent_prefix_path/serial_motor_demo_msgs
[1.500s] -- Up-to-date symlink: /home/noi/robogardener/install/serial_motor_demo_msgs/share/serial_motor_demo_msgs/environment/ament_prefix_path.sh
[1.501s] -- Up-to-date symlink: /home/noi/robogardener/install/serial_motor_demo_msgs/share/serial_motor_demo_msgs/environment/ament_prefix_path.dsv
[1.501s] -- Up-to-date symlink: /home/noi/robogardener/install/serial_motor_demo_msgs/share/serial_motor_demo_msgs/environment/path.sh
[1.501s] -- Up-to-date symlink: /home/noi/robogardener/install/serial_motor_demo_msgs/share/serial_motor_demo_msgs/environment/path.dsv
[1.502s] -- Up-to-date symlink: /home/noi/robogardener/install/serial_motor_demo_msgs/share/serial_motor_demo_msgs/local_setup.bash
[1.502s] -- Up-to-date symlink: /home/noi/robogardener/install/serial_motor_demo_msgs/share/serial_motor_demo_msgs/local_setup.sh
[1.503s] -- Up-to-date symlink: /home/noi/robogardener/install/serial_motor_demo_msgs/share/serial_motor_demo_msgs/local_setup.zsh
[1.503s] -- Up-to-date symlink: /home/noi/robogardener/install/serial_motor_demo_msgs/share/serial_motor_demo_msgs/local_setup.dsv
[1.503s] -- Symlinking: /home/noi/robogardener/install/serial_motor_demo_msgs/share/serial_motor_demo_msgs/package.dsv
[1.536s] -- Up-to-date symlink: /home/noi/robogardener/install/serial_motor_demo_msgs/share/ament_index/resource_index/packages/serial_motor_demo_msgs
[1.536s] -- Up-to-date symlink: /home/noi/robogardener/install/serial_motor_demo_msgs/share/serial_motor_demo_msgs/cmake/rosidl_cmake-extras.cmake
[1.536s] -- Up-to-date symlink: /home/noi/robogardener/install/serial_motor_demo_msgs/share/serial_motor_demo_msgs/cmake/ament_cmake_export_include_directories-extras.cmake
[1.537s] -- Up-to-date symlink: /home/noi/robogardener/install/serial_motor_demo_msgs/share/serial_motor_demo_msgs/cmake/ament_cmake_export_libraries-extras.cmake
[1.537s] -- Up-to-date symlink: /home/noi/robogardener/install/serial_motor_demo_msgs/share/serial_motor_demo_msgs/cmake/ament_cmake_export_targets-extras.cmake
[1.537s] -- Up-to-date symlink: /home/noi/robogardener/install/serial_motor_demo_msgs/share/serial_motor_demo_msgs/cmake/rosidl_cmake_export_typesupport_targets-extras.cmake
[1.537s] -- Up-to-date symlink: /home/noi/robogardener/install/serial_motor_demo_msgs/share/serial_motor_demo_msgs/cmake/ament_cmake_export_dependencies-extras.cmake
[1.538s] -- Up-to-date symlink: /home/noi/robogardener/install/serial_motor_demo_msgs/share/serial_motor_demo_msgs/cmake/rosidl_cmake_export_typesupport_libraries-extras.cmake
[1.538s] -- Up-to-date symlink: /home/noi/robogardener/install/serial_motor_demo_msgs/share/serial_motor_demo_msgs/cmake/serial_motor_demo_msgsConfig.cmake
[1.538s] -- Up-to-date symlink: /home/noi/robogardener/install/serial_motor_demo_msgs/share/serial_motor_demo_msgs/cmake/serial_motor_demo_msgsConfig-version.cmake
[1.538s] -- Up-to-date symlink: /home/noi/robogardener/install/serial_motor_demo_msgs/share/serial_motor_demo_msgs/package.xml
[1.539s] -- Up-to-date: /home/noi/robogardener/install/serial_motor_demo_msgs/lib/libserial_motor_demo_msgs__rosidl_generator_c.so
[1.540s] -- Up-to-date: /home/noi/robogardener/install/serial_motor_demo_msgs/lib/libserial_motor_demo_msgs__rosidl_typesupport_fastrtps_c.so
[1.540s] -- Up-to-date: /home/noi/robogardener/install/serial_motor_demo_msgs/lib/libserial_motor_demo_msgs__rosidl_typesupport_introspection_c.so
[1.541s] -- Up-to-date: /home/noi/robogardener/install/serial_motor_demo_msgs/lib/libserial_motor_demo_msgs__rosidl_typesupport_c.so
[1.541s] -- Up-to-date: /home/noi/robogardener/install/serial_motor_demo_msgs/lib/libserial_motor_demo_msgs__rosidl_typesupport_fastrtps_cpp.so
[1.542s] -- Up-to-date: /home/noi/robogardener/install/serial_motor_demo_msgs/lib/libserial_motor_demo_msgs__rosidl_typesupport_introspection_cpp.so
[1.543s] -- Up-to-date: /home/noi/robogardener/install/serial_motor_demo_msgs/lib/libserial_motor_demo_msgs__rosidl_typesupport_cpp.so
[1.619s] Listing '/home/noi/robogardener/install/serial_motor_demo_msgs/lib/python3.12/site-packages/serial_motor_demo_msgs'...
[1.620s] Listing '/home/noi/robogardener/install/serial_motor_demo_msgs/lib/python3.12/site-packages/serial_motor_demo_msgs/msg'...
[1.638s] -- Up-to-date: /home/noi/robogardener/install/serial_motor_demo_msgs/lib/libserial_motor_demo_msgs__rosidl_generator_py.so
[1.639s] -- Up-to-date: /home/noi/robogardener/install/serial_motor_demo_msgs/share/serial_motor_demo_msgs/cmake/export_serial_motor_demo_msgs__rosidl_generator_cExport.cmake
[1.639s] -- Up-to-date: /home/noi/robogardener/install/serial_motor_demo_msgs/share/serial_motor_demo_msgs/cmake/export_serial_motor_demo_msgs__rosidl_generator_cExport-noconfig.cmake
[1.639s] -- Up-to-date: /home/noi/robogardener/install/serial_motor_demo_msgs/share/serial_motor_demo_msgs/cmake/export_serial_motor_demo_msgs__rosidl_typesupport_fastrtps_cExport.cmake
[1.639s] -- Up-to-date: /home/noi/robogardener/install/serial_motor_demo_msgs/share/serial_motor_demo_msgs/cmake/export_serial_motor_demo_msgs__rosidl_typesupport_fastrtps_cExport-noconfig.cmake
[1.640s] -- Up-to-date: /home/noi/robogardener/install/serial_motor_demo_msgs/share/serial_motor_demo_msgs/cmake/serial_motor_demo_msgs__rosidl_typesupport_introspection_cExport.cmake
[1.640s] -- Up-to-date: /home/noi/robogardener/install/serial_motor_demo_msgs/share/serial_motor_demo_msgs/cmake/serial_motor_demo_msgs__rosidl_typesupport_introspection_cExport-noconfig.cmake
[1.640s] -- Up-to-date: /home/noi/robogardener/install/serial_motor_demo_msgs/share/serial_motor_demo_msgs/cmake/serial_motor_demo_msgs__rosidl_typesupport_cExport.cmake
[1.640s] -- Up-to-date: /home/noi/robogardener/install/serial_motor_demo_msgs/share/serial_motor_demo_msgs/cmake/serial_motor_demo_msgs__rosidl_typesupport_cExport-noconfig.cmake
[1.641s] -- Up-to-date: /home/noi/robogardener/install/serial_motor_demo_msgs/share/serial_motor_demo_msgs/cmake/export_serial_motor_demo_msgs__rosidl_generator_cppExport.cmake
[1.641s] -- Up-to-date: /home/noi/robogardener/install/serial_motor_demo_msgs/share/serial_motor_demo_msgs/cmake/export_serial_motor_demo_msgs__rosidl_typesupport_fastrtps_cppExport.cmake
[1.641s] -- Up-to-date: /home/noi/robogardener/install/serial_motor_demo_msgs/share/serial_motor_demo_msgs/cmake/export_serial_motor_demo_msgs__rosidl_typesupport_fastrtps_cppExport-noconfig.cmake
[1.641s] -- Up-to-date: /home/noi/robogardener/install/serial_motor_demo_msgs/share/serial_motor_demo_msgs/cmake/serial_motor_demo_msgs__rosidl_typesupport_introspection_cppExport.cmake
[1.642s] -- Up-to-date: /home/noi/robogardener/install/serial_motor_demo_msgs/share/serial_motor_demo_msgs/cmake/serial_motor_demo_msgs__rosidl_typesupport_introspection_cppExport-noconfig.cmake
[1.642s] -- Up-to-date: /home/noi/robogardener/install/serial_motor_demo_msgs/share/serial_motor_demo_msgs/cmake/serial_motor_demo_msgs__rosidl_typesupport_cppExport.cmake
[1.642s] -- Up-to-date: /home/noi/robogardener/install/serial_motor_demo_msgs/share/serial_motor_demo_msgs/cmake/serial_motor_demo_msgs__rosidl_typesupport_cppExport-noconfig.cmake
[1.642s] -- Up-to-date: /home/noi/robogardener/install/serial_motor_demo_msgs/share/serial_motor_demo_msgs/cmake/export_serial_motor_demo_msgs__rosidl_generator_pyExport.cmake
[1.642s] -- Up-to-date: /home/noi/robogardener/install/serial_motor_demo_msgs/share/serial_motor_demo_msgs/cmake/export_serial_motor_demo_msgs__rosidl_generator_pyExport-noconfig.cmake
[1.648s] Invoked command in '/home/noi/robogardener/build/serial_motor_demo_msgs' returned '0': CMAKE_PREFIX_PATH=${CMAKE_PREFIX_PATH}:/home/noi/robogardener/install/serial_motor_demo:/opt/ros/rolling DEBUGINFOD_URLS=https://debuginfod.ubuntu.com /usr/bin/cmake --install /home/noi/robogardener/build/serial_motor_demo_msgs
