-- Found ament_cmake: 2.7.0 (/opt/ros/rolling/share/ament_cmake/cmake)
-- Found Python3: /usr/bin/python3 (found version "3.12.3") found components: Interpreter 
-- Override CMake install command with custom implementation using symlinks instead of copying resources
-- Found ament_lint_auto: 0.18.1 (/opt/ros/rolling/share/ament_lint_auto/cmake)
-- Found rosidl_default_generators: 1.7.1 (/opt/ros/rolling/share/rosidl_default_generators/cmake)
-- Using all available rosidl_typesupport_c: rosidl_typesupport_fastrtps_c;rosidl_typesupport_introspection_c
-- Using all available rosidl_typesupport_cpp: rosidl_typesupport_fastrtps_cpp;rosidl_typesupport_introspection_cpp
-- Found rosidl_adapter: 4.8.1 (/opt/ros/rolling/share/rosidl_adapter/cmake)
-- Found ament_cmake_ros: 0.13.0 (/opt/ros/rolling/share/ament_cmake_ros/cmake)
-- Using all available rosidl_typesupport_c: rosidl_typesupport_fastrtps_c;rosidl_typesupport_introspection_c
-- Using all available rosidl_typesupport_cpp: rosidl_typesupport_fastrtps_cpp;rosidl_typesupport_introspection_cpp
-- Found python_cmake_module: 0.12.0 (/opt/ros/rolling/share/python_cmake_module/cmake)
-- Found Python3: /usr/bin/python3 (found version "3.12.3") found components: Interpreter Development NumPy Development.Module Development.Embed 
-- Added test 'copyright' to check source files copyright and LICENSE
-- Added test 'lint_cmake' to check CMake code style
-- Added test 'xmllint' to check XML markup files
-- Configuring done (2.3s)
-- Generating done (0.1s)
-- Build files have been written to: /home/noi/robogardener/build/serial_motor_demo_msgs
[  1%] Built target serial_motor_demo_msgs__rosidl_generator_type_description
[  3%] Built target serial_motor_demo_msgs__cpp
[ 24%] Built target serial_motor_demo_msgs__rosidl_generator_c
