[0.024s] Invoking command in '/home/noi/robogardener/build/serial_motor_demo_msgs': CMAKE_PREFIX_PATH=${CMAKE_PREFIX_PATH}:/home/noi/robogardener/install/serial_motor_demo:/opt/ros/rolling DEBUGINFOD_URLS=https://debuginfod.ubuntu.com /usr/bin/cmake /home/noi/robogardener/scr/RoboGardener/serial_motor_demo/serial_motor_demo_msgs -DCMAKE_INSTALL_PREFIX=/home/noi/robogardener/install/serial_motor_demo_msgs
[0.072s] -- Found ament_cmake: 2.7.0 (/opt/ros/rolling/share/ament_cmake/cmake)
[0.140s] -- Found Python3: /usr/bin/python3 (found version "3.12.3") found components: Interpreter 
[0.332s] -- Override CMake install command with custom implementation using symlinks instead of copying resources
[0.356s] -- Found ament_lint_auto: 0.18.1 (/opt/ros/rolling/share/ament_lint_auto/cmake)
[0.764s] -- Found rosidl_default_generators: 1.7.1 (/opt/ros/rolling/share/rosidl_default_generators/cmake)
[0.772s] -- Using all available rosidl_typesupport_c: rosidl_typesupport_fastrtps_c;rosidl_typesupport_introspection_c
[0.851s] -- Using all available rosidl_typesupport_cpp: rosidl_typesupport_fastrtps_cpp;rosidl_typesupport_introspection_cpp
[0.906s] -- Found rosidl_adapter: 4.8.1 (/opt/ros/rolling/share/rosidl_adapter/cmake)
[1.287s] -- Found ament_cmake_ros: 0.13.0 (/opt/ros/rolling/share/ament_cmake_ros/cmake)
[1.525s] -- Using all available rosidl_typesupport_c: rosidl_typesupport_fastrtps_c;rosidl_typesupport_introspection_c
[1.768s] -- Using all available rosidl_typesupport_cpp: rosidl_typesupport_fastrtps_cpp;rosidl_typesupport_introspection_cpp
[1.772s] -- Found python_cmake_module: 0.12.0 (/opt/ros/rolling/share/python_cmake_module/cmake)
[2.254s] -- Found Python3: /usr/bin/python3 (found version "3.12.3") found components: Interpreter Development NumPy Development.Module Development.Embed 
[2.304s] -- Added test 'copyright' to check source files copyright and LICENSE
[2.306s] -- Added test 'lint_cmake' to check CMake code style
[2.307s] -- Added test 'xmllint' to check XML markup files
[2.314s] -- Configuring done (2.3s)
[2.395s] -- Generating done (0.1s)
[2.403s] -- Build files have been written to: /home/noi/robogardener/build/serial_motor_demo_msgs
[2.415s] Invoked command in '/home/noi/robogardener/build/serial_motor_demo_msgs' returned '0': CMAKE_PREFIX_PATH=${CMAKE_PREFIX_PATH}:/home/noi/robogardener/install/serial_motor_demo:/opt/ros/rolling DEBUGINFOD_URLS=https://debuginfod.ubuntu.com /usr/bin/cmake /home/noi/robogardener/scr/RoboGardener/serial_motor_demo/serial_motor_demo_msgs -DCMAKE_INSTALL_PREFIX=/home/noi/robogardener/install/serial_motor_demo_msgs
[2.419s] Invoking command in '/home/noi/robogardener/build/serial_motor_demo_msgs': CMAKE_PREFIX_PATH=${CMAKE_PREFIX_PATH}:/home/noi/robogardener/install/serial_motor_demo:/opt/ros/rolling DEBUGINFOD_URLS=https://debuginfod.ubuntu.com /usr/bin/cmake --build /home/noi/robogardener/build/serial_motor_demo_msgs -- -j8 -l8
[2.552s] [  1%] Built target serial_motor_demo_msgs__rosidl_generator_type_description
[2.554s] failed to create symbolic link '/home/noi/robogardener/build/serial_motor_demo_msgs/ament_cmake_python/serial_motor_demo_msgs/serial_motor_demo_msgs' because existing path cannot be removed: Is a directory
[2.557s] gmake[2]: *** [CMakeFiles/ament_cmake_python_symlink_serial_motor_demo_msgs.dir/build.make:70: CMakeFiles/ament_cmake_python_symlink_serial_motor_demo_msgs] Fehler 1
[2.558s] gmake[1]: *** [CMakeFiles/Makefile2:452: CMakeFiles/ament_cmake_python_symlink_serial_motor_demo_msgs.dir/all] Fehler 2
[2.558s] gmake[1]: *** Auf noch nicht beendete Prozesse wird gewartet …
[2.617s] [  3%] Built target serial_motor_demo_msgs__cpp
[2.638s] [ 24%] Built target serial_motor_demo_msgs__rosidl_generator_c
[2.643s] gmake: *** [Makefile:146: all] Fehler 2
[2.650s] Invoked command in '/home/noi/robogardener/build/serial_motor_demo_msgs' returned '2': CMAKE_PREFIX_PATH=${CMAKE_PREFIX_PATH}:/home/noi/robogardener/install/serial_motor_demo:/opt/ros/rolling DEBUGINFOD_URLS=https://debuginfod.ubuntu.com /usr/bin/cmake --build /home/noi/robogardener/build/serial_motor_demo_msgs -- -j8 -l8
