/usr/lib/python3/dist-packages/setuptools/dist.py:744: SetuptoolsDeprecationWarning: Invalid dash-separated options
!!

        ********************************************************************************
        Usage of dash-separated 'script-dir' will not be supported in future
        versions. Please use the underscore name 'script_dir' instead.

        This deprecation is overdue, please update your project and remove deprecated
        calls to avoid build errors in the future.

        See https://setuptools.pypa.io/en/latest/userguide/declarative_config.html for details.
        ********************************************************************************

!!
  opt = self.warn_dash_deprecation(opt, section)
running egg_info
creating ../../../../build/serial_motor_demo/serial_motor_demo.egg-info
writing ../../../../build/serial_motor_demo/serial_motor_demo.egg-info/PKG-INFO
writing dependency_links to ../../../../build/serial_motor_demo/serial_motor_demo.egg-info/dependency_links.txt
writing entry points to ../../../../build/serial_motor_demo/serial_motor_demo.egg-info/entry_points.txt
writing requirements to ../../../../build/serial_motor_demo/serial_motor_demo.egg-info/requires.txt
writing top-level names to ../../../../build/serial_motor_demo/serial_motor_demo.egg-info/top_level.txt
writing manifest file '../../../../build/serial_motor_demo/serial_motor_demo.egg-info/SOURCES.txt'
reading manifest file '../../../../build/serial_motor_demo/serial_motor_demo.egg-info/SOURCES.txt'
writing manifest file '../../../../build/serial_motor_demo/serial_motor_demo.egg-info/SOURCES.txt'
running build
running build_py
creating /home/noi/robogardener/build/serial_motor_demo/build
creating /home/noi/robogardener/build/serial_motor_demo/build/lib
creating /home/noi/robogardener/build/serial_motor_demo/build/lib/serial_motor_demo
copying serial_motor_demo/__init__.py -> /home/noi/robogardener/build/serial_motor_demo/build/lib/serial_motor_demo
copying serial_motor_demo/driver.py -> /home/noi/robogardener/build/serial_motor_demo/build/lib/serial_motor_demo
copying serial_motor_demo/gui.py -> /home/noi/robogardener/build/serial_motor_demo/build/lib/serial_motor_demo
running install
running install_lib
creating /home/noi/robogardener/install/serial_motor_demo/lib/python3.12/site-packages/serial_motor_demo
copying /home/noi/robogardener/build/serial_motor_demo/build/lib/serial_motor_demo/__init__.py -> /home/noi/robogardener/install/serial_motor_demo/lib/python3.12/site-packages/serial_motor_demo
copying /home/noi/robogardener/build/serial_motor_demo/build/lib/serial_motor_demo/driver.py -> /home/noi/robogardener/install/serial_motor_demo/lib/python3.12/site-packages/serial_motor_demo
copying /home/noi/robogardener/build/serial_motor_demo/build/lib/serial_motor_demo/gui.py -> /home/noi/robogardener/install/serial_motor_demo/lib/python3.12/site-packages/serial_motor_demo
byte-compiling /home/noi/robogardener/install/serial_motor_demo/lib/python3.12/site-packages/serial_motor_demo/__init__.py to __init__.cpython-312.pyc
byte-compiling /home/noi/robogardener/install/serial_motor_demo/lib/python3.12/site-packages/serial_motor_demo/driver.py to driver.cpython-312.pyc
byte-compiling /home/noi/robogardener/install/serial_motor_demo/lib/python3.12/site-packages/serial_motor_demo/gui.py to gui.cpython-312.pyc
running install_data
creating /home/noi/robogardener/install/serial_motor_demo/share/ament_index
creating /home/noi/robogardener/install/serial_motor_demo/share/ament_index/resource_index
creating /home/noi/robogardener/install/serial_motor_demo/share/ament_index/resource_index/packages
copying resource/serial_motor_demo -> /home/noi/robogardener/install/serial_motor_demo/share/ament_index/resource_index/packages
copying package.xml -> /home/noi/robogardener/install/serial_motor_demo/share/serial_motor_demo
running install_egg_info
Copying ../../../../build/serial_motor_demo/serial_motor_demo.egg-info to /home/noi/robogardener/install/serial_motor_demo/lib/python3.12/site-packages/serial_motor_demo-0.0.0-py3.12.egg-info
running install_scripts
Installing driver script to /home/noi/robogardener/install/serial_motor_demo/lib/serial_motor_demo
Installing gui script to /home/noi/robogardener/install/serial_motor_demo/lib/serial_motor_demo
writing list of installed files to '/home/noi/robogardener/build/serial_motor_demo/install.log'
