[0.158s] DEBUG:colcon:Command line arguments: ['/usr/bin/colcon', 'build']
[0.158s] DEBUG:colcon:Parsed command line arguments: Namespace(log_base=None, log_level=None, verb_name='build', build_base='build', install_base='install', merge_install=False, symlink_install=False, test_result_base=None, continue_on_error=False, executor='parallel', parallel_workers=8, event_handlers=None, ignore_user_meta=False, metas=['./colcon.meta'], base_paths=['.'], packages_ignore=None, packages_ignore_regex=None, paths=None, packages_up_to=None, packages_up_to_regex=None, packages_above=None, packages_above_and_dependencies=None, packages_above_depth=None, packages_select_by_dep=None, packages_skip_by_dep=None, packages_skip_up_to=None, packages_select_build_failed=False, packages_skip_build_finished=False, packages_select_test_failures=False, packages_skip_test_passed=False, packages_select=None, packages_skip=None, packages_select_regex=None, packages_skip_regex=None, packages_start=None, packages_end=None, allow_overriding=[], cmake_args=None, cmake_target=None, cmake_target_skip_unavailable=False, cmake_clean_cache=False, cmake_clean_first=False, cmake_force_configure=False, ament_cmake_args=None, catkin_cmake_args=None, catkin_skip_building_tests=False, mixin_files=None, mixin=None, verb_parser=<colcon_mixin.mixin.mixin_argument.MixinArgumentDecorator object at 0x765f94d7f260>, verb_extension=<colcon_core.verb.build.BuildVerb object at 0x765f94d7ef30>, main=<bound method BuildVerb.main of <colcon_core.verb.build.BuildVerb object at 0x765f94d7ef30>>, mixin_verb=('build',))
[0.212s] Level 1:colcon.colcon_core.package_discovery:discover_packages(colcon_meta) check parameters
[0.213s] Level 1:colcon.colcon_core.package_discovery:discover_packages(recursive) check parameters
[0.213s] Level 1:colcon.colcon_core.package_discovery:discover_packages(ignore) check parameters
[0.213s] Level 1:colcon.colcon_core.package_discovery:discover_packages(path) check parameters
[0.213s] Level 1:colcon.colcon_core.package_discovery:discover_packages(colcon_meta) discover
[0.213s] Level 1:colcon.colcon_core.package_discovery:discover_packages(recursive) discover
[0.213s] INFO:colcon.colcon_core.package_discovery:Crawling recursively for packages in '/home/noi/robogardener'
[0.213s] Level 1:colcon.colcon_core.package_identification:_identify(.) by extensions ['ignore', 'ignore_ament_install']
[0.213s] Level 1:colcon.colcon_core.package_identification:_identify(.) by extension 'ignore'
[0.213s] Level 1:colcon.colcon_core.package_identification:_identify(.) by extension 'ignore_ament_install'
[0.213s] Level 1:colcon.colcon_core.package_identification:_identify(.) by extensions ['colcon_pkg']
[0.213s] Level 1:colcon.colcon_core.package_identification:_identify(.) by extension 'colcon_pkg'
[0.213s] Level 1:colcon.colcon_core.package_identification:_identify(.) by extensions ['colcon_meta']
[0.213s] Level 1:colcon.colcon_core.package_identification:_identify(.) by extension 'colcon_meta'
[0.213s] Level 1:colcon.colcon_core.package_identification:_identify(.) by extensions ['ros']
[0.213s] Level 1:colcon.colcon_core.package_identification:_identify(.) by extension 'ros'
[0.248s] Level 1:colcon.colcon_core.package_identification:_identify(.) by extensions ['cmake', 'python']
[0.249s] Level 1:colcon.colcon_core.package_identification:_identify(.) by extension 'cmake'
[0.249s] Level 1:colcon.colcon_core.package_identification:_identify(.) by extension 'python'
[0.249s] Level 1:colcon.colcon_core.package_identification:_identify(.) by extensions ['python_setup_py']
[0.249s] Level 1:colcon.colcon_core.package_identification:_identify(.) by extension 'python_setup_py'
[0.249s] Level 1:colcon.colcon_core.package_identification:_identify(build) by extensions ['ignore', 'ignore_ament_install']
[0.249s] Level 1:colcon.colcon_core.package_identification:_identify(build) by extension 'ignore'
[0.249s] Level 1:colcon.colcon_core.package_identification:_identify(build) ignored
[0.249s] Level 1:colcon.colcon_core.package_identification:_identify(install) by extensions ['ignore', 'ignore_ament_install']
[0.249s] Level 1:colcon.colcon_core.package_identification:_identify(install) by extension 'ignore'
[0.249s] Level 1:colcon.colcon_core.package_identification:_identify(install) ignored
[0.250s] Level 1:colcon.colcon_core.package_identification:_identify(log) by extensions ['ignore', 'ignore_ament_install']
[0.250s] Level 1:colcon.colcon_core.package_identification:_identify(log) by extension 'ignore'
[0.250s] Level 1:colcon.colcon_core.package_identification:_identify(log) ignored
[0.250s] Level 1:colcon.colcon_core.package_identification:_identify(scr) by extensions ['ignore', 'ignore_ament_install']
[0.250s] Level 1:colcon.colcon_core.package_identification:_identify(scr) by extension 'ignore'
[0.250s] Level 1:colcon.colcon_core.package_identification:_identify(scr) by extension 'ignore_ament_install'
[0.250s] Level 1:colcon.colcon_core.package_identification:_identify(scr) by extensions ['colcon_pkg']
[0.250s] Level 1:colcon.colcon_core.package_identification:_identify(scr) by extension 'colcon_pkg'
[0.250s] Level 1:colcon.colcon_core.package_identification:_identify(scr) by extensions ['colcon_meta']
[0.250s] Level 1:colcon.colcon_core.package_identification:_identify(scr) by extension 'colcon_meta'
[0.250s] Level 1:colcon.colcon_core.package_identification:_identify(scr) by extensions ['ros']
[0.250s] Level 1:colcon.colcon_core.package_identification:_identify(scr) by extension 'ros'
[0.250s] Level 1:colcon.colcon_core.package_identification:_identify(scr) by extensions ['cmake', 'python']
[0.250s] Level 1:colcon.colcon_core.package_identification:_identify(scr) by extension 'cmake'
[0.251s] Level 1:colcon.colcon_core.package_identification:_identify(scr) by extension 'python'
[0.251s] Level 1:colcon.colcon_core.package_identification:_identify(scr) by extensions ['python_setup_py']
[0.251s] Level 1:colcon.colcon_core.package_identification:_identify(scr) by extension 'python_setup_py'
[0.251s] Level 1:colcon.colcon_core.package_identification:_identify(scr/RoboGardener) by extensions ['ignore', 'ignore_ament_install']
[0.251s] Level 1:colcon.colcon_core.package_identification:_identify(scr/RoboGardener) by extension 'ignore'
[0.251s] Level 1:colcon.colcon_core.package_identification:_identify(scr/RoboGardener) by extension 'ignore_ament_install'
[0.251s] Level 1:colcon.colcon_core.package_identification:_identify(scr/RoboGardener) by extensions ['colcon_pkg']
[0.251s] Level 1:colcon.colcon_core.package_identification:_identify(scr/RoboGardener) by extension 'colcon_pkg'
[0.251s] Level 1:colcon.colcon_core.package_identification:_identify(scr/RoboGardener) by extensions ['colcon_meta']
[0.251s] Level 1:colcon.colcon_core.package_identification:_identify(scr/RoboGardener) by extension 'colcon_meta'
[0.251s] Level 1:colcon.colcon_core.package_identification:_identify(scr/RoboGardener) by extensions ['ros']
[0.251s] Level 1:colcon.colcon_core.package_identification:_identify(scr/RoboGardener) by extension 'ros'
[0.251s] Level 1:colcon.colcon_core.package_identification:_identify(scr/RoboGardener) by extensions ['cmake', 'python']
[0.251s] Level 1:colcon.colcon_core.package_identification:_identify(scr/RoboGardener) by extension 'cmake'
[0.252s] Level 1:colcon.colcon_core.package_identification:_identify(scr/RoboGardener) by extension 'python'
[0.252s] Level 1:colcon.colcon_core.package_identification:_identify(scr/RoboGardener) by extensions ['python_setup_py']
[0.252s] Level 1:colcon.colcon_core.package_identification:_identify(scr/RoboGardener) by extension 'python_setup_py'
[0.252s] Level 1:colcon.colcon_core.package_identification:_identify(scr/RoboGardener/images) by extensions ['ignore', 'ignore_ament_install']
[0.252s] Level 1:colcon.colcon_core.package_identification:_identify(scr/RoboGardener/images) by extension 'ignore'
[0.252s] Level 1:colcon.colcon_core.package_identification:_identify(scr/RoboGardener/images) by extension 'ignore_ament_install'
[0.252s] Level 1:colcon.colcon_core.package_identification:_identify(scr/RoboGardener/images) by extensions ['colcon_pkg']
[0.252s] Level 1:colcon.colcon_core.package_identification:_identify(scr/RoboGardener/images) by extension 'colcon_pkg'
[0.252s] Level 1:colcon.colcon_core.package_identification:_identify(scr/RoboGardener/images) by extensions ['colcon_meta']
[0.252s] Level 1:colcon.colcon_core.package_identification:_identify(scr/RoboGardener/images) by extension 'colcon_meta'
[0.252s] Level 1:colcon.colcon_core.package_identification:_identify(scr/RoboGardener/images) by extensions ['ros']
[0.252s] Level 1:colcon.colcon_core.package_identification:_identify(scr/RoboGardener/images) by extension 'ros'
[0.252s] Level 1:colcon.colcon_core.package_identification:_identify(scr/RoboGardener/images) by extensions ['cmake', 'python']
[0.253s] Level 1:colcon.colcon_core.package_identification:_identify(scr/RoboGardener/images) by extension 'cmake'
[0.253s] Level 1:colcon.colcon_core.package_identification:_identify(scr/RoboGardener/images) by extension 'python'
[0.253s] Level 1:colcon.colcon_core.package_identification:_identify(scr/RoboGardener/images) by extensions ['python_setup_py']
[0.253s] Level 1:colcon.colcon_core.package_identification:_identify(scr/RoboGardener/images) by extension 'python_setup_py'
[0.253s] Level 1:colcon.colcon_core.package_identification:_identify(scr/RoboGardener/model) by extensions ['ignore', 'ignore_ament_install']
[0.253s] Level 1:colcon.colcon_core.package_identification:_identify(scr/RoboGardener/model) by extension 'ignore'
[0.253s] Level 1:colcon.colcon_core.package_identification:_identify(scr/RoboGardener/model) by extension 'ignore_ament_install'
[0.253s] Level 1:colcon.colcon_core.package_identification:_identify(scr/RoboGardener/model) by extensions ['colcon_pkg']
[0.253s] Level 1:colcon.colcon_core.package_identification:_identify(scr/RoboGardener/model) by extension 'colcon_pkg'
[0.253s] Level 1:colcon.colcon_core.package_identification:_identify(scr/RoboGardener/model) by extensions ['colcon_meta']
[0.253s] Level 1:colcon.colcon_core.package_identification:_identify(scr/RoboGardener/model) by extension 'colcon_meta'
[0.253s] Level 1:colcon.colcon_core.package_identification:_identify(scr/RoboGardener/model) by extensions ['ros']
[0.253s] Level 1:colcon.colcon_core.package_identification:_identify(scr/RoboGardener/model) by extension 'ros'
[0.257s] DEBUG:colcon.colcon_core.package_identification:Package 'scr/RoboGardener/model' with type 'ros.ament_cmake' and name 'robogardener'
[0.257s] Level 1:colcon.colcon_core.package_identification:_identify(scr/RoboGardener/old) by extensions ['ignore', 'ignore_ament_install']
[0.257s] Level 1:colcon.colcon_core.package_identification:_identify(scr/RoboGardener/old) by extension 'ignore'
[0.257s] Level 1:colcon.colcon_core.package_identification:_identify(scr/RoboGardener/old) by extension 'ignore_ament_install'
[0.257s] Level 1:colcon.colcon_core.package_identification:_identify(scr/RoboGardener/old) by extensions ['colcon_pkg']
[0.257s] Level 1:colcon.colcon_core.package_identification:_identify(scr/RoboGardener/old) by extension 'colcon_pkg'
[0.258s] Level 1:colcon.colcon_core.package_identification:_identify(scr/RoboGardener/old) by extensions ['colcon_meta']
[0.258s] Level 1:colcon.colcon_core.package_identification:_identify(scr/RoboGardener/old) by extension 'colcon_meta'
[0.258s] Level 1:colcon.colcon_core.package_identification:_identify(scr/RoboGardener/old) by extensions ['ros']
[0.258s] Level 1:colcon.colcon_core.package_identification:_identify(scr/RoboGardener/old) by extension 'ros'
[0.258s] Level 1:colcon.colcon_core.package_identification:_identify(scr/RoboGardener/old) by extensions ['cmake', 'python']
[0.258s] Level 1:colcon.colcon_core.package_identification:_identify(scr/RoboGardener/old) by extension 'cmake'
[0.258s] Level 1:colcon.colcon_core.package_identification:_identify(scr/RoboGardener/old) by extension 'python'
[0.258s] Level 1:colcon.colcon_core.package_identification:_identify(scr/RoboGardener/old) by extensions ['python_setup_py']
[0.258s] Level 1:colcon.colcon_core.package_identification:_identify(scr/RoboGardener/old) by extension 'python_setup_py'
[0.258s] Level 1:colcon.colcon_core.package_identification:_identify(scr/RoboGardener/old/tryout) by extensions ['ignore', 'ignore_ament_install']
[0.258s] Level 1:colcon.colcon_core.package_identification:_identify(scr/RoboGardener/old/tryout) by extension 'ignore'
[0.258s] Level 1:colcon.colcon_core.package_identification:_identify(scr/RoboGardener/old/tryout) by extension 'ignore_ament_install'
[0.259s] Level 1:colcon.colcon_core.package_identification:_identify(scr/RoboGardener/old/tryout) by extensions ['colcon_pkg']
[0.259s] Level 1:colcon.colcon_core.package_identification:_identify(scr/RoboGardener/old/tryout) by extension 'colcon_pkg'
[0.259s] Level 1:colcon.colcon_core.package_identification:_identify(scr/RoboGardener/old/tryout) by extensions ['colcon_meta']
[0.259s] Level 1:colcon.colcon_core.package_identification:_identify(scr/RoboGardener/old/tryout) by extension 'colcon_meta'
[0.259s] Level 1:colcon.colcon_core.package_identification:_identify(scr/RoboGardener/old/tryout) by extensions ['ros']
[0.259s] Level 1:colcon.colcon_core.package_identification:_identify(scr/RoboGardener/old/tryout) by extension 'ros'
[0.259s] Level 1:colcon.colcon_core.package_identification:_identify(scr/RoboGardener/old/tryout) by extensions ['cmake', 'python']
[0.259s] Level 1:colcon.colcon_core.package_identification:_identify(scr/RoboGardener/old/tryout) by extension 'cmake'
[0.259s] Level 1:colcon.colcon_core.package_identification:_identify(scr/RoboGardener/old/tryout) by extension 'python'
[0.259s] Level 1:colcon.colcon_core.package_identification:_identify(scr/RoboGardener/old/tryout) by extensions ['python_setup_py']
[0.259s] Level 1:colcon.colcon_core.package_identification:_identify(scr/RoboGardener/old/tryout) by extension 'python_setup_py'
[0.259s] Level 1:colcon.colcon_core.package_identification:_identify(scr/RoboGardener/old/tryout/configfils) by extensions ['ignore', 'ignore_ament_install']
[0.259s] Level 1:colcon.colcon_core.package_identification:_identify(scr/RoboGardener/old/tryout/configfils) by extension 'ignore'
[0.259s] Level 1:colcon.colcon_core.package_identification:_identify(scr/RoboGardener/old/tryout/configfils) by extension 'ignore_ament_install'
[0.260s] Level 1:colcon.colcon_core.package_identification:_identify(scr/RoboGardener/old/tryout/configfils) by extensions ['colcon_pkg']
[0.260s] Level 1:colcon.colcon_core.package_identification:_identify(scr/RoboGardener/old/tryout/configfils) by extension 'colcon_pkg'
[0.260s] Level 1:colcon.colcon_core.package_identification:_identify(scr/RoboGardener/old/tryout/configfils) by extensions ['colcon_meta']
[0.260s] Level 1:colcon.colcon_core.package_identification:_identify(scr/RoboGardener/old/tryout/configfils) by extension 'colcon_meta'
[0.260s] Level 1:colcon.colcon_core.package_identification:_identify(scr/RoboGardener/old/tryout/configfils) by extensions ['ros']
[0.260s] Level 1:colcon.colcon_core.package_identification:_identify(scr/RoboGardener/old/tryout/configfils) by extension 'ros'
[0.260s] Level 1:colcon.colcon_core.package_identification:_identify(scr/RoboGardener/old/tryout/configfils) by extensions ['cmake', 'python']
[0.260s] Level 1:colcon.colcon_core.package_identification:_identify(scr/RoboGardener/old/tryout/configfils) by extension 'cmake'
[0.260s] Level 1:colcon.colcon_core.package_identification:_identify(scr/RoboGardener/old/tryout/configfils) by extension 'python'
[0.260s] Level 1:colcon.colcon_core.package_identification:_identify(scr/RoboGardener/old/tryout/configfils) by extensions ['python_setup_py']
[0.260s] Level 1:colcon.colcon_core.package_identification:_identify(scr/RoboGardener/old/tryout/configfils) by extension 'python_setup_py'
[0.260s] Level 1:colcon.colcon_core.package_identification:_identify(scr/RoboGardener/report2) by extensions ['ignore', 'ignore_ament_install']
[0.260s] Level 1:colcon.colcon_core.package_identification:_identify(scr/RoboGardener/report2) by extension 'ignore'
[0.261s] Level 1:colcon.colcon_core.package_identification:_identify(scr/RoboGardener/report2) by extension 'ignore_ament_install'
[0.261s] Level 1:colcon.colcon_core.package_identification:_identify(scr/RoboGardener/report2) by extensions ['colcon_pkg']
[0.261s] Level 1:colcon.colcon_core.package_identification:_identify(scr/RoboGardener/report2) by extension 'colcon_pkg'
[0.261s] Level 1:colcon.colcon_core.package_identification:_identify(scr/RoboGardener/report2) by extensions ['colcon_meta']
[0.261s] Level 1:colcon.colcon_core.package_identification:_identify(scr/RoboGardener/report2) by extension 'colcon_meta'
[0.261s] Level 1:colcon.colcon_core.package_identification:_identify(scr/RoboGardener/report2) by extensions ['ros']
[0.261s] Level 1:colcon.colcon_core.package_identification:_identify(scr/RoboGardener/report2) by extension 'ros'
[0.261s] Level 1:colcon.colcon_core.package_identification:_identify(scr/RoboGardener/report2) by extensions ['cmake', 'python']
[0.261s] Level 1:colcon.colcon_core.package_identification:_identify(scr/RoboGardener/report2) by extension 'cmake'
[0.261s] Level 1:colcon.colcon_core.package_identification:_identify(scr/RoboGardener/report2) by extension 'python'
[0.261s] Level 1:colcon.colcon_core.package_identification:_identify(scr/RoboGardener/report2) by extensions ['python_setup_py']
[0.261s] Level 1:colcon.colcon_core.package_identification:_identify(scr/RoboGardener/report2) by extension 'python_setup_py'
[0.261s] Level 1:colcon.colcon_core.package_identification:_identify(scr/RoboGardener/serial_motor_demo) by extensions ['ignore', 'ignore_ament_install']
[0.261s] Level 1:colcon.colcon_core.package_identification:_identify(scr/RoboGardener/serial_motor_demo) by extension 'ignore'
[0.262s] Level 1:colcon.colcon_core.package_identification:_identify(scr/RoboGardener/serial_motor_demo) by extension 'ignore_ament_install'
[0.262s] Level 1:colcon.colcon_core.package_identification:_identify(scr/RoboGardener/serial_motor_demo) by extensions ['colcon_pkg']
[0.262s] Level 1:colcon.colcon_core.package_identification:_identify(scr/RoboGardener/serial_motor_demo) by extension 'colcon_pkg'
[0.262s] Level 1:colcon.colcon_core.package_identification:_identify(scr/RoboGardener/serial_motor_demo) by extensions ['colcon_meta']
[0.262s] Level 1:colcon.colcon_core.package_identification:_identify(scr/RoboGardener/serial_motor_demo) by extension 'colcon_meta'
[0.262s] Level 1:colcon.colcon_core.package_identification:_identify(scr/RoboGardener/serial_motor_demo) by extensions ['ros']
[0.262s] Level 1:colcon.colcon_core.package_identification:_identify(scr/RoboGardener/serial_motor_demo) by extension 'ros'
[0.262s] Level 1:colcon.colcon_core.package_identification:_identify(scr/RoboGardener/serial_motor_demo) by extensions ['cmake', 'python']
[0.262s] Level 1:colcon.colcon_core.package_identification:_identify(scr/RoboGardener/serial_motor_demo) by extension 'cmake'
[0.262s] Level 1:colcon.colcon_core.package_identification:_identify(scr/RoboGardener/serial_motor_demo) by extension 'python'
[0.262s] Level 1:colcon.colcon_core.package_identification:_identify(scr/RoboGardener/serial_motor_demo) by extensions ['python_setup_py']
[0.262s] Level 1:colcon.colcon_core.package_identification:_identify(scr/RoboGardener/serial_motor_demo) by extension 'python_setup_py'
[0.262s] Level 1:colcon.colcon_core.package_identification:_identify(scr/RoboGardener/serial_motor_demo/serial_motor_demo) by extensions ['ignore', 'ignore_ament_install']
[0.263s] Level 1:colcon.colcon_core.package_identification:_identify(scr/RoboGardener/serial_motor_demo/serial_motor_demo) by extension 'ignore'
[0.263s] Level 1:colcon.colcon_core.package_identification:_identify(scr/RoboGardener/serial_motor_demo/serial_motor_demo) by extension 'ignore_ament_install'
[0.263s] Level 1:colcon.colcon_core.package_identification:_identify(scr/RoboGardener/serial_motor_demo/serial_motor_demo) by extensions ['colcon_pkg']
[0.263s] Level 1:colcon.colcon_core.package_identification:_identify(scr/RoboGardener/serial_motor_demo/serial_motor_demo) by extension 'colcon_pkg'
[0.263s] Level 1:colcon.colcon_core.package_identification:_identify(scr/RoboGardener/serial_motor_demo/serial_motor_demo) by extensions ['colcon_meta']
[0.263s] Level 1:colcon.colcon_core.package_identification:_identify(scr/RoboGardener/serial_motor_demo/serial_motor_demo) by extension 'colcon_meta'
[0.263s] Level 1:colcon.colcon_core.package_identification:_identify(scr/RoboGardener/serial_motor_demo/serial_motor_demo) by extensions ['ros']
[0.263s] Level 1:colcon.colcon_core.package_identification:_identify(scr/RoboGardener/serial_motor_demo/serial_motor_demo) by extension 'ros'
[0.264s] DEBUG:colcon.colcon_core.package_identification:Package 'scr/RoboGardener/serial_motor_demo/serial_motor_demo' with type 'ros.ament_python' and name 'serial_motor_demo'
[0.264s] Level 1:colcon.colcon_core.package_identification:_identify(scr/RoboGardener/serial_motor_demo/serial_motor_demo_msgs) by extensions ['ignore', 'ignore_ament_install']
[0.264s] Level 1:colcon.colcon_core.package_identification:_identify(scr/RoboGardener/serial_motor_demo/serial_motor_demo_msgs) by extension 'ignore'
[0.264s] Level 1:colcon.colcon_core.package_identification:_identify(scr/RoboGardener/serial_motor_demo/serial_motor_demo_msgs) by extension 'ignore_ament_install'
[0.264s] Level 1:colcon.colcon_core.package_identification:_identify(scr/RoboGardener/serial_motor_demo/serial_motor_demo_msgs) by extensions ['colcon_pkg']
[0.264s] Level 1:colcon.colcon_core.package_identification:_identify(scr/RoboGardener/serial_motor_demo/serial_motor_demo_msgs) by extension 'colcon_pkg'
[0.264s] Level 1:colcon.colcon_core.package_identification:_identify(scr/RoboGardener/serial_motor_demo/serial_motor_demo_msgs) by extensions ['colcon_meta']
[0.264s] Level 1:colcon.colcon_core.package_identification:_identify(scr/RoboGardener/serial_motor_demo/serial_motor_demo_msgs) by extension 'colcon_meta'
[0.265s] Level 1:colcon.colcon_core.package_identification:_identify(scr/RoboGardener/serial_motor_demo/serial_motor_demo_msgs) by extensions ['ros']
[0.265s] Level 1:colcon.colcon_core.package_identification:_identify(scr/RoboGardener/serial_motor_demo/serial_motor_demo_msgs) by extension 'ros'
[0.265s] DEBUG:colcon.colcon_core.package_identification:Package 'scr/RoboGardener/serial_motor_demo/serial_motor_demo_msgs' with type 'ros.ament_cmake' and name 'serial_motor_demo_msgs'
[0.265s] Level 1:colcon.colcon_core.package_discovery:discover_packages(recursive) using defaults
[0.265s] Level 1:colcon.colcon_core.package_discovery:discover_packages(ignore) discover
[0.265s] Level 1:colcon.colcon_core.package_discovery:discover_packages(ignore) using defaults
[0.265s] Level 1:colcon.colcon_core.package_discovery:discover_packages(path) discover
[0.265s] Level 1:colcon.colcon_core.package_discovery:discover_packages(path) using defaults
[0.289s] Level 1:colcon.colcon_core.package_discovery:discover_packages(prefix_path) check parameters
[0.289s] Level 1:colcon.colcon_core.package_discovery:discover_packages(prefix_path) discover
[0.291s] DEBUG:colcon.colcon_installed_package_information.package_discovery:Found 1 installed packages in /home/noi/robogardener/install
[0.294s] DEBUG:colcon.colcon_installed_package_information.package_discovery:Found 362 installed packages in /opt/ros/rolling
[0.295s] Level 1:colcon.colcon_core.package_discovery:discover_packages(prefix_path) using defaults
[0.366s] Level 5:colcon.colcon_core.verb:set package 'robogardener' build argument 'cmake_args' from command line to 'None'
[0.366s] Level 5:colcon.colcon_core.verb:set package 'robogardener' build argument 'cmake_target' from command line to 'None'
[0.366s] Level 5:colcon.colcon_core.verb:set package 'robogardener' build argument 'cmake_target_skip_unavailable' from command line to 'False'
[0.366s] Level 5:colcon.colcon_core.verb:set package 'robogardener' build argument 'cmake_clean_cache' from command line to 'False'
[0.366s] Level 5:colcon.colcon_core.verb:set package 'robogardener' build argument 'cmake_clean_first' from command line to 'False'
[0.366s] Level 5:colcon.colcon_core.verb:set package 'robogardener' build argument 'cmake_force_configure' from command line to 'False'
[0.366s] Level 5:colcon.colcon_core.verb:set package 'robogardener' build argument 'ament_cmake_args' from command line to 'None'
[0.366s] Level 5:colcon.colcon_core.verb:set package 'robogardener' build argument 'catkin_cmake_args' from command line to 'None'
[0.366s] Level 5:colcon.colcon_core.verb:set package 'robogardener' build argument 'catkin_skip_building_tests' from command line to 'False'
[0.366s] DEBUG:colcon.colcon_core.verb:Building package 'robogardener' with the following arguments: {'ament_cmake_args': None, 'build_base': '/home/noi/robogardener/build/robogardener', 'catkin_cmake_args': None, 'catkin_skip_building_tests': False, 'cmake_args': None, 'cmake_clean_cache': False, 'cmake_clean_first': False, 'cmake_force_configure': False, 'cmake_target': None, 'cmake_target_skip_unavailable': False, 'install_base': '/home/noi/robogardener/install/robogardener', 'merge_install': False, 'path': '/home/noi/robogardener/scr/RoboGardener/model', 'symlink_install': False, 'test_result_base': None}
[0.366s] Level 5:colcon.colcon_core.verb:set package 'serial_motor_demo_msgs' build argument 'cmake_args' from command line to 'None'
[0.366s] Level 5:colcon.colcon_core.verb:set package 'serial_motor_demo_msgs' build argument 'cmake_target' from command line to 'None'
[0.366s] Level 5:colcon.colcon_core.verb:set package 'serial_motor_demo_msgs' build argument 'cmake_target_skip_unavailable' from command line to 'False'
[0.367s] Level 5:colcon.colcon_core.verb:set package 'serial_motor_demo_msgs' build argument 'cmake_clean_cache' from command line to 'False'
[0.367s] Level 5:colcon.colcon_core.verb:set package 'serial_motor_demo_msgs' build argument 'cmake_clean_first' from command line to 'False'
[0.367s] Level 5:colcon.colcon_core.verb:set package 'serial_motor_demo_msgs' build argument 'cmake_force_configure' from command line to 'False'
[0.367s] Level 5:colcon.colcon_core.verb:set package 'serial_motor_demo_msgs' build argument 'ament_cmake_args' from command line to 'None'
[0.367s] Level 5:colcon.colcon_core.verb:set package 'serial_motor_demo_msgs' build argument 'catkin_cmake_args' from command line to 'None'
[0.367s] Level 5:colcon.colcon_core.verb:set package 'serial_motor_demo_msgs' build argument 'catkin_skip_building_tests' from command line to 'False'
[0.367s] DEBUG:colcon.colcon_core.verb:Building package 'serial_motor_demo_msgs' with the following arguments: {'ament_cmake_args': None, 'build_base': '/home/noi/robogardener/build/serial_motor_demo_msgs', 'catkin_cmake_args': None, 'catkin_skip_building_tests': False, 'cmake_args': None, 'cmake_clean_cache': False, 'cmake_clean_first': False, 'cmake_force_configure': False, 'cmake_target': None, 'cmake_target_skip_unavailable': False, 'install_base': '/home/noi/robogardener/install/serial_motor_demo_msgs', 'merge_install': False, 'path': '/home/noi/robogardener/scr/RoboGardener/serial_motor_demo/serial_motor_demo_msgs', 'symlink_install': False, 'test_result_base': None}
[0.367s] Level 5:colcon.colcon_core.verb:set package 'serial_motor_demo' build argument 'cmake_args' from command line to 'None'
[0.367s] Level 5:colcon.colcon_core.verb:set package 'serial_motor_demo' build argument 'cmake_target' from command line to 'None'
[0.367s] Level 5:colcon.colcon_core.verb:set package 'serial_motor_demo' build argument 'cmake_target_skip_unavailable' from command line to 'False'
[0.367s] Level 5:colcon.colcon_core.verb:set package 'serial_motor_demo' build argument 'cmake_clean_cache' from command line to 'False'
[0.367s] Level 5:colcon.colcon_core.verb:set package 'serial_motor_demo' build argument 'cmake_clean_first' from command line to 'False'
[0.367s] Level 5:colcon.colcon_core.verb:set package 'serial_motor_demo' build argument 'cmake_force_configure' from command line to 'False'
[0.367s] Level 5:colcon.colcon_core.verb:set package 'serial_motor_demo' build argument 'ament_cmake_args' from command line to 'None'
[0.367s] Level 5:colcon.colcon_core.verb:set package 'serial_motor_demo' build argument 'catkin_cmake_args' from command line to 'None'
[0.367s] Level 5:colcon.colcon_core.verb:set package 'serial_motor_demo' build argument 'catkin_skip_building_tests' from command line to 'False'
[0.367s] DEBUG:colcon.colcon_core.verb:Building package 'serial_motor_demo' with the following arguments: {'ament_cmake_args': None, 'build_base': '/home/noi/robogardener/build/serial_motor_demo', 'catkin_cmake_args': None, 'catkin_skip_building_tests': False, 'cmake_args': None, 'cmake_clean_cache': False, 'cmake_clean_first': False, 'cmake_force_configure': False, 'cmake_target': None, 'cmake_target_skip_unavailable': False, 'install_base': '/home/noi/robogardener/install/serial_motor_demo', 'merge_install': False, 'path': '/home/noi/robogardener/scr/RoboGardener/serial_motor_demo/serial_motor_demo', 'symlink_install': False, 'test_result_base': None}
[0.367s] INFO:colcon.colcon_core.executor:Executing jobs using 'parallel' executor
[0.369s] DEBUG:colcon.colcon_parallel_executor.executor.parallel:run_until_complete
[0.369s] INFO:colcon.colcon_ros.task.ament_cmake.build:Building ROS package in '/home/noi/robogardener/scr/RoboGardener/serial_motor_demo/serial_motor_demo_msgs' with build type 'ament_cmake'
[0.369s] INFO:colcon.colcon_cmake.task.cmake.build:Building CMake package in '/home/noi/robogardener/scr/RoboGardener/serial_motor_demo/serial_motor_demo_msgs'
[0.372s] INFO:colcon.colcon_core.plugin_system:Skipping extension 'colcon_core.shell.bat': Not used on non-Windows systems
[0.372s] INFO:colcon.colcon_core.shell:Skip shell extension 'powershell' for command environment: Not usable outside of PowerShell
[0.372s] DEBUG:colcon.colcon_core.shell:Skip shell extension 'dsv' for command environment
[0.378s] INFO:colcon.colcon_ros.task.ament_cmake.build:Building ROS package in '/home/noi/robogardener/scr/RoboGardener/model' with build type 'ament_cmake'
[0.378s] INFO:colcon.colcon_cmake.task.cmake.build:Building CMake package in '/home/noi/robogardener/scr/RoboGardener/model'
[0.379s] INFO:colcon.colcon_core.shell:Skip shell extension 'powershell' for command environment: Not usable outside of PowerShell
[0.379s] DEBUG:colcon.colcon_core.shell:Skip shell extension 'dsv' for command environment
[0.396s] DEBUG:colcon.colcon_core.event_handler.log_command:Invoking command in '/home/noi/robogardener/build/serial_motor_demo_msgs': CMAKE_PREFIX_PATH=${CMAKE_PREFIX_PATH}:/opt/ros/rolling DEBUGINFOD_URLS=https://debuginfod.ubuntu.com /usr/bin/cmake /home/noi/robogardener/scr/RoboGardener/serial_motor_demo/serial_motor_demo_msgs -DCMAKE_INSTALL_PREFIX=/home/noi/robogardener/install/serial_motor_demo_msgs
[0.410s] DEBUG:colcon.colcon_core.event_handler.log_command:Invoking command in '/home/noi/robogardener/build/robogardener': CMAKE_PREFIX_PATH=${CMAKE_PREFIX_PATH}:/opt/ros/rolling DEBUGINFOD_URLS=https://debuginfod.ubuntu.com /usr/bin/cmake --build /home/noi/robogardener/build/robogardener -- -j8 -l8
[0.469s] DEBUG:colcon.colcon_core.event_handler.log_command:Invoked command in '/home/noi/robogardener/build/robogardener' returned '2': CMAKE_PREFIX_PATH=${CMAKE_PREFIX_PATH}:/opt/ros/rolling DEBUGINFOD_URLS=https://debuginfod.ubuntu.com /usr/bin/cmake --build /home/noi/robogardener/build/robogardener -- -j8 -l8
[0.536s] Level 1:colcon.colcon_core.environment:create_environment_scripts_only(robogardener)
[0.539s] Level 1:colcon.colcon_core.environment:checking '/home/noi/robogardener/install/robogardener' for CMake module files
[0.540s] Level 1:colcon.colcon_core.environment:checking '/home/noi/robogardener/install/robogardener' for CMake config files
[0.541s] Level 1:colcon.colcon_core.shell:create_environment_hook('robogardener', 'cmake_prefix_path')
[0.541s] INFO:colcon.colcon_core.shell:Creating environment hook '/home/noi/robogardener/install/robogardener/share/robogardener/hook/cmake_prefix_path.ps1'
[0.542s] INFO:colcon.colcon_core.shell:Creating environment descriptor '/home/noi/robogardener/install/robogardener/share/robogardener/hook/cmake_prefix_path.dsv'
[0.542s] INFO:colcon.colcon_core.shell:Creating environment hook '/home/noi/robogardener/install/robogardener/share/robogardener/hook/cmake_prefix_path.sh'
[0.544s] Level 1:colcon.colcon_core.environment:checking '/home/noi/robogardener/install/robogardener/bin'
[0.544s] Level 1:colcon.colcon_core.environment:checking '/home/noi/robogardener/install/robogardener/lib/pkgconfig/robogardener.pc'
[0.544s] Level 1:colcon.colcon_core.environment:checking '/home/noi/robogardener/install/robogardener/lib/python3.12/site-packages'
[0.544s] Level 1:colcon.colcon_core.environment:checking '/home/noi/robogardener/install/robogardener/bin'
[0.545s] INFO:colcon.colcon_core.shell:Creating package script '/home/noi/robogardener/install/robogardener/share/robogardener/package.ps1'
[0.546s] INFO:colcon.colcon_core.shell:Creating package descriptor '/home/noi/robogardener/install/robogardener/share/robogardener/package.dsv'
[0.547s] INFO:colcon.colcon_core.shell:Creating package script '/home/noi/robogardener/install/robogardener/share/robogardener/package.sh'
[0.548s] INFO:colcon.colcon_core.shell:Creating package script '/home/noi/robogardener/install/robogardener/share/robogardener/package.bash'
[0.550s] INFO:colcon.colcon_core.shell:Creating package script '/home/noi/robogardener/install/robogardener/share/robogardener/package.zsh'
[0.551s] Level 1:colcon.colcon_core.environment:create_file_with_runtime_dependencies(/home/noi/robogardener/install/robogardener/share/colcon-core/packages/robogardener)
[6.451s] DEBUG:colcon.colcon_parallel_executor.executor.parallel:closing loop
[6.451s] DEBUG:colcon.colcon_parallel_executor.executor.parallel:loop closed
[6.451s] DEBUG:colcon.colcon_parallel_executor.executor.parallel:run_until_complete finished with '2'
[6.452s] DEBUG:colcon.colcon_core.event_reactor:joining thread
[6.473s] INFO:colcon.colcon_core.plugin_system:Skipping extension 'colcon_notification.desktop_notification.terminal_notifier': Not used on non-Darwin systems
[6.473s] INFO:colcon.colcon_core.plugin_system:Skipping extension 'colcon_notification.desktop_notification.win32': Not used on non-Windows systems
[6.474s] INFO:colcon.colcon_notification.desktop_notification:Sending desktop notification using 'notify2'
[6.512s] DEBUG:colcon.colcon_core.event_reactor:joined thread
[6.513s] INFO:colcon.colcon_core.shell:Creating prefix script '/home/noi/robogardener/install/local_setup.ps1'
[6.515s] INFO:colcon.colcon_core.shell:Creating prefix util module '/home/noi/robogardener/install/_local_setup_util_ps1.py'
[6.518s] INFO:colcon.colcon_core.shell:Creating prefix chain script '/home/noi/robogardener/install/setup.ps1'
[6.520s] INFO:colcon.colcon_core.shell:Creating prefix script '/home/noi/robogardener/install/local_setup.sh'
[6.521s] INFO:colcon.colcon_core.shell:Creating prefix util module '/home/noi/robogardener/install/_local_setup_util_sh.py'
[6.522s] INFO:colcon.colcon_core.shell:Creating prefix chain script '/home/noi/robogardener/install/setup.sh'
[6.524s] INFO:colcon.colcon_core.shell:Creating prefix script '/home/noi/robogardener/install/local_setup.bash'
[6.525s] INFO:colcon.colcon_core.shell:Creating prefix chain script '/home/noi/robogardener/install/setup.bash'
[6.527s] INFO:colcon.colcon_core.shell:Creating prefix script '/home/noi/robogardener/install/local_setup.zsh'
[6.528s] INFO:colcon.colcon_core.shell:Creating prefix chain script '/home/noi/robogardener/install/setup.zsh'
