[0.018s] Invoking command in '/home/noi/robogardener/build/model': CMAKE_PREFIX_PATH=${CMAKE_PREFIX_PATH}:/opt/ros/rolling DEBUGINFOD_URLS=https://debuginfod.ubuntu.com /usr/bin/cmake /home/noi/robogardener/scr/RoboGardener/model -DCMAKE_INSTALL_PREFIX=/home/noi/robogardener/install/model
[0.149s] -- The C compiler identification is GNU 13.2.0
[0.267s] -- The CXX compiler identification is GNU 13.2.0
[0.324s] -- Detecting C compiler ABI info
[0.576s] -- Detecting C compiler ABI info - done
[0.598s] -- Check for working C compiler: /usr/bin/cc - skipped
[0.599s] -- Detecting C compile features
[0.600s] -- Detecting C compile features - done
[0.622s] -- Detecting CXX compiler ABI info
[0.828s] -- Detecting CXX compiler ABI info - done
[0.847s] -- Check for working CXX compiler: /usr/bin/c++ - skipped
[0.848s] -- Detecting CXX compile features
[0.849s] -- Detecting CXX compile features - done
[0.857s] -- Found ament_cmake: 2.7.0 (/opt/ros/rolling/share/ament_cmake/cmake)
[1.178s] -- Found Python3: /usr/bin/python3 (found version "3.12.3") found components: Interpreter 
[1.413s] -- Found ament_lint_auto: 0.18.1 (/opt/ros/rolling/share/ament_lint_auto/cmake)
[1.572s] -- Configuring done (1.5s)
[1.580s] -- Generating done (0.0s)
[1.582s] -- Build files have been written to: /home/noi/robogardener/build/model
[1.592s] Invoked command in '/home/noi/robogardener/build/model' returned '0': CMAKE_PREFIX_PATH=${CMAKE_PREFIX_PATH}:/opt/ros/rolling DEBUGINFOD_URLS=https://debuginfod.ubuntu.com /usr/bin/cmake /home/noi/robogardener/scr/RoboGardener/model -DCMAKE_INSTALL_PREFIX=/home/noi/robogardener/install/model
[1.595s] Invoking command in '/home/noi/robogardener/build/model': CMAKE_PREFIX_PATH=${CMAKE_PREFIX_PATH}:/opt/ros/rolling DEBUGINFOD_URLS=https://debuginfod.ubuntu.com /usr/bin/cmake --build /home/noi/robogardener/build/model -- -j8 -l8
[1.687s] Invoked command in '/home/noi/robogardener/build/model' returned '0': CMAKE_PREFIX_PATH=${CMAKE_PREFIX_PATH}:/opt/ros/rolling DEBUGINFOD_URLS=https://debuginfod.ubuntu.com /usr/bin/cmake --build /home/noi/robogardener/build/model -- -j8 -l8
[1.764s] Invoking command in '/home/noi/robogardener/build/model': CMAKE_PREFIX_PATH=${CMAKE_PREFIX_PATH}:/opt/ros/rolling DEBUGINFOD_URLS=https://debuginfod.ubuntu.com /usr/bin/cmake --install /home/noi/robogardener/build/model
[1.779s] -- Install configuration: ""
[1.779s] -- Installing: /home/noi/robogardener/install/model/share/model/config
[1.780s] -- Installing: /home/noi/robogardener/install/model/share/model/config/robogardner_config.rviz
[1.780s] -- Installing: /home/noi/robogardener/install/model/share/model/config/twist_mux.yaml
[1.780s] -- Installing: /home/noi/robogardener/install/model/share/model/config/gz_bridge.yaml
[1.781s] -- Installing: /home/noi/robogardener/install/model/share/model/config/batmobil_config.rviz
[1.781s] -- Installing: /home/noi/robogardener/install/model/share/model/description
[1.781s] -- Installing: /home/noi/robogardener/install/model/share/model/description/ros2_control.xacro
[1.782s] -- Installing: /home/noi/robogardener/install/model/share/model/description/materials.xacro
[1.782s] -- Installing: /home/noi/robogardener/install/model/share/model/description/core_model.xacro
[1.782s] -- Installing: /home/noi/robogardener/install/model/share/model/description/gazebo_sim
[1.782s] -- Installing: /home/noi/robogardener/install/model/share/model/description/gazebo_sim/__pycache__
[1.783s] -- Installing: /home/noi/robogardener/install/model/share/model/description/gazebo_sim/__pycache__/diff_drive_with_world.cpython-312.pyc
[1.786s] -- Installing: /home/noi/robogardener/install/model/share/model/description/gazebo_sim/__pycache__/batmobil_launch.cpython-312.pyc
[1.786s] -- Installing: /home/noi/robogardener/install/model/share/model/description/gazebo_sim/batmobil_launch.py
[1.786s] -- Installing: /home/noi/robogardener/install/model/share/model/description/gazebo_sim/diff_drive_with_world.py
[1.787s] -- Installing: /home/noi/robogardener/install/model/share/model/description/gazebo_sim/empty_world.sdf
[1.787s] -- Installing: /home/noi/robogardener/install/model/share/model/description/gazebo_sim/batmobil_world.sdf
[1.788s] -- Installing: /home/noi/robogardener/install/model/share/model/description/robo.urdf.xacro
[1.788s] -- Installing: /home/noi/robogardener/install/model/share/model/description/gz_control.xacro
[1.789s] -- Installing: /home/noi/robogardener/install/model/share/model/description/roboter_frames
[1.789s] -- Installing: /home/noi/robogardener/install/model/share/model/description/roboter_frames/frames_2024-08-26_22.26.15.gv
[1.789s] -- Installing: /home/noi/robogardener/install/model/share/model/description/roboter_frames/frames_2024-08-26_22.26.15.pdf
[1.790s] -- Installing: /home/noi/robogardener/install/model/share/model/launch
[1.790s] -- Installing: /home/noi/robogardener/install/model/share/model/launch/__pycache__
[1.791s] -- Installing: /home/noi/robogardener/install/model/share/model/launch/__pycache__/rsp.launch.cpython-312.pyc
[1.791s] -- Installing: /home/noi/robogardener/install/model/share/model/launch/__pycache__/sim_gz.launch.cpython-312.pyc
[1.791s] -- Installing: /home/noi/robogardener/install/model/share/model/launch/__pycache__/batmobil_view.launch.cpython-312.pyc
[1.792s] -- Installing: /home/noi/robogardener/install/model/share/model/launch/__pycache__/view_robot.launch.cpython-312.pyc
[1.792s] -- Installing: /home/noi/robogardener/install/model/share/model/launch/sim_gz.launch.py
[1.792s] -- Installing: /home/noi/robogardener/install/model/share/model/launch/view_robot.launch.py
[1.793s] -- Installing: /home/noi/robogardener/install/model/share/model/launch/rsp.launch.py
[1.793s] -- Installing: /home/noi/robogardener/install/model/share/model/launch/log
[1.793s] -- Installing: /home/noi/robogardener/install/model/share/model/launch/log/latest
[1.794s] -- Installing: /home/noi/robogardener/install/model/share/model/launch/log/COLCON_IGNORE
[1.794s] -- Installing: /home/noi/robogardener/install/model/share/model/launch/log/list_2024-11-03_19-07-45
[1.794s] -- Installing: /home/noi/robogardener/install/model/share/model/launch/log/list_2024-11-03_19-07-45/logger_all.log
[1.795s] -- Installing: /home/noi/robogardener/install/model/share/model/launch/log/list_2024-11-03_18-52-03
[1.795s] -- Installing: /home/noi/robogardener/install/model/share/model/launch/log/list_2024-11-03_18-52-03/logger_all.log
[1.795s] -- Installing: /home/noi/robogardener/install/model/share/model/launch/log/list_2024-11-21_16-10-24
[1.795s] -- Installing: /home/noi/robogardener/install/model/share/model/launch/log/latest_list
[1.796s] -- Installing: /home/noi/robogardener/install/model/share/model/launch/log/list_2024-11-20_15-57-46
[1.796s] -- Installing: /home/noi/robogardener/install/model/share/model/launch/log/list_2024-11-20_15-57-46/logger_all.log
[1.796s] -- Installing: /home/noi/robogardener/install/model/share/model/launch/batmobil_view.launch.py
[1.797s] -- Installing: /home/noi/robogardener/install/model/share/model/worlds
[1.797s] -- Installing: /home/noi/robogardener/install/model/share/model/worlds/empty_world
[1.797s] -- Installing: /home/noi/robogardener/install/model/share/ament_index/resource_index/package_run_dependencies/model
[1.798s] -- Installing: /home/noi/robogardener/install/model/share/ament_index/resource_index/parent_prefix_path/model
[1.798s] -- Installing: /home/noi/robogardener/install/model/share/model/environment/ament_prefix_path.sh
[1.798s] -- Installing: /home/noi/robogardener/install/model/share/model/environment/ament_prefix_path.dsv
[1.798s] -- Installing: /home/noi/robogardener/install/model/share/model/environment/path.sh
[1.799s] -- Installing: /home/noi/robogardener/install/model/share/model/environment/path.dsv
[1.799s] -- Installing: /home/noi/robogardener/install/model/share/model/local_setup.bash
[1.799s] -- Installing: /home/noi/robogardener/install/model/share/model/local_setup.sh
[1.800s] -- Installing: /home/noi/robogardener/install/model/share/model/local_setup.zsh
[1.800s] -- Installing: /home/noi/robogardener/install/model/share/model/local_setup.dsv
[1.800s] -- Installing: /home/noi/robogardener/install/model/share/model/package.dsv
[1.801s] -- Installing: /home/noi/robogardener/install/model/share/ament_index/resource_index/packages/model
[1.801s] -- Installing: /home/noi/robogardener/install/model/share/model/cmake/modelConfig.cmake
[1.801s] -- Installing: /home/noi/robogardener/install/model/share/model/cmake/modelConfig-version.cmake
[1.801s] -- Installing: /home/noi/robogardener/install/model/share/model/package.xml
[1.805s] Invoked command in '/home/noi/robogardener/build/model' returned '0': CMAKE_PREFIX_PATH=${CMAKE_PREFIX_PATH}:/opt/ros/rolling DEBUGINFOD_URLS=https://debuginfod.ubuntu.com /usr/bin/cmake --install /home/noi/robogardener/build/model
