[1.437s] Invoking command in '/home/noi/robogardener/scr/RoboGardener/serial_motor_demo/serial_motor_demo': DEBUGINFOD_URLS=https://debuginfod.ubuntu.com PYTHONPATH=/home/noi/robogardener/build/serial_motor_demo/prefix_override:/usr/lib/python3/dist-packages/colcon_core/task/python/colcon_distutils_commands:/home/noi/robogardener/install/serial_motor_demo/lib/python3.12/site-packages:/home/noi/robogardener/install/serial_motor_demo_msgs/lib/python3.12/site-packages:/home/noi/robogardener/install/serial_motor_demo/lib/python3.12/site-packages:/opt/ros/rolling/lib/python3.12/site-packages /usr/bin/python3 -W ignore:setup.py install is deprecated setup.py egg_info --egg-base ../../../../build/serial_motor_demo build --build-base /home/noi/robogardener/build/serial_motor_demo/build install --record /home/noi/robogardener/build/serial_motor_demo/install.log --install-scripts $base/lib/serial_motor_demo --single-version-externally-managed install_data
[1.637s] /usr/lib/python3/dist-packages/setuptools/dist.py:744: SetuptoolsDeprecationWarning: Invalid dash-separated options
[1.638s] !!
[1.638s] 
[1.638s]         ********************************************************************************
[1.638s]         Usage of dash-separated 'script-dir' will not be supported in future
[1.639s]         versions. Please use the underscore name 'script_dir' instead.
[1.639s] 
[1.639s]         This deprecation is overdue, please update your project and remove deprecated
[1.640s]         calls to avoid build errors in the future.
[1.640s] 
[1.640s]         See https://setuptools.pypa.io/en/latest/userguide/declarative_config.html for details.
[1.641s]         ********************************************************************************
[1.641s] 
[1.641s] !!
[1.641s]   opt = self.warn_dash_deprecation(opt, section)
[1.882s] running egg_info
[1.919s] writing ../../../../build/serial_motor_demo/serial_motor_demo.egg-info/PKG-INFO
[1.920s] writing dependency_links to ../../../../build/serial_motor_demo/serial_motor_demo.egg-info/dependency_links.txt
[1.920s] writing entry points to ../../../../build/serial_motor_demo/serial_motor_demo.egg-info/entry_points.txt
[1.921s] writing requirements to ../../../../build/serial_motor_demo/serial_motor_demo.egg-info/requires.txt
[1.921s] writing top-level names to ../../../../build/serial_motor_demo/serial_motor_demo.egg-info/top_level.txt
[1.992s] reading manifest file '../../../../build/serial_motor_demo/serial_motor_demo.egg-info/SOURCES.txt'
[1.993s] writing manifest file '../../../../build/serial_motor_demo/serial_motor_demo.egg-info/SOURCES.txt'
[1.993s] running build
[1.993s] running build_py
[1.994s] running install
[2.005s] running install_lib
[2.050s] running install_data
[2.050s] running install_egg_info
[2.084s] removing '/home/noi/robogardener/install/serial_motor_demo/lib/python3.12/site-packages/serial_motor_demo-0.0.0-py3.12.egg-info' (and everything under it)
[2.085s] Copying ../../../../build/serial_motor_demo/serial_motor_demo.egg-info to /home/noi/robogardener/install/serial_motor_demo/lib/python3.12/site-packages/serial_motor_demo-0.0.0-py3.12.egg-info
[2.086s] running install_scripts
[2.315s] Installing driver script to /home/noi/robogardener/install/serial_motor_demo/lib/serial_motor_demo
[2.315s] Installing gui script to /home/noi/robogardener/install/serial_motor_demo/lib/serial_motor_demo
[2.316s] writing list of installed files to '/home/noi/robogardener/build/serial_motor_demo/install.log'
[2.369s] Invoked command in '/home/noi/robogardener/scr/RoboGardener/serial_motor_demo/serial_motor_demo' returned '0': DEBUGINFOD_URLS=https://debuginfod.ubuntu.com PYTHONPATH=/home/noi/robogardener/build/serial_motor_demo/prefix_override:/usr/lib/python3/dist-packages/colcon_core/task/python/colcon_distutils_commands:/home/noi/robogardener/install/serial_motor_demo/lib/python3.12/site-packages:/home/noi/robogardener/install/serial_motor_demo_msgs/lib/python3.12/site-packages:/home/noi/robogardener/install/serial_motor_demo/lib/python3.12/site-packages:/opt/ros/rolling/lib/python3.12/site-packages /usr/bin/python3 -W ignore:setup.py install is deprecated setup.py egg_info --egg-base ../../../../build/serial_motor_demo build --build-base /home/noi/robogardener/build/serial_motor_demo/build install --record /home/noi/robogardener/build/serial_motor_demo/install.log --install-scripts $base/lib/serial_motor_demo --single-version-externally-managed install_data
