[0.027s] Invoking command in '/home/noi/robogardener/build/model': CMAKE_PREFIX_PATH=${CMAKE_PREFIX_PATH}:/home/noi/robogardener/install/serial_motor_demo:/opt/ros/rolling DEBUGINFOD_URLS=https://debuginfod.ubuntu.com /usr/bin/cmake /home/noi/robogardener/scr/RoboGardener/model -DCMAKE_INSTALL_PREFIX=/home/noi/robogardener/install/model
[0.076s] -- Found ament_cmake: 2.7.0 (/opt/ros/rolling/share/ament_cmake/cmake)
[0.727s] -- Override CMake install command with custom implementation using symlinks instead of copying resources
[0.750s] -- Found ament_lint_auto: 0.18.1 (/opt/ros/rolling/share/ament_lint_auto/cmake)
[0.978s] -- Configuring done (0.9s)
[0.990s] -- Generating done (0.0s)
[0.994s] -- Build files have been written to: /home/noi/robogardener/build/model
[1.003s] Invoked command in '/home/noi/robogardener/build/model' returned '0': CMAKE_PREFIX_PATH=${CMAKE_PREFIX_PATH}:/home/noi/robogardener/install/serial_motor_demo:/opt/ros/rolling DEBUGINFOD_URLS=https://debuginfod.ubuntu.com /usr/bin/cmake /home/noi/robogardener/scr/RoboGardener/model -DCMAKE_INSTALL_PREFIX=/home/noi/robogardener/install/model
[1.007s] Invoking command in '/home/noi/robogardener/build/model': CMAKE_PREFIX_PATH=${CMAKE_PREFIX_PATH}:/home/noi/robogardener/install/serial_motor_demo:/opt/ros/rolling DEBUGINFOD_URLS=https://debuginfod.ubuntu.com /usr/bin/cmake --build /home/noi/robogardener/build/model -- -j8 -l8
[1.127s] Invoked command in '/home/noi/robogardener/build/model' returned '0': CMAKE_PREFIX_PATH=${CMAKE_PREFIX_PATH}:/home/noi/robogardener/install/serial_motor_demo:/opt/ros/rolling DEBUGINFOD_URLS=https://debuginfod.ubuntu.com /usr/bin/cmake --build /home/noi/robogardener/build/model -- -j8 -l8
[1.207s] Invoking command in '/home/noi/robogardener/build/model': CMAKE_PREFIX_PATH=${CMAKE_PREFIX_PATH}:/home/noi/robogardener/install/serial_motor_demo:/opt/ros/rolling DEBUGINFOD_URLS=https://debuginfod.ubuntu.com /usr/bin/cmake --install /home/noi/robogardener/build/model
[1.235s] -- Install configuration: ""
[1.236s] -- Execute custom install script
[1.238s] -- Up-to-date symlink: /home/noi/robogardener/install/model/share/model/config/batmobil_config.rviz
[1.238s] -- Up-to-date symlink: /home/noi/robogardener/install/model/share/model/config/gz_bridge.yaml
[1.238s] -- Up-to-date symlink: /home/noi/robogardener/install/model/share/model/config/robogardner_config.rviz
[1.239s] -- Up-to-date symlink: /home/noi/robogardener/install/model/share/model/config/twist_mux.yaml
[1.240s] -- Up-to-date symlink: /home/noi/robogardener/install/model/share/model/description/core_model.xacro
[1.240s] -- Up-to-date symlink: /home/noi/robogardener/install/model/share/model/description/gazebo_sim/__pycache__/batmobil_launch.cpython-312.pyc
[1.241s] -- Up-to-date symlink: /home/noi/robogardener/install/model/share/model/description/gazebo_sim/__pycache__/diff_drive_with_world.cpython-312.pyc
[1.241s] -- Up-to-date symlink: /home/noi/robogardener/install/model/share/model/description/gazebo_sim/batmobil_launch.py
[1.241s] -- Up-to-date symlink: /home/noi/robogardener/install/model/share/model/description/gazebo_sim/batmobil_world.sdf
[1.242s] -- Up-to-date symlink: /home/noi/robogardener/install/model/share/model/description/gazebo_sim/diff_drive_with_world.py
[1.242s] -- Up-to-date symlink: /home/noi/robogardener/install/model/share/model/description/gazebo_sim/empty_world.sdf
[1.242s] -- Up-to-date symlink: /home/noi/robogardener/install/model/share/model/description/gz_control.xacro
[1.243s] -- Up-to-date symlink: /home/noi/robogardener/install/model/share/model/description/materials.xacro
[1.243s] -- Up-to-date symlink: /home/noi/robogardener/install/model/share/model/description/robo.urdf.xacro
[1.243s] -- Up-to-date symlink: /home/noi/robogardener/install/model/share/model/description/roboter_frames/frames_2024-08-26_22.26.15.gv
[1.244s] -- Up-to-date symlink: /home/noi/robogardener/install/model/share/model/description/roboter_frames/frames_2024-08-26_22.26.15.pdf
[1.244s] -- Up-to-date symlink: /home/noi/robogardener/install/model/share/model/description/ros2_control.xacro
[1.245s] [33mCMake Warning (dev) at ament_cmake_symlink_install/ament_cmake_symlink_install.cmake:62 (file):
[1.245s]   Policy CMP0009 is not set: FILE GLOB_RECURSE calls should not follow
[1.246s]   symlinks by default.  Run "cmake --help-policy CMP0009" for policy details.
[1.246s]   Use the cmake_policy command to set the policy and suppress this warning.
[1.246s] Call Stack (most recent call first):
[1.246s]   ament_cmake_symlink_install/ament_cmake_symlink_install.cmake:314 (ament_cmake_symlink_install_directory)
[1.247s]   cmake_install.cmake:46 (include)
[1.247s] This warning is for project developers.  Use -Wno-dev to suppress it.
[1.247s] [0m
[1.247s] -- Up-to-date symlink: /home/noi/robogardener/install/model/share/model/launch/__pycache__/batmobil_view.launch.cpython-312.pyc
[1.248s] -- Symlinking: /home/noi/robogardener/install/model/share/model/launch/__pycache__/rsp.launch.cpython-312.pyc
[1.274s] -- Up-to-date symlink: /home/noi/robogardener/install/model/share/model/launch/__pycache__/sim_gz.launch.cpython-312.pyc
[1.275s] -- Up-to-date symlink: /home/noi/robogardener/install/model/share/model/launch/__pycache__/view_robot.launch.cpython-312.pyc
[1.275s] -- Up-to-date symlink: /home/noi/robogardener/install/model/share/model/launch/batmobil_view.launch.py
[1.276s] -- Up-to-date symlink: /home/noi/robogardener/install/model/share/model/launch/log/COLCON_IGNORE
[1.276s] -- Up-to-date symlink: /home/noi/robogardener/install/model/share/model/launch/log/latest/logger_all.log
[1.276s] -- Up-to-date symlink: /home/noi/robogardener/install/model/share/model/launch/log/latest_list/logger_all.log
[1.277s] -- Up-to-date symlink: /home/noi/robogardener/install/model/share/model/launch/log/list_2024-11-03_18-52-03/logger_all.log
[1.277s] -- Up-to-date symlink: /home/noi/robogardener/install/model/share/model/launch/log/list_2024-11-03_19-07-45/logger_all.log
[1.277s] -- Up-to-date symlink: /home/noi/robogardener/install/model/share/model/launch/log/list_2024-11-20_15-57-46/logger_all.log
[1.278s] -- Symlinking: /home/noi/robogardener/install/model/share/model/launch/model_motor.launch.py
[1.301s] -- Up-to-date symlink: /home/noi/robogardener/install/model/share/model/launch/rsp.launch.py
[1.301s] -- Up-to-date symlink: /home/noi/robogardener/install/model/share/model/launch/sim_gz.launch.py
[1.302s] -- Up-to-date symlink: /home/noi/robogardener/install/model/share/model/launch/view_robot.launch.py
[1.302s] -- Up-to-date symlink: /home/noi/robogardener/install/model/share/model/worlds/empty_world
[1.302s] -- Up-to-date symlink: /home/noi/robogardener/install/model/share/ament_index/resource_index/package_run_dependencies/model
[1.302s] -- Up-to-date symlink: /home/noi/robogardener/install/model/share/ament_index/resource_index/parent_prefix_path/model
[1.303s] -- Up-to-date symlink: /home/noi/robogardener/install/model/share/model/environment/ament_prefix_path.sh
[1.303s] -- Up-to-date symlink: /home/noi/robogardener/install/model/share/model/environment/ament_prefix_path.dsv
[1.304s] -- Up-to-date symlink: /home/noi/robogardener/install/model/share/model/environment/path.sh
[1.305s] -- Up-to-date symlink: /home/noi/robogardener/install/model/share/model/environment/path.dsv
[1.306s] -- Up-to-date symlink: /home/noi/robogardener/install/model/share/model/local_setup.bash
[1.306s] -- Up-to-date symlink: /home/noi/robogardener/install/model/share/model/local_setup.sh
[1.307s] -- Up-to-date symlink: /home/noi/robogardener/install/model/share/model/local_setup.zsh
[1.308s] -- Up-to-date symlink: /home/noi/robogardener/install/model/share/model/local_setup.dsv
[1.308s] -- Symlinking: /home/noi/robogardener/install/model/share/model/package.dsv
[1.338s] -- Up-to-date symlink: /home/noi/robogardener/install/model/share/ament_index/resource_index/packages/model
[1.339s] -- Up-to-date symlink: /home/noi/robogardener/install/model/share/model/cmake/modelConfig.cmake
[1.339s] -- Up-to-date symlink: /home/noi/robogardener/install/model/share/model/cmake/modelConfig-version.cmake
[1.340s] -- Up-to-date symlink: /home/noi/robogardener/install/model/share/model/package.xml
[1.345s] Invoked command in '/home/noi/robogardener/build/model' returned '0': CMAKE_PREFIX_PATH=${CMAKE_PREFIX_PATH}:/home/noi/robogardener/install/serial_motor_demo:/opt/ros/rolling DEBUGINFOD_URLS=https://debuginfod.ubuntu.com /usr/bin/cmake --install /home/noi/robogardener/build/model
