[0.154s] DEBUG:colcon:Command line arguments: ['/usr/bin/colcon', 'build', '--packages-select', 'model']
[0.154s] DEBUG:colcon:Parsed command line arguments: Namespace(log_base=None, log_level=None, verb_name='build', build_base='build', install_base='install', merge_install=False, symlink_install=False, test_result_base=None, continue_on_error=False, executor='parallel', parallel_workers=8, event_handlers=None, ignore_user_meta=False, metas=['./colcon.meta'], base_paths=['.'], packages_ignore=None, packages_ignore_regex=None, paths=None, packages_up_to=None, packages_up_to_regex=None, packages_above=None, packages_above_and_dependencies=None, packages_above_depth=None, packages_select_by_dep=None, packages_skip_by_dep=None, packages_skip_up_to=None, packages_select_build_failed=False, packages_skip_build_finished=False, packages_select_test_failures=False, packages_skip_test_passed=False, packages_select=['model'], packages_skip=None, packages_select_regex=None, packages_skip_regex=None, packages_start=None, packages_end=None, allow_overriding=[], cmake_args=None, cmake_target=None, cmake_target_skip_unavailable=False, cmake_clean_cache=False, cmake_clean_first=False, cmake_force_configure=False, ament_cmake_args=None, catkin_cmake_args=None, catkin_skip_building_tests=False, mixin_files=None, mixin=None, verb_parser=<colcon_mixin.mixin.mixin_argument.MixinArgumentDecorator object at 0x7a1c93f730e0>, verb_extension=<colcon_core.verb.build.BuildVerb object at 0x7a1c93f72e10>, main=<bound method BuildVerb.main of <colcon_core.verb.build.BuildVerb object at 0x7a1c93f72e10>>, mixin_verb=('build',))
[0.214s] Level 1:colcon.colcon_core.package_discovery:discover_packages(colcon_meta) check parameters
[0.215s] Level 1:colcon.colcon_core.package_discovery:discover_packages(recursive) check parameters
[0.215s] Level 1:colcon.colcon_core.package_discovery:discover_packages(ignore) check parameters
[0.215s] Level 1:colcon.colcon_core.package_discovery:discover_packages(path) check parameters
[0.215s] Level 1:colcon.colcon_core.package_discovery:discover_packages(colcon_meta) discover
[0.215s] Level 1:colcon.colcon_core.package_discovery:discover_packages(recursive) discover
[0.215s] INFO:colcon.colcon_core.package_discovery:Crawling recursively for packages in '/home/noi/robogardener'
[0.215s] Level 1:colcon.colcon_core.package_identification:_identify(.) by extensions ['ignore', 'ignore_ament_install']
[0.215s] Level 1:colcon.colcon_core.package_identification:_identify(.) by extension 'ignore'
[0.215s] Level 1:colcon.colcon_core.package_identification:_identify(.) by extension 'ignore_ament_install'
[0.215s] Level 1:colcon.colcon_core.package_identification:_identify(.) by extensions ['colcon_pkg']
[0.215s] Level 1:colcon.colcon_core.package_identification:_identify(.) by extension 'colcon_pkg'
[0.215s] Level 1:colcon.colcon_core.package_identification:_identify(.) by extensions ['colcon_meta']
[0.216s] Level 1:colcon.colcon_core.package_identification:_identify(.) by extension 'colcon_meta'
[0.216s] Level 1:colcon.colcon_core.package_identification:_identify(.) by extensions ['ros']
[0.216s] Level 1:colcon.colcon_core.package_identification:_identify(.) by extension 'ros'
[0.248s] Level 1:colcon.colcon_core.package_identification:_identify(.) by extensions ['cmake', 'python']
[0.248s] Level 1:colcon.colcon_core.package_identification:_identify(.) by extension 'cmake'
[0.248s] Level 1:colcon.colcon_core.package_identification:_identify(.) by extension 'python'
[0.248s] Level 1:colcon.colcon_core.package_identification:_identify(.) by extensions ['python_setup_py']
[0.248s] Level 1:colcon.colcon_core.package_identification:_identify(.) by extension 'python_setup_py'
[0.249s] Level 1:colcon.colcon_core.package_identification:_identify(build) by extensions ['ignore', 'ignore_ament_install']
[0.249s] Level 1:colcon.colcon_core.package_identification:_identify(build) by extension 'ignore'
[0.249s] Level 1:colcon.colcon_core.package_identification:_identify(build) ignored
[0.249s] Level 1:colcon.colcon_core.package_identification:_identify(install) by extensions ['ignore', 'ignore_ament_install']
[0.249s] Level 1:colcon.colcon_core.package_identification:_identify(install) by extension 'ignore'
[0.249s] Level 1:colcon.colcon_core.package_identification:_identify(install) ignored
[0.249s] Level 1:colcon.colcon_core.package_identification:_identify(log) by extensions ['ignore', 'ignore_ament_install']
[0.249s] Level 1:colcon.colcon_core.package_identification:_identify(log) by extension 'ignore'
[0.249s] Level 1:colcon.colcon_core.package_identification:_identify(log) ignored
[0.250s] Level 1:colcon.colcon_core.package_identification:_identify(scr) by extensions ['ignore', 'ignore_ament_install']
[0.250s] Level 1:colcon.colcon_core.package_identification:_identify(scr) by extension 'ignore'
[0.250s] Level 1:colcon.colcon_core.package_identification:_identify(scr) by extension 'ignore_ament_install'
[0.250s] Level 1:colcon.colcon_core.package_identification:_identify(scr) by extensions ['colcon_pkg']
[0.250s] Level 1:colcon.colcon_core.package_identification:_identify(scr) by extension 'colcon_pkg'
[0.250s] Level 1:colcon.colcon_core.package_identification:_identify(scr) by extensions ['colcon_meta']
[0.250s] Level 1:colcon.colcon_core.package_identification:_identify(scr) by extension 'colcon_meta'
[0.250s] Level 1:colcon.colcon_core.package_identification:_identify(scr) by extensions ['ros']
[0.250s] Level 1:colcon.colcon_core.package_identification:_identify(scr) by extension 'ros'
[0.250s] Level 1:colcon.colcon_core.package_identification:_identify(scr) by extensions ['cmake', 'python']
[0.250s] Level 1:colcon.colcon_core.package_identification:_identify(scr) by extension 'cmake'
[0.250s] Level 1:colcon.colcon_core.package_identification:_identify(scr) by extension 'python'
[0.250s] Level 1:colcon.colcon_core.package_identification:_identify(scr) by extensions ['python_setup_py']
[0.250s] Level 1:colcon.colcon_core.package_identification:_identify(scr) by extension 'python_setup_py'
[0.250s] Level 1:colcon.colcon_core.package_identification:_identify(scr/RoboGardener) by extensions ['ignore', 'ignore_ament_install']
[0.251s] Level 1:colcon.colcon_core.package_identification:_identify(scr/RoboGardener) by extension 'ignore'
[0.251s] Level 1:colcon.colcon_core.package_identification:_identify(scr/RoboGardener) by extension 'ignore_ament_install'
[0.251s] Level 1:colcon.colcon_core.package_identification:_identify(scr/RoboGardener) by extensions ['colcon_pkg']
[0.251s] Level 1:colcon.colcon_core.package_identification:_identify(scr/RoboGardener) by extension 'colcon_pkg'
[0.251s] Level 1:colcon.colcon_core.package_identification:_identify(scr/RoboGardener) by extensions ['colcon_meta']
[0.251s] Level 1:colcon.colcon_core.package_identification:_identify(scr/RoboGardener) by extension 'colcon_meta'
[0.251s] Level 1:colcon.colcon_core.package_identification:_identify(scr/RoboGardener) by extensions ['ros']
[0.251s] Level 1:colcon.colcon_core.package_identification:_identify(scr/RoboGardener) by extension 'ros'
[0.251s] Level 1:colcon.colcon_core.package_identification:_identify(scr/RoboGardener) by extensions ['cmake', 'python']
[0.251s] Level 1:colcon.colcon_core.package_identification:_identify(scr/RoboGardener) by extension 'cmake'
[0.251s] Level 1:colcon.colcon_core.package_identification:_identify(scr/RoboGardener) by extension 'python'
[0.251s] Level 1:colcon.colcon_core.package_identification:_identify(scr/RoboGardener) by extensions ['python_setup_py']
[0.251s] Level 1:colcon.colcon_core.package_identification:_identify(scr/RoboGardener) by extension 'python_setup_py'
[0.251s] Level 1:colcon.colcon_core.package_identification:_identify(scr/RoboGardener/images) by extensions ['ignore', 'ignore_ament_install']
[0.252s] Level 1:colcon.colcon_core.package_identification:_identify(scr/RoboGardener/images) by extension 'ignore'
[0.252s] Level 1:colcon.colcon_core.package_identification:_identify(scr/RoboGardener/images) by extension 'ignore_ament_install'
[0.252s] Level 1:colcon.colcon_core.package_identification:_identify(scr/RoboGardener/images) by extensions ['colcon_pkg']
[0.252s] Level 1:colcon.colcon_core.package_identification:_identify(scr/RoboGardener/images) by extension 'colcon_pkg'
[0.252s] Level 1:colcon.colcon_core.package_identification:_identify(scr/RoboGardener/images) by extensions ['colcon_meta']
[0.252s] Level 1:colcon.colcon_core.package_identification:_identify(scr/RoboGardener/images) by extension 'colcon_meta'
[0.252s] Level 1:colcon.colcon_core.package_identification:_identify(scr/RoboGardener/images) by extensions ['ros']
[0.252s] Level 1:colcon.colcon_core.package_identification:_identify(scr/RoboGardener/images) by extension 'ros'
[0.252s] Level 1:colcon.colcon_core.package_identification:_identify(scr/RoboGardener/images) by extensions ['cmake', 'python']
[0.252s] Level 1:colcon.colcon_core.package_identification:_identify(scr/RoboGardener/images) by extension 'cmake'
[0.252s] Level 1:colcon.colcon_core.package_identification:_identify(scr/RoboGardener/images) by extension 'python'
[0.252s] Level 1:colcon.colcon_core.package_identification:_identify(scr/RoboGardener/images) by extensions ['python_setup_py']
[0.252s] Level 1:colcon.colcon_core.package_identification:_identify(scr/RoboGardener/images) by extension 'python_setup_py'
[0.252s] Level 1:colcon.colcon_core.package_identification:_identify(scr/RoboGardener/model) by extensions ['ignore', 'ignore_ament_install']
[0.252s] Level 1:colcon.colcon_core.package_identification:_identify(scr/RoboGardener/model) by extension 'ignore'
[0.253s] Level 1:colcon.colcon_core.package_identification:_identify(scr/RoboGardener/model) by extension 'ignore_ament_install'
[0.253s] Level 1:colcon.colcon_core.package_identification:_identify(scr/RoboGardener/model) by extensions ['colcon_pkg']
[0.253s] Level 1:colcon.colcon_core.package_identification:_identify(scr/RoboGardener/model) by extension 'colcon_pkg'
[0.253s] Level 1:colcon.colcon_core.package_identification:_identify(scr/RoboGardener/model) by extensions ['colcon_meta']
[0.253s] Level 1:colcon.colcon_core.package_identification:_identify(scr/RoboGardener/model) by extension 'colcon_meta'
[0.253s] Level 1:colcon.colcon_core.package_identification:_identify(scr/RoboGardener/model) by extensions ['ros']
[0.253s] Level 1:colcon.colcon_core.package_identification:_identify(scr/RoboGardener/model) by extension 'ros'
[0.256s] DEBUG:colcon.colcon_core.package_identification:Package 'scr/RoboGardener/model' with type 'ros.ament_cmake' and name 'robogardener'
[0.257s] Level 1:colcon.colcon_core.package_identification:_identify(scr/RoboGardener/old) by extensions ['ignore', 'ignore_ament_install']
[0.257s] Level 1:colcon.colcon_core.package_identification:_identify(scr/RoboGardener/old) by extension 'ignore'
[0.257s] Level 1:colcon.colcon_core.package_identification:_identify(scr/RoboGardener/old) by extension 'ignore_ament_install'
[0.257s] Level 1:colcon.colcon_core.package_identification:_identify(scr/RoboGardener/old) by extensions ['colcon_pkg']
[0.257s] Level 1:colcon.colcon_core.package_identification:_identify(scr/RoboGardener/old) by extension 'colcon_pkg'
[0.257s] Level 1:colcon.colcon_core.package_identification:_identify(scr/RoboGardener/old) by extensions ['colcon_meta']
[0.257s] Level 1:colcon.colcon_core.package_identification:_identify(scr/RoboGardener/old) by extension 'colcon_meta'
[0.257s] Level 1:colcon.colcon_core.package_identification:_identify(scr/RoboGardener/old) by extensions ['ros']
[0.257s] Level 1:colcon.colcon_core.package_identification:_identify(scr/RoboGardener/old) by extension 'ros'
[0.257s] Level 1:colcon.colcon_core.package_identification:_identify(scr/RoboGardener/old) by extensions ['cmake', 'python']
[0.257s] Level 1:colcon.colcon_core.package_identification:_identify(scr/RoboGardener/old) by extension 'cmake'
[0.257s] Level 1:colcon.colcon_core.package_identification:_identify(scr/RoboGardener/old) by extension 'python'
[0.258s] Level 1:colcon.colcon_core.package_identification:_identify(scr/RoboGardener/old) by extensions ['python_setup_py']
[0.258s] Level 1:colcon.colcon_core.package_identification:_identify(scr/RoboGardener/old) by extension 'python_setup_py'
[0.258s] Level 1:colcon.colcon_core.package_identification:_identify(scr/RoboGardener/old/tryout) by extensions ['ignore', 'ignore_ament_install']
[0.258s] Level 1:colcon.colcon_core.package_identification:_identify(scr/RoboGardener/old/tryout) by extension 'ignore'
[0.258s] Level 1:colcon.colcon_core.package_identification:_identify(scr/RoboGardener/old/tryout) by extension 'ignore_ament_install'
[0.258s] Level 1:colcon.colcon_core.package_identification:_identify(scr/RoboGardener/old/tryout) by extensions ['colcon_pkg']
[0.258s] Level 1:colcon.colcon_core.package_identification:_identify(scr/RoboGardener/old/tryout) by extension 'colcon_pkg'
[0.258s] Level 1:colcon.colcon_core.package_identification:_identify(scr/RoboGardener/old/tryout) by extensions ['colcon_meta']
[0.258s] Level 1:colcon.colcon_core.package_identification:_identify(scr/RoboGardener/old/tryout) by extension 'colcon_meta'
[0.258s] Level 1:colcon.colcon_core.package_identification:_identify(scr/RoboGardener/old/tryout) by extensions ['ros']
[0.258s] Level 1:colcon.colcon_core.package_identification:_identify(scr/RoboGardener/old/tryout) by extension 'ros'
[0.258s] Level 1:colcon.colcon_core.package_identification:_identify(scr/RoboGardener/old/tryout) by extensions ['cmake', 'python']
[0.258s] Level 1:colcon.colcon_core.package_identification:_identify(scr/RoboGardener/old/tryout) by extension 'cmake'
[0.258s] Level 1:colcon.colcon_core.package_identification:_identify(scr/RoboGardener/old/tryout) by extension 'python'
[0.259s] Level 1:colcon.colcon_core.package_identification:_identify(scr/RoboGardener/old/tryout) by extensions ['python_setup_py']
[0.259s] Level 1:colcon.colcon_core.package_identification:_identify(scr/RoboGardener/old/tryout) by extension 'python_setup_py'
[0.259s] Level 1:colcon.colcon_core.package_identification:_identify(scr/RoboGardener/old/tryout/configfils) by extensions ['ignore', 'ignore_ament_install']
[0.259s] Level 1:colcon.colcon_core.package_identification:_identify(scr/RoboGardener/old/tryout/configfils) by extension 'ignore'
[0.259s] Level 1:colcon.colcon_core.package_identification:_identify(scr/RoboGardener/old/tryout/configfils) by extension 'ignore_ament_install'
[0.259s] Level 1:colcon.colcon_core.package_identification:_identify(scr/RoboGardener/old/tryout/configfils) by extensions ['colcon_pkg']
[0.259s] Level 1:colcon.colcon_core.package_identification:_identify(scr/RoboGardener/old/tryout/configfils) by extension 'colcon_pkg'
[0.259s] Level 1:colcon.colcon_core.package_identification:_identify(scr/RoboGardener/old/tryout/configfils) by extensions ['colcon_meta']
[0.259s] Level 1:colcon.colcon_core.package_identification:_identify(scr/RoboGardener/old/tryout/configfils) by extension 'colcon_meta'
[0.259s] Level 1:colcon.colcon_core.package_identification:_identify(scr/RoboGardener/old/tryout/configfils) by extensions ['ros']
[0.259s] Level 1:colcon.colcon_core.package_identification:_identify(scr/RoboGardener/old/tryout/configfils) by extension 'ros'
[0.259s] Level 1:colcon.colcon_core.package_identification:_identify(scr/RoboGardener/old/tryout/configfils) by extensions ['cmake', 'python']
[0.259s] Level 1:colcon.colcon_core.package_identification:_identify(scr/RoboGardener/old/tryout/configfils) by extension 'cmake'
[0.259s] Level 1:colcon.colcon_core.package_identification:_identify(scr/RoboGardener/old/tryout/configfils) by extension 'python'
[0.260s] Level 1:colcon.colcon_core.package_identification:_identify(scr/RoboGardener/old/tryout/configfils) by extensions ['python_setup_py']
[0.260s] Level 1:colcon.colcon_core.package_identification:_identify(scr/RoboGardener/old/tryout/configfils) by extension 'python_setup_py'
[0.260s] Level 1:colcon.colcon_core.package_identification:_identify(scr/RoboGardener/report2) by extensions ['ignore', 'ignore_ament_install']
[0.260s] Level 1:colcon.colcon_core.package_identification:_identify(scr/RoboGardener/report2) by extension 'ignore'
[0.260s] Level 1:colcon.colcon_core.package_identification:_identify(scr/RoboGardener/report2) by extension 'ignore_ament_install'
[0.260s] Level 1:colcon.colcon_core.package_identification:_identify(scr/RoboGardener/report2) by extensions ['colcon_pkg']
[0.260s] Level 1:colcon.colcon_core.package_identification:_identify(scr/RoboGardener/report2) by extension 'colcon_pkg'
[0.260s] Level 1:colcon.colcon_core.package_identification:_identify(scr/RoboGardener/report2) by extensions ['colcon_meta']
[0.260s] Level 1:colcon.colcon_core.package_identification:_identify(scr/RoboGardener/report2) by extension 'colcon_meta'
[0.260s] Level 1:colcon.colcon_core.package_identification:_identify(scr/RoboGardener/report2) by extensions ['ros']
[0.260s] Level 1:colcon.colcon_core.package_identification:_identify(scr/RoboGardener/report2) by extension 'ros'
[0.260s] Level 1:colcon.colcon_core.package_identification:_identify(scr/RoboGardener/report2) by extensions ['cmake', 'python']
[0.260s] Level 1:colcon.colcon_core.package_identification:_identify(scr/RoboGardener/report2) by extension 'cmake'
[0.260s] Level 1:colcon.colcon_core.package_identification:_identify(scr/RoboGardener/report2) by extension 'python'
[0.260s] Level 1:colcon.colcon_core.package_identification:_identify(scr/RoboGardener/report2) by extensions ['python_setup_py']
[0.261s] Level 1:colcon.colcon_core.package_identification:_identify(scr/RoboGardener/report2) by extension 'python_setup_py'
[0.261s] Level 1:colcon.colcon_core.package_identification:_identify(scr/RoboGardener/serial_motor_demo) by extensions ['ignore', 'ignore_ament_install']
[0.261s] Level 1:colcon.colcon_core.package_identification:_identify(scr/RoboGardener/serial_motor_demo) by extension 'ignore'
[0.261s] Level 1:colcon.colcon_core.package_identification:_identify(scr/RoboGardener/serial_motor_demo) by extension 'ignore_ament_install'
[0.261s] Level 1:colcon.colcon_core.package_identification:_identify(scr/RoboGardener/serial_motor_demo) by extensions ['colcon_pkg']
[0.261s] Level 1:colcon.colcon_core.package_identification:_identify(scr/RoboGardener/serial_motor_demo) by extension 'colcon_pkg'
[0.261s] Level 1:colcon.colcon_core.package_identification:_identify(scr/RoboGardener/serial_motor_demo) by extensions ['colcon_meta']
[0.261s] Level 1:colcon.colcon_core.package_identification:_identify(scr/RoboGardener/serial_motor_demo) by extension 'colcon_meta'
[0.261s] Level 1:colcon.colcon_core.package_identification:_identify(scr/RoboGardener/serial_motor_demo) by extensions ['ros']
[0.261s] Level 1:colcon.colcon_core.package_identification:_identify(scr/RoboGardener/serial_motor_demo) by extension 'ros'
[0.261s] Level 1:colcon.colcon_core.package_identification:_identify(scr/RoboGardener/serial_motor_demo) by extensions ['cmake', 'python']
[0.261s] Level 1:colcon.colcon_core.package_identification:_identify(scr/RoboGardener/serial_motor_demo) by extension 'cmake'
[0.261s] Level 1:colcon.colcon_core.package_identification:_identify(scr/RoboGardener/serial_motor_demo) by extension 'python'
[0.261s] Level 1:colcon.colcon_core.package_identification:_identify(scr/RoboGardener/serial_motor_demo) by extensions ['python_setup_py']
[0.261s] Level 1:colcon.colcon_core.package_identification:_identify(scr/RoboGardener/serial_motor_demo) by extension 'python_setup_py'
[0.262s] Level 1:colcon.colcon_core.package_identification:_identify(scr/RoboGardener/serial_motor_demo/serial_motor_demo) by extensions ['ignore', 'ignore_ament_install']
[0.262s] Level 1:colcon.colcon_core.package_identification:_identify(scr/RoboGardener/serial_motor_demo/serial_motor_demo) by extension 'ignore'
[0.262s] Level 1:colcon.colcon_core.package_identification:_identify(scr/RoboGardener/serial_motor_demo/serial_motor_demo) by extension 'ignore_ament_install'
[0.262s] Level 1:colcon.colcon_core.package_identification:_identify(scr/RoboGardener/serial_motor_demo/serial_motor_demo) by extensions ['colcon_pkg']
[0.262s] Level 1:colcon.colcon_core.package_identification:_identify(scr/RoboGardener/serial_motor_demo/serial_motor_demo) by extension 'colcon_pkg'
[0.262s] Level 1:colcon.colcon_core.package_identification:_identify(scr/RoboGardener/serial_motor_demo/serial_motor_demo) by extensions ['colcon_meta']
[0.262s] Level 1:colcon.colcon_core.package_identification:_identify(scr/RoboGardener/serial_motor_demo/serial_motor_demo) by extension 'colcon_meta'
[0.262s] Level 1:colcon.colcon_core.package_identification:_identify(scr/RoboGardener/serial_motor_demo/serial_motor_demo) by extensions ['ros']
[0.262s] Level 1:colcon.colcon_core.package_identification:_identify(scr/RoboGardener/serial_motor_demo/serial_motor_demo) by extension 'ros'
[0.263s] DEBUG:colcon.colcon_core.package_identification:Package 'scr/RoboGardener/serial_motor_demo/serial_motor_demo' with type 'ros.ament_python' and name 'serial_motor_demo'
[0.263s] Level 1:colcon.colcon_core.package_identification:_identify(scr/RoboGardener/serial_motor_demo/serial_motor_demo_msgs) by extensions ['ignore', 'ignore_ament_install']
[0.263s] Level 1:colcon.colcon_core.package_identification:_identify(scr/RoboGardener/serial_motor_demo/serial_motor_demo_msgs) by extension 'ignore'
[0.263s] Level 1:colcon.colcon_core.package_identification:_identify(scr/RoboGardener/serial_motor_demo/serial_motor_demo_msgs) by extension 'ignore_ament_install'
[0.263s] Level 1:colcon.colcon_core.package_identification:_identify(scr/RoboGardener/serial_motor_demo/serial_motor_demo_msgs) by extensions ['colcon_pkg']
[0.263s] Level 1:colcon.colcon_core.package_identification:_identify(scr/RoboGardener/serial_motor_demo/serial_motor_demo_msgs) by extension 'colcon_pkg'
[0.264s] Level 1:colcon.colcon_core.package_identification:_identify(scr/RoboGardener/serial_motor_demo/serial_motor_demo_msgs) by extensions ['colcon_meta']
[0.264s] Level 1:colcon.colcon_core.package_identification:_identify(scr/RoboGardener/serial_motor_demo/serial_motor_demo_msgs) by extension 'colcon_meta'
[0.264s] Level 1:colcon.colcon_core.package_identification:_identify(scr/RoboGardener/serial_motor_demo/serial_motor_demo_msgs) by extensions ['ros']
[0.264s] Level 1:colcon.colcon_core.package_identification:_identify(scr/RoboGardener/serial_motor_demo/serial_motor_demo_msgs) by extension 'ros'
[0.264s] DEBUG:colcon.colcon_core.package_identification:Package 'scr/RoboGardener/serial_motor_demo/serial_motor_demo_msgs' with type 'ros.ament_cmake' and name 'serial_motor_demo_msgs'
[0.264s] Level 1:colcon.colcon_core.package_discovery:discover_packages(recursive) using defaults
[0.264s] Level 1:colcon.colcon_core.package_discovery:discover_packages(ignore) discover
[0.265s] Level 1:colcon.colcon_core.package_discovery:discover_packages(ignore) using defaults
[0.265s] Level 1:colcon.colcon_core.package_discovery:discover_packages(path) discover
[0.265s] Level 1:colcon.colcon_core.package_discovery:discover_packages(path) using defaults
[0.265s] WARNING:colcon.colcon_core.package_selection:ignoring unknown package 'model' in --packages-select
[0.297s] INFO:colcon.colcon_core.package_selection:Skipping not selected package 'robogardener' in 'scr/RoboGardener/model'
[0.297s] INFO:colcon.colcon_core.package_selection:Skipping not selected package 'serial_motor_demo_msgs' in 'scr/RoboGardener/serial_motor_demo/serial_motor_demo_msgs'
[0.297s] INFO:colcon.colcon_core.package_selection:Skipping not selected package 'serial_motor_demo' in 'scr/RoboGardener/serial_motor_demo/serial_motor_demo'
[0.298s] Level 1:colcon.colcon_core.package_discovery:discover_packages(prefix_path) check parameters
[0.298s] Level 1:colcon.colcon_core.package_discovery:discover_packages(prefix_path) discover
[0.301s] DEBUG:colcon.colcon_installed_package_information.package_discovery:Found 3 installed packages in /home/noi/robogardener/install
[0.305s] DEBUG:colcon.colcon_installed_package_information.package_discovery:Found 362 installed packages in /opt/ros/rolling
[0.307s] Level 1:colcon.colcon_core.package_discovery:discover_packages(prefix_path) using defaults
[0.381s] INFO:colcon.colcon_core.executor:Executing jobs using 'parallel' executor
[0.382s] DEBUG:colcon.colcon_parallel_executor.executor.parallel:run_until_complete
[0.382s] DEBUG:colcon.colcon_parallel_executor.executor.parallel:closing loop
[0.383s] DEBUG:colcon.colcon_parallel_executor.executor.parallel:loop closed
[0.383s] DEBUG:colcon.colcon_parallel_executor.executor.parallel:run_until_complete finished with '0'
[0.383s] DEBUG:colcon.colcon_core.event_reactor:joining thread
[0.399s] INFO:colcon.colcon_core.plugin_system:Skipping extension 'colcon_notification.desktop_notification.terminal_notifier': Not used on non-Darwin systems
[0.399s] INFO:colcon.colcon_core.plugin_system:Skipping extension 'colcon_notification.desktop_notification.win32': Not used on non-Windows systems
[0.399s] INFO:colcon.colcon_notification.desktop_notification:Sending desktop notification using 'notify2'
[0.425s] DEBUG:colcon.colcon_core.event_reactor:joined thread
[0.429s] INFO:colcon.colcon_core.plugin_system:Skipping extension 'colcon_core.shell.bat': Not used on non-Windows systems
[0.429s] INFO:colcon.colcon_core.shell:Creating prefix script '/home/noi/robogardener/install/local_setup.ps1'
[0.431s] INFO:colcon.colcon_core.shell:Creating prefix util module '/home/noi/robogardener/install/_local_setup_util_ps1.py'
[0.435s] INFO:colcon.colcon_core.shell:Creating prefix chain script '/home/noi/robogardener/install/setup.ps1'
[0.437s] INFO:colcon.colcon_core.shell:Creating prefix script '/home/noi/robogardener/install/local_setup.sh'
[0.439s] INFO:colcon.colcon_core.shell:Creating prefix util module '/home/noi/robogardener/install/_local_setup_util_sh.py'
[0.441s] INFO:colcon.colcon_core.shell:Creating prefix chain script '/home/noi/robogardener/install/setup.sh'
[0.443s] INFO:colcon.colcon_core.shell:Creating prefix script '/home/noi/robogardener/install/local_setup.bash'
[0.445s] INFO:colcon.colcon_core.shell:Creating prefix chain script '/home/noi/robogardener/install/setup.bash'
[0.447s] INFO:colcon.colcon_core.shell:Creating prefix script '/home/noi/robogardener/install/local_setup.zsh'
[0.448s] INFO:colcon.colcon_core.shell:Creating prefix chain script '/home/noi/robogardener/install/setup.zsh'
