[0.022s] Invoking command in '/home/noi/robogardener/build/serial_motor_demo_msgs': CMAKE_PREFIX_PATH=${CMAKE_PREFIX_PATH}:/opt/ros/rolling DEBUGINFOD_URLS=https://debuginfod.ubuntu.com /usr/bin/cmake --build /home/noi/robogardener/build/serial_motor_demo_msgs -- -j8 -l8
[0.148s] [  1%] Built target serial_motor_demo_msgs__rosidl_generator_type_description
[0.173s] [  1%] Built target ament_cmake_python_copy_serial_motor_demo_msgs
[0.204s] [  3%] Built target serial_motor_demo_msgs__cpp
[0.209s] [ 24%] Built target serial_motor_demo_msgs__rosidl_generator_c
[0.313s] [ 42%] Built target serial_motor_demo_msgs__rosidl_typesupport_c
[0.313s] [ 35%] Built target serial_motor_demo_msgs__rosidl_typesupport_introspection_c
[0.324s] [ 61%] Built target serial_motor_demo_msgs__rosidl_typesupport_fastrtps_cpp
[0.325s] [ 61%] Built target serial_motor_demo_msgs__rosidl_typesupport_cpp
[0.326s] [ 70%] Built target serial_motor_demo_msgs__rosidl_typesupport_introspection_cpp
[0.326s] [ 79%] Built target serial_motor_demo_msgs__rosidl_typesupport_fastrtps_c
[0.407s] [ 79%] Built target serial_motor_demo_msgs
[0.489s] [ 81%] Built target serial_motor_demo_msgs__py
[0.595s] [ 88%] Built target serial_motor_demo_msgs__rosidl_generator_py
[0.694s] [ 92%] Built target serial_motor_demo_msgs_s__rosidl_typesupport_introspection_c
[0.701s] [ 96%] Built target serial_motor_demo_msgs_s__rosidl_typesupport_c
[0.704s] [100%] Built target serial_motor_demo_msgs_s__rosidl_typesupport_fastrtps_c
[0.894s] running egg_info
[0.948s] writing serial_motor_demo_msgs.egg-info/PKG-INFO
[0.948s] writing dependency_links to serial_motor_demo_msgs.egg-info/dependency_links.txt
[0.949s] writing top-level names to serial_motor_demo_msgs.egg-info/top_level.txt
[1.088s] reading manifest file 'serial_motor_demo_msgs.egg-info/SOURCES.txt'
[1.089s] writing manifest file 'serial_motor_demo_msgs.egg-info/SOURCES.txt'
[1.174s] [100%] Built target ament_cmake_python_build_serial_motor_demo_msgs_egg
[1.207s] Invoked command in '/home/noi/robogardener/build/serial_motor_demo_msgs' returned '0': CMAKE_PREFIX_PATH=${CMAKE_PREFIX_PATH}:/opt/ros/rolling DEBUGINFOD_URLS=https://debuginfod.ubuntu.com /usr/bin/cmake --build /home/noi/robogardener/build/serial_motor_demo_msgs -- -j8 -l8
[1.595s] Invoking command in '/home/noi/robogardener/build/serial_motor_demo_msgs': CMAKE_PREFIX_PATH=${CMAKE_PREFIX_PATH}:/opt/ros/rolling DEBUGINFOD_URLS=https://debuginfod.ubuntu.com /usr/bin/cmake --install /home/noi/robogardener/build/serial_motor_demo_msgs
[1.628s] -- Install configuration: ""
[1.628s] -- Installing: /home/noi/robogardener/install/serial_motor_demo_msgs/share/ament_index/resource_index/rosidl_interfaces/serial_motor_demo_msgs
[1.629s] -- Installing: /home/noi/robogardener/install/serial_motor_demo_msgs/share/serial_motor_demo_msgs/msg/MotorCommand.json
[1.629s] -- Installing: /home/noi/robogardener/install/serial_motor_demo_msgs/share/serial_motor_demo_msgs/msg/MotorVels.json
[1.630s] -- Installing: /home/noi/robogardener/install/serial_motor_demo_msgs/share/serial_motor_demo_msgs/msg/EncoderVals.json
[1.630s] -- Installing: /home/noi/robogardener/install/serial_motor_demo_msgs/include/serial_motor_demo_msgs/serial_motor_demo_msgs
[1.631s] -- Installing: /home/noi/robogardener/install/serial_motor_demo_msgs/include/serial_motor_demo_msgs/serial_motor_demo_msgs/msg
[1.631s] -- Installing: /home/noi/robogardener/install/serial_motor_demo_msgs/include/serial_motor_demo_msgs/serial_motor_demo_msgs/msg/encoder_vals.h
[1.631s] -- Installing: /home/noi/robogardener/install/serial_motor_demo_msgs/include/serial_motor_demo_msgs/serial_motor_demo_msgs/msg/motor_vels.h
[1.632s] -- Installing: /home/noi/robogardener/install/serial_motor_demo_msgs/include/serial_motor_demo_msgs/serial_motor_demo_msgs/msg/rosidl_generator_c__visibility_control.h
[1.632s] -- Installing: /home/noi/robogardener/install/serial_motor_demo_msgs/include/serial_motor_demo_msgs/serial_motor_demo_msgs/msg/detail
[1.632s] -- Installing: /home/noi/robogardener/install/serial_motor_demo_msgs/include/serial_motor_demo_msgs/serial_motor_demo_msgs/msg/detail/motor_command__description.c
[1.633s] -- Installing: /home/noi/robogardener/install/serial_motor_demo_msgs/include/serial_motor_demo_msgs/serial_motor_demo_msgs/msg/detail/encoder_vals__functions.h
[1.633s] -- Installing: /home/noi/robogardener/install/serial_motor_demo_msgs/include/serial_motor_demo_msgs/serial_motor_demo_msgs/msg/detail/encoder_vals__functions.c
[1.634s] -- Installing: /home/noi/robogardener/install/serial_motor_demo_msgs/include/serial_motor_demo_msgs/serial_motor_demo_msgs/msg/detail/motor_vels__description.c
[1.634s] -- Installing: /home/noi/robogardener/install/serial_motor_demo_msgs/include/serial_motor_demo_msgs/serial_motor_demo_msgs/msg/detail/motor_vels__functions.h
[1.635s] -- Installing: /home/noi/robogardener/install/serial_motor_demo_msgs/include/serial_motor_demo_msgs/serial_motor_demo_msgs/msg/detail/encoder_vals__type_support.h
[1.635s] -- Installing: /home/noi/robogardener/install/serial_motor_demo_msgs/include/serial_motor_demo_msgs/serial_motor_demo_msgs/msg/detail/motor_vels__type_support.h
[1.636s] -- Installing: /home/noi/robogardener/install/serial_motor_demo_msgs/include/serial_motor_demo_msgs/serial_motor_demo_msgs/msg/detail/motor_command__functions.c
[1.636s] -- Installing: /home/noi/robogardener/install/serial_motor_demo_msgs/include/serial_motor_demo_msgs/serial_motor_demo_msgs/msg/detail/encoder_vals__struct.h
[1.637s] -- Installing: /home/noi/robogardener/install/serial_motor_demo_msgs/include/serial_motor_demo_msgs/serial_motor_demo_msgs/msg/detail/encoder_vals__type_support.c
[1.637s] -- Installing: /home/noi/robogardener/install/serial_motor_demo_msgs/include/serial_motor_demo_msgs/serial_motor_demo_msgs/msg/detail/motor_vels__functions.c
[1.638s] -- Installing: /home/noi/robogardener/install/serial_motor_demo_msgs/include/serial_motor_demo_msgs/serial_motor_demo_msgs/msg/detail/motor_command__type_support.h
[1.638s] -- Installing: /home/noi/robogardener/install/serial_motor_demo_msgs/include/serial_motor_demo_msgs/serial_motor_demo_msgs/msg/detail/motor_command__struct.h
[1.638s] -- Installing: /home/noi/robogardener/install/serial_motor_demo_msgs/include/serial_motor_demo_msgs/serial_motor_demo_msgs/msg/detail/motor_command__functions.h
[1.639s] -- Installing: /home/noi/robogardener/install/serial_motor_demo_msgs/include/serial_motor_demo_msgs/serial_motor_demo_msgs/msg/detail/motor_command__type_support.c
[1.639s] -- Installing: /home/noi/robogardener/install/serial_motor_demo_msgs/include/serial_motor_demo_msgs/serial_motor_demo_msgs/msg/detail/encoder_vals__description.c
[1.640s] -- Installing: /home/noi/robogardener/install/serial_motor_demo_msgs/include/serial_motor_demo_msgs/serial_motor_demo_msgs/msg/detail/motor_vels__type_support.c
[1.640s] -- Installing: /home/noi/robogardener/install/serial_motor_demo_msgs/include/serial_motor_demo_msgs/serial_motor_demo_msgs/msg/detail/motor_vels__struct.h
[1.641s] -- Installing: /home/noi/robogardener/install/serial_motor_demo_msgs/include/serial_motor_demo_msgs/serial_motor_demo_msgs/msg/motor_command.h
[1.641s] -- Installing: /home/noi/robogardener/install/serial_motor_demo_msgs/share/serial_motor_demo_msgs/environment/library_path.sh
[1.642s] -- Installing: /home/noi/robogardener/install/serial_motor_demo_msgs/share/serial_motor_demo_msgs/environment/library_path.dsv
[1.643s] -- Installing: /home/noi/robogardener/install/serial_motor_demo_msgs/lib/libserial_motor_demo_msgs__rosidl_generator_c.so
[1.644s] -- Set non-toolchain portion of runtime path of "/home/noi/robogardener/install/serial_motor_demo_msgs/lib/libserial_motor_demo_msgs__rosidl_generator_c.so" to ""
[1.644s] -- Up-to-date: /home/noi/robogardener/install/serial_motor_demo_msgs/include/serial_motor_demo_msgs/serial_motor_demo_msgs
[1.645s] -- Up-to-date: /home/noi/robogardener/install/serial_motor_demo_msgs/include/serial_motor_demo_msgs/serial_motor_demo_msgs/msg
[1.645s] -- Installing: /home/noi/robogardener/install/serial_motor_demo_msgs/include/serial_motor_demo_msgs/serial_motor_demo_msgs/msg/rosidl_typesupport_fastrtps_c__visibility_control.h
[1.645s] -- Up-to-date: /home/noi/robogardener/install/serial_motor_demo_msgs/include/serial_motor_demo_msgs/serial_motor_demo_msgs/msg/detail
[1.646s] -- Installing: /home/noi/robogardener/install/serial_motor_demo_msgs/include/serial_motor_demo_msgs/serial_motor_demo_msgs/msg/detail/motor_vels__rosidl_typesupport_fastrtps_c.h
[1.646s] -- Installing: /home/noi/robogardener/install/serial_motor_demo_msgs/include/serial_motor_demo_msgs/serial_motor_demo_msgs/msg/detail/motor_command__rosidl_typesupport_fastrtps_c.h
[1.646s] -- Installing: /home/noi/robogardener/install/serial_motor_demo_msgs/include/serial_motor_demo_msgs/serial_motor_demo_msgs/msg/detail/encoder_vals__rosidl_typesupport_fastrtps_c.h
[1.647s] -- Installing: /home/noi/robogardener/install/serial_motor_demo_msgs/lib/libserial_motor_demo_msgs__rosidl_typesupport_fastrtps_c.so
[1.648s] -- Set non-toolchain portion of runtime path of "/home/noi/robogardener/install/serial_motor_demo_msgs/lib/libserial_motor_demo_msgs__rosidl_typesupport_fastrtps_c.so" to ""
[1.648s] -- Up-to-date: /home/noi/robogardener/install/serial_motor_demo_msgs/include/serial_motor_demo_msgs/serial_motor_demo_msgs
[1.649s] -- Up-to-date: /home/noi/robogardener/install/serial_motor_demo_msgs/include/serial_motor_demo_msgs/serial_motor_demo_msgs/msg
[1.649s] -- Installing: /home/noi/robogardener/install/serial_motor_demo_msgs/include/serial_motor_demo_msgs/serial_motor_demo_msgs/msg/rosidl_typesupport_introspection_c__visibility_control.h
[1.650s] -- Up-to-date: /home/noi/robogardener/install/serial_motor_demo_msgs/include/serial_motor_demo_msgs/serial_motor_demo_msgs/msg/detail
[1.650s] -- Installing: /home/noi/robogardener/install/serial_motor_demo_msgs/include/serial_motor_demo_msgs/serial_motor_demo_msgs/msg/detail/motor_vels__rosidl_typesupport_introspection_c.h
[1.650s] -- Installing: /home/noi/robogardener/install/serial_motor_demo_msgs/include/serial_motor_demo_msgs/serial_motor_demo_msgs/msg/detail/encoder_vals__rosidl_typesupport_introspection_c.h
[1.651s] -- Installing: /home/noi/robogardener/install/serial_motor_demo_msgs/include/serial_motor_demo_msgs/serial_motor_demo_msgs/msg/detail/encoder_vals__type_support.c
[1.651s] -- Installing: /home/noi/robogardener/install/serial_motor_demo_msgs/include/serial_motor_demo_msgs/serial_motor_demo_msgs/msg/detail/motor_command__type_support.c
[1.651s] -- Installing: /home/noi/robogardener/install/serial_motor_demo_msgs/include/serial_motor_demo_msgs/serial_motor_demo_msgs/msg/detail/motor_vels__type_support.c
[1.652s] -- Installing: /home/noi/robogardener/install/serial_motor_demo_msgs/include/serial_motor_demo_msgs/serial_motor_demo_msgs/msg/detail/motor_command__rosidl_typesupport_introspection_c.h
[1.652s] -- Installing: /home/noi/robogardener/install/serial_motor_demo_msgs/lib/libserial_motor_demo_msgs__rosidl_typesupport_introspection_c.so
[1.653s] -- Set non-toolchain portion of runtime path of "/home/noi/robogardener/install/serial_motor_demo_msgs/lib/libserial_motor_demo_msgs__rosidl_typesupport_introspection_c.so" to ""
[1.654s] -- Installing: /home/noi/robogardener/install/serial_motor_demo_msgs/lib/libserial_motor_demo_msgs__rosidl_typesupport_c.so
[1.655s] -- Set non-toolchain portion of runtime path of "/home/noi/robogardener/install/serial_motor_demo_msgs/lib/libserial_motor_demo_msgs__rosidl_typesupport_c.so" to ""
[1.655s] -- Up-to-date: /home/noi/robogardener/install/serial_motor_demo_msgs/include/serial_motor_demo_msgs/serial_motor_demo_msgs
[1.655s] -- Up-to-date: /home/noi/robogardener/install/serial_motor_demo_msgs/include/serial_motor_demo_msgs/serial_motor_demo_msgs/msg
[1.656s] -- Installing: /home/noi/robogardener/install/serial_motor_demo_msgs/include/serial_motor_demo_msgs/serial_motor_demo_msgs/msg/motor_vels.hpp
[1.656s] -- Installing: /home/noi/robogardener/install/serial_motor_demo_msgs/include/serial_motor_demo_msgs/serial_motor_demo_msgs/msg/rosidl_generator_cpp__visibility_control.hpp
[1.657s] -- Up-to-date: /home/noi/robogardener/install/serial_motor_demo_msgs/include/serial_motor_demo_msgs/serial_motor_demo_msgs/msg/detail
[1.657s] -- Installing: /home/noi/robogardener/install/serial_motor_demo_msgs/include/serial_motor_demo_msgs/serial_motor_demo_msgs/msg/detail/encoder_vals__traits.hpp
[1.657s] -- Installing: /home/noi/robogardener/install/serial_motor_demo_msgs/include/serial_motor_demo_msgs/serial_motor_demo_msgs/msg/detail/encoder_vals__builder.hpp
[1.658s] -- Installing: /home/noi/robogardener/install/serial_motor_demo_msgs/include/serial_motor_demo_msgs/serial_motor_demo_msgs/msg/detail/motor_vels__builder.hpp
[1.658s] -- Installing: /home/noi/robogardener/install/serial_motor_demo_msgs/include/serial_motor_demo_msgs/serial_motor_demo_msgs/msg/detail/motor_vels__type_support.hpp
[1.658s] -- Installing: /home/noi/robogardener/install/serial_motor_demo_msgs/include/serial_motor_demo_msgs/serial_motor_demo_msgs/msg/detail/motor_vels__struct.hpp
[1.659s] -- Installing: /home/noi/robogardener/install/serial_motor_demo_msgs/include/serial_motor_demo_msgs/serial_motor_demo_msgs/msg/detail/encoder_vals__type_support.hpp
[1.659s] -- Installing: /home/noi/robogardener/install/serial_motor_demo_msgs/include/serial_motor_demo_msgs/serial_motor_demo_msgs/msg/detail/motor_command__type_support.hpp
[1.660s] -- Installing: /home/noi/robogardener/install/serial_motor_demo_msgs/include/serial_motor_demo_msgs/serial_motor_demo_msgs/msg/detail/motor_command__traits.hpp
[1.660s] -- Installing: /home/noi/robogardener/install/serial_motor_demo_msgs/include/serial_motor_demo_msgs/serial_motor_demo_msgs/msg/detail/motor_command__builder.hpp
[1.661s] -- Installing: /home/noi/robogardener/install/serial_motor_demo_msgs/include/serial_motor_demo_msgs/serial_motor_demo_msgs/msg/detail/encoder_vals__struct.hpp
[1.661s] -- Installing: /home/noi/robogardener/install/serial_motor_demo_msgs/include/serial_motor_demo_msgs/serial_motor_demo_msgs/msg/detail/motor_command__struct.hpp
[1.661s] -- Installing: /home/noi/robogardener/install/serial_motor_demo_msgs/include/serial_motor_demo_msgs/serial_motor_demo_msgs/msg/detail/motor_vels__traits.hpp
[1.662s] -- Installing: /home/noi/robogardener/install/serial_motor_demo_msgs/include/serial_motor_demo_msgs/serial_motor_demo_msgs/msg/motor_command.hpp
[1.662s] -- Installing: /home/noi/robogardener/install/serial_motor_demo_msgs/include/serial_motor_demo_msgs/serial_motor_demo_msgs/msg/encoder_vals.hpp
[1.663s] -- Up-to-date: /home/noi/robogardener/install/serial_motor_demo_msgs/include/serial_motor_demo_msgs/serial_motor_demo_msgs
[1.663s] -- Up-to-date: /home/noi/robogardener/install/serial_motor_demo_msgs/include/serial_motor_demo_msgs/serial_motor_demo_msgs/msg
[1.664s] -- Installing: /home/noi/robogardener/install/serial_motor_demo_msgs/include/serial_motor_demo_msgs/serial_motor_demo_msgs/msg/rosidl_typesupport_fastrtps_cpp__visibility_control.h
[1.664s] -- Up-to-date: /home/noi/robogardener/install/serial_motor_demo_msgs/include/serial_motor_demo_msgs/serial_motor_demo_msgs/msg/detail
[1.664s] -- Installing: /home/noi/robogardener/install/serial_motor_demo_msgs/include/serial_motor_demo_msgs/serial_motor_demo_msgs/msg/detail/encoder_vals__rosidl_typesupport_fastrtps_cpp.hpp
[1.664s] -- Installing: /home/noi/robogardener/install/serial_motor_demo_msgs/include/serial_motor_demo_msgs/serial_motor_demo_msgs/msg/detail/motor_command__rosidl_typesupport_fastrtps_cpp.hpp
[1.665s] -- Installing: /home/noi/robogardener/install/serial_motor_demo_msgs/include/serial_motor_demo_msgs/serial_motor_demo_msgs/msg/detail/dds_fastrtps
[1.665s] -- Installing: /home/noi/robogardener/install/serial_motor_demo_msgs/include/serial_motor_demo_msgs/serial_motor_demo_msgs/msg/detail/motor_vels__rosidl_typesupport_fastrtps_cpp.hpp
[1.665s] -- Installing: /home/noi/robogardener/install/serial_motor_demo_msgs/lib/libserial_motor_demo_msgs__rosidl_typesupport_fastrtps_cpp.so
[1.667s] -- Set non-toolchain portion of runtime path of "/home/noi/robogardener/install/serial_motor_demo_msgs/lib/libserial_motor_demo_msgs__rosidl_typesupport_fastrtps_cpp.so" to ""
[1.667s] -- Up-to-date: /home/noi/robogardener/install/serial_motor_demo_msgs/include/serial_motor_demo_msgs/serial_motor_demo_msgs
[1.667s] -- Up-to-date: /home/noi/robogardener/install/serial_motor_demo_msgs/include/serial_motor_demo_msgs/serial_motor_demo_msgs/msg
[1.668s] -- Up-to-date: /home/noi/robogardener/install/serial_motor_demo_msgs/include/serial_motor_demo_msgs/serial_motor_demo_msgs/msg/detail
[1.668s] -- Installing: /home/noi/robogardener/install/serial_motor_demo_msgs/include/serial_motor_demo_msgs/serial_motor_demo_msgs/msg/detail/encoder_vals__rosidl_typesupport_introspection_cpp.hpp
[1.668s] -- Installing: /home/noi/robogardener/install/serial_motor_demo_msgs/include/serial_motor_demo_msgs/serial_motor_demo_msgs/msg/detail/motor_command__rosidl_typesupport_introspection_cpp.hpp
[1.669s] -- Installing: /home/noi/robogardener/install/serial_motor_demo_msgs/include/serial_motor_demo_msgs/serial_motor_demo_msgs/msg/detail/motor_command__type_support.cpp
[1.669s] -- Installing: /home/noi/robogardener/install/serial_motor_demo_msgs/include/serial_motor_demo_msgs/serial_motor_demo_msgs/msg/detail/encoder_vals__type_support.cpp
[1.669s] -- Installing: /home/noi/robogardener/install/serial_motor_demo_msgs/include/serial_motor_demo_msgs/serial_motor_demo_msgs/msg/detail/motor_vels__rosidl_typesupport_introspection_cpp.hpp
[1.670s] -- Installing: /home/noi/robogardener/install/serial_motor_demo_msgs/include/serial_motor_demo_msgs/serial_motor_demo_msgs/msg/detail/motor_vels__type_support.cpp
[1.670s] -- Installing: /home/noi/robogardener/install/serial_motor_demo_msgs/lib/libserial_motor_demo_msgs__rosidl_typesupport_introspection_cpp.so
[1.671s] -- Set non-toolchain portion of runtime path of "/home/noi/robogardener/install/serial_motor_demo_msgs/lib/libserial_motor_demo_msgs__rosidl_typesupport_introspection_cpp.so" to ""
[1.671s] -- Installing: /home/noi/robogardener/install/serial_motor_demo_msgs/lib/libserial_motor_demo_msgs__rosidl_typesupport_cpp.so
[1.672s] -- Set non-toolchain portion of runtime path of "/home/noi/robogardener/install/serial_motor_demo_msgs/lib/libserial_motor_demo_msgs__rosidl_typesupport_cpp.so" to ""
[1.673s] -- Installing: /home/noi/robogardener/install/serial_motor_demo_msgs/share/serial_motor_demo_msgs/environment/pythonpath.sh
[1.673s] -- Installing: /home/noi/robogardener/install/serial_motor_demo_msgs/share/serial_motor_demo_msgs/environment/pythonpath.dsv
[1.673s] -- Installing: /home/noi/robogardener/install/serial_motor_demo_msgs/lib/python3.12/site-packages/serial_motor_demo_msgs-0.0.0-py3.12.egg-info
[1.674s] -- Installing: /home/noi/robogardener/install/serial_motor_demo_msgs/lib/python3.12/site-packages/serial_motor_demo_msgs-0.0.0-py3.12.egg-info/PKG-INFO
[1.674s] -- Installing: /home/noi/robogardener/install/serial_motor_demo_msgs/lib/python3.12/site-packages/serial_motor_demo_msgs-0.0.0-py3.12.egg-info/dependency_links.txt
[1.675s] -- Installing: /home/noi/robogardener/install/serial_motor_demo_msgs/lib/python3.12/site-packages/serial_motor_demo_msgs-0.0.0-py3.12.egg-info/top_level.txt
[1.675s] -- Installing: /home/noi/robogardener/install/serial_motor_demo_msgs/lib/python3.12/site-packages/serial_motor_demo_msgs-0.0.0-py3.12.egg-info/SOURCES.txt
[1.676s] -- Installing: /home/noi/robogardener/install/serial_motor_demo_msgs/lib/python3.12/site-packages/serial_motor_demo_msgs
[1.676s] -- Installing: /home/noi/robogardener/install/serial_motor_demo_msgs/lib/python3.12/site-packages/serial_motor_demo_msgs/serial_motor_demo_msgs_s__rosidl_typesupport_c.so
[1.676s] -- Installing: /home/noi/robogardener/install/serial_motor_demo_msgs/lib/python3.12/site-packages/serial_motor_demo_msgs/__init__.py
[1.677s] -- Installing: /home/noi/robogardener/install/serial_motor_demo_msgs/lib/python3.12/site-packages/serial_motor_demo_msgs/serial_motor_demo_msgs_s__rosidl_typesupport_fastrtps_c.so
[1.677s] -- Installing: /home/noi/robogardener/install/serial_motor_demo_msgs/lib/python3.12/site-packages/serial_motor_demo_msgs/_serial_motor_demo_msgs_s.ep.rosidl_typesupport_c.c
[1.678s] -- Installing: /home/noi/robogardener/install/serial_motor_demo_msgs/lib/python3.12/site-packages/serial_motor_demo_msgs/_serial_motor_demo_msgs_s.ep.rosidl_typesupport_fastrtps_c.c
[1.678s] -- Installing: /home/noi/robogardener/install/serial_motor_demo_msgs/lib/python3.12/site-packages/serial_motor_demo_msgs/msg
[1.678s] -- Installing: /home/noi/robogardener/install/serial_motor_demo_msgs/lib/python3.12/site-packages/serial_motor_demo_msgs/msg/_motor_command_s.c
[1.679s] -- Installing: /home/noi/robogardener/install/serial_motor_demo_msgs/lib/python3.12/site-packages/serial_motor_demo_msgs/msg/_motor_vels_s.c
[1.679s] -- Installing: /home/noi/robogardener/install/serial_motor_demo_msgs/lib/python3.12/site-packages/serial_motor_demo_msgs/msg/_motor_vels.py
[1.679s] -- Installing: /home/noi/robogardener/install/serial_motor_demo_msgs/lib/python3.12/site-packages/serial_motor_demo_msgs/msg/_motor_command.py
[1.680s] -- Installing: /home/noi/robogardener/install/serial_motor_demo_msgs/lib/python3.12/site-packages/serial_motor_demo_msgs/msg/__init__.py
[1.680s] -- Installing: /home/noi/robogardener/install/serial_motor_demo_msgs/lib/python3.12/site-packages/serial_motor_demo_msgs/msg/_encoder_vals_s.c
[1.681s] -- Installing: /home/noi/robogardener/install/serial_motor_demo_msgs/lib/python3.12/site-packages/serial_motor_demo_msgs/msg/_encoder_vals.py
[1.681s] -- Installing: /home/noi/robogardener/install/serial_motor_demo_msgs/lib/python3.12/site-packages/serial_motor_demo_msgs/serial_motor_demo_msgs_s__rosidl_typesupport_introspection_c.so
[1.682s] -- Installing: /home/noi/robogardener/install/serial_motor_demo_msgs/lib/python3.12/site-packages/serial_motor_demo_msgs/_serial_motor_demo_msgs_s.ep.rosidl_typesupport_introspection_c.c
[1.798s] Listing '/home/noi/robogardener/install/serial_motor_demo_msgs/lib/python3.12/site-packages/serial_motor_demo_msgs'...
[1.798s] Compiling '/home/noi/robogardener/install/serial_motor_demo_msgs/lib/python3.12/site-packages/serial_motor_demo_msgs/__init__.py'...
[1.798s] Listing '/home/noi/robogardener/install/serial_motor_demo_msgs/lib/python3.12/site-packages/serial_motor_demo_msgs/msg'...
[1.799s] Compiling '/home/noi/robogardener/install/serial_motor_demo_msgs/lib/python3.12/site-packages/serial_motor_demo_msgs/msg/__init__.py'...
[1.799s] Compiling '/home/noi/robogardener/install/serial_motor_demo_msgs/lib/python3.12/site-packages/serial_motor_demo_msgs/msg/_encoder_vals.py'...
[1.799s] Compiling '/home/noi/robogardener/install/serial_motor_demo_msgs/lib/python3.12/site-packages/serial_motor_demo_msgs/msg/_motor_command.py'...
[1.800s] Compiling '/home/noi/robogardener/install/serial_motor_demo_msgs/lib/python3.12/site-packages/serial_motor_demo_msgs/msg/_motor_vels.py'...
[1.814s] -- Installing: /home/noi/robogardener/install/serial_motor_demo_msgs/lib/python3.12/site-packages/serial_motor_demo_msgs/serial_motor_demo_msgs_s__rosidl_typesupport_fastrtps_c.so
[1.816s] -- Set non-toolchain portion of runtime path of "/home/noi/robogardener/install/serial_motor_demo_msgs/lib/python3.12/site-packages/serial_motor_demo_msgs/serial_motor_demo_msgs_s__rosidl_typesupport_fastrtps_c.so" to ""
[1.817s] -- Installing: /home/noi/robogardener/install/serial_motor_demo_msgs/lib/python3.12/site-packages/serial_motor_demo_msgs/serial_motor_demo_msgs_s__rosidl_typesupport_introspection_c.so
[1.818s] -- Set non-toolchain portion of runtime path of "/home/noi/robogardener/install/serial_motor_demo_msgs/lib/python3.12/site-packages/serial_motor_demo_msgs/serial_motor_demo_msgs_s__rosidl_typesupport_introspection_c.so" to ""
[1.819s] -- Installing: /home/noi/robogardener/install/serial_motor_demo_msgs/lib/python3.12/site-packages/serial_motor_demo_msgs/serial_motor_demo_msgs_s__rosidl_typesupport_c.so
[1.821s] -- Set non-toolchain portion of runtime path of "/home/noi/robogardener/install/serial_motor_demo_msgs/lib/python3.12/site-packages/serial_motor_demo_msgs/serial_motor_demo_msgs_s__rosidl_typesupport_c.so" to ""
[1.821s] -- Installing: /home/noi/robogardener/install/serial_motor_demo_msgs/lib/libserial_motor_demo_msgs__rosidl_generator_py.so
[1.822s] -- Set non-toolchain portion of runtime path of "/home/noi/robogardener/install/serial_motor_demo_msgs/lib/libserial_motor_demo_msgs__rosidl_generator_py.so" to ""
[1.823s] -- Installing: /home/noi/robogardener/install/serial_motor_demo_msgs/share/serial_motor_demo_msgs/msg/MotorCommand.idl
[1.823s] -- Installing: /home/noi/robogardener/install/serial_motor_demo_msgs/share/serial_motor_demo_msgs/msg/MotorVels.idl
[1.824s] -- Installing: /home/noi/robogardener/install/serial_motor_demo_msgs/share/serial_motor_demo_msgs/msg/EncoderVals.idl
[1.824s] -- Installing: /home/noi/robogardener/install/serial_motor_demo_msgs/share/serial_motor_demo_msgs/msg/MotorCommand.msg
[1.824s] -- Installing: /home/noi/robogardener/install/serial_motor_demo_msgs/share/serial_motor_demo_msgs/msg/MotorVels.msg
[1.825s] -- Installing: /home/noi/robogardener/install/serial_motor_demo_msgs/share/serial_motor_demo_msgs/msg/EncoderVals.msg
[1.826s] -- Installing: /home/noi/robogardener/install/serial_motor_demo_msgs/share/ament_index/resource_index/package_run_dependencies/serial_motor_demo_msgs
[1.827s] -- Installing: /home/noi/robogardener/install/serial_motor_demo_msgs/share/ament_index/resource_index/parent_prefix_path/serial_motor_demo_msgs
[1.827s] -- Installing: /home/noi/robogardener/install/serial_motor_demo_msgs/share/serial_motor_demo_msgs/environment/ament_prefix_path.sh
[1.828s] -- Installing: /home/noi/robogardener/install/serial_motor_demo_msgs/share/serial_motor_demo_msgs/environment/ament_prefix_path.dsv
[1.828s] -- Installing: /home/noi/robogardener/install/serial_motor_demo_msgs/share/serial_motor_demo_msgs/environment/path.sh
[1.829s] -- Installing: /home/noi/robogardener/install/serial_motor_demo_msgs/share/serial_motor_demo_msgs/environment/path.dsv
[1.829s] -- Installing: /home/noi/robogardener/install/serial_motor_demo_msgs/share/serial_motor_demo_msgs/local_setup.bash
[1.830s] -- Installing: /home/noi/robogardener/install/serial_motor_demo_msgs/share/serial_motor_demo_msgs/local_setup.sh
[1.830s] -- Installing: /home/noi/robogardener/install/serial_motor_demo_msgs/share/serial_motor_demo_msgs/local_setup.zsh
[1.831s] -- Installing: /home/noi/robogardener/install/serial_motor_demo_msgs/share/serial_motor_demo_msgs/local_setup.dsv
[1.831s] -- Installing: /home/noi/robogardener/install/serial_motor_demo_msgs/share/serial_motor_demo_msgs/package.dsv
[1.832s] -- Installing: /home/noi/robogardener/install/serial_motor_demo_msgs/share/ament_index/resource_index/packages/serial_motor_demo_msgs
[1.833s] -- Installing: /home/noi/robogardener/install/serial_motor_demo_msgs/share/serial_motor_demo_msgs/cmake/export_serial_motor_demo_msgs__rosidl_generator_cExport.cmake
[1.833s] -- Installing: /home/noi/robogardener/install/serial_motor_demo_msgs/share/serial_motor_demo_msgs/cmake/export_serial_motor_demo_msgs__rosidl_generator_cExport-noconfig.cmake
[1.834s] -- Installing: /home/noi/robogardener/install/serial_motor_demo_msgs/share/serial_motor_demo_msgs/cmake/export_serial_motor_demo_msgs__rosidl_typesupport_fastrtps_cExport.cmake
[1.834s] -- Installing: /home/noi/robogardener/install/serial_motor_demo_msgs/share/serial_motor_demo_msgs/cmake/export_serial_motor_demo_msgs__rosidl_typesupport_fastrtps_cExport-noconfig.cmake
[1.835s] -- Installing: /home/noi/robogardener/install/serial_motor_demo_msgs/share/serial_motor_demo_msgs/cmake/serial_motor_demo_msgs__rosidl_typesupport_introspection_cExport.cmake
[1.835s] -- Installing: /home/noi/robogardener/install/serial_motor_demo_msgs/share/serial_motor_demo_msgs/cmake/serial_motor_demo_msgs__rosidl_typesupport_introspection_cExport-noconfig.cmake
[1.836s] -- Installing: /home/noi/robogardener/install/serial_motor_demo_msgs/share/serial_motor_demo_msgs/cmake/serial_motor_demo_msgs__rosidl_typesupport_cExport.cmake
[1.837s] -- Installing: /home/noi/robogardener/install/serial_motor_demo_msgs/share/serial_motor_demo_msgs/cmake/serial_motor_demo_msgs__rosidl_typesupport_cExport-noconfig.cmake
[1.837s] -- Installing: /home/noi/robogardener/install/serial_motor_demo_msgs/share/serial_motor_demo_msgs/cmake/export_serial_motor_demo_msgs__rosidl_generator_cppExport.cmake
[1.838s] -- Installing: /home/noi/robogardener/install/serial_motor_demo_msgs/share/serial_motor_demo_msgs/cmake/export_serial_motor_demo_msgs__rosidl_typesupport_fastrtps_cppExport.cmake
[1.838s] -- Installing: /home/noi/robogardener/install/serial_motor_demo_msgs/share/serial_motor_demo_msgs/cmake/export_serial_motor_demo_msgs__rosidl_typesupport_fastrtps_cppExport-noconfig.cmake
[1.839s] -- Installing: /home/noi/robogardener/install/serial_motor_demo_msgs/share/serial_motor_demo_msgs/cmake/serial_motor_demo_msgs__rosidl_typesupport_introspection_cppExport.cmake
[1.839s] -- Installing: /home/noi/robogardener/install/serial_motor_demo_msgs/share/serial_motor_demo_msgs/cmake/serial_motor_demo_msgs__rosidl_typesupport_introspection_cppExport-noconfig.cmake
[1.840s] -- Installing: /home/noi/robogardener/install/serial_motor_demo_msgs/share/serial_motor_demo_msgs/cmake/serial_motor_demo_msgs__rosidl_typesupport_cppExport.cmake
[1.840s] -- Installing: /home/noi/robogardener/install/serial_motor_demo_msgs/share/serial_motor_demo_msgs/cmake/serial_motor_demo_msgs__rosidl_typesupport_cppExport-noconfig.cmake
[1.841s] -- Installing: /home/noi/robogardener/install/serial_motor_demo_msgs/share/serial_motor_demo_msgs/cmake/export_serial_motor_demo_msgs__rosidl_generator_pyExport.cmake
[1.842s] -- Installing: /home/noi/robogardener/install/serial_motor_demo_msgs/share/serial_motor_demo_msgs/cmake/export_serial_motor_demo_msgs__rosidl_generator_pyExport-noconfig.cmake
[1.842s] -- Installing: /home/noi/robogardener/install/serial_motor_demo_msgs/share/serial_motor_demo_msgs/cmake/rosidl_cmake-extras.cmake
[1.843s] -- Installing: /home/noi/robogardener/install/serial_motor_demo_msgs/share/serial_motor_demo_msgs/cmake/ament_cmake_export_include_directories-extras.cmake
[1.843s] -- Installing: /home/noi/robogardener/install/serial_motor_demo_msgs/share/serial_motor_demo_msgs/cmake/ament_cmake_export_libraries-extras.cmake
[1.844s] -- Installing: /home/noi/robogardener/install/serial_motor_demo_msgs/share/serial_motor_demo_msgs/cmake/ament_cmake_export_targets-extras.cmake
[1.844s] -- Installing: /home/noi/robogardener/install/serial_motor_demo_msgs/share/serial_motor_demo_msgs/cmake/rosidl_cmake_export_typesupport_targets-extras.cmake
[1.845s] -- Installing: /home/noi/robogardener/install/serial_motor_demo_msgs/share/serial_motor_demo_msgs/cmake/ament_cmake_export_dependencies-extras.cmake
[1.846s] -- Installing: /home/noi/robogardener/install/serial_motor_demo_msgs/share/serial_motor_demo_msgs/cmake/rosidl_cmake_export_typesupport_libraries-extras.cmake
[1.846s] -- Installing: /home/noi/robogardener/install/serial_motor_demo_msgs/share/serial_motor_demo_msgs/cmake/serial_motor_demo_msgsConfig.cmake
[1.846s] -- Installing: /home/noi/robogardener/install/serial_motor_demo_msgs/share/serial_motor_demo_msgs/cmake/serial_motor_demo_msgsConfig-version.cmake
[1.847s] -- Installing: /home/noi/robogardener/install/serial_motor_demo_msgs/share/serial_motor_demo_msgs/package.xml
[1.854s] Invoked command in '/home/noi/robogardener/build/serial_motor_demo_msgs' returned '0': CMAKE_PREFIX_PATH=${CMAKE_PREFIX_PATH}:/opt/ros/rolling DEBUGINFOD_URLS=https://debuginfod.ubuntu.com /usr/bin/cmake --install /home/noi/robogardener/build/serial_motor_demo_msgs
