[0.131s] DEBUG:colcon:Command line arguments: ['/usr/bin/colcon', 'list']
[0.131s] DEBUG:colcon:Parsed command line arguments: Namespace(log_base=None, log_level=None, verb_name='list', build_base='build', ignore_user_meta=False, metas=['./colcon.meta'], base_paths=['.'], packages_ignore=None, packages_ignore_regex=None, paths=None, packages_up_to=None, packages_up_to_regex=None, packages_above=None, packages_above_and_dependencies=None, packages_above_depth=None, packages_select_by_dep=None, packages_skip_by_dep=None, packages_skip_up_to=None, packages_select_build_failed=False, packages_skip_build_finished=False, packages_select_test_failures=False, packages_skip_test_passed=False, packages_select=None, packages_skip=None, packages_select_regex=None, packages_skip_regex=None, packages_start=None, packages_end=None, allow_overriding=[], topological_order=False, names_only=False, paths_only=False, topological_graph=False, topological_graph_dot=False, topological_graph_density=False, topological_graph_legend=False, topological_graph_dot_cluster=False, topological_graph_dot_include_skipped=False, mixin_files=None, mixin=None, verb_parser=<colcon_mixin.mixin.mixin_argument.MixinArgumentDecorator object at 0x7d2a5de8ba10>, verb_extension=<colcon_package_information.verb.list.ListVerb object at 0x7d2a5dfb9a90>, main=<bound method ListVerb.main of <colcon_package_information.verb.list.ListVerb object at 0x7d2a5dfb9a90>>, mixin_verb=('list',))
[0.181s] Level 1:colcon.colcon_core.package_discovery:discover_packages(colcon_meta) check parameters
[0.181s] Level 1:colcon.colcon_core.package_discovery:discover_packages(recursive) check parameters
[0.181s] Level 1:colcon.colcon_core.package_discovery:discover_packages(ignore) check parameters
[0.181s] Level 1:colcon.colcon_core.package_discovery:discover_packages(path) check parameters
[0.181s] Level 1:colcon.colcon_core.package_discovery:discover_packages(colcon_meta) discover
[0.182s] Level 1:colcon.colcon_core.package_discovery:discover_packages(recursive) discover
[0.182s] INFO:colcon.colcon_core.package_discovery:Crawling recursively for packages in '/home/noi/robogardener'
[0.182s] Level 1:colcon.colcon_core.package_identification:_identify(.) by extensions ['ignore', 'ignore_ament_install']
[0.182s] Level 1:colcon.colcon_core.package_identification:_identify(.) by extension 'ignore'
[0.182s] Level 1:colcon.colcon_core.package_identification:_identify(.) by extension 'ignore_ament_install'
[0.182s] Level 1:colcon.colcon_core.package_identification:_identify(.) by extensions ['colcon_pkg']
[0.182s] Level 1:colcon.colcon_core.package_identification:_identify(.) by extension 'colcon_pkg'
[0.182s] Level 1:colcon.colcon_core.package_identification:_identify(.) by extensions ['colcon_meta']
[0.182s] Level 1:colcon.colcon_core.package_identification:_identify(.) by extension 'colcon_meta'
[0.182s] Level 1:colcon.colcon_core.package_identification:_identify(.) by extensions ['ros']
[0.182s] Level 1:colcon.colcon_core.package_identification:_identify(.) by extension 'ros'
[0.216s] Level 1:colcon.colcon_core.package_identification:_identify(.) by extensions ['cmake', 'python']
[0.216s] Level 1:colcon.colcon_core.package_identification:_identify(.) by extension 'cmake'
[0.216s] Level 1:colcon.colcon_core.package_identification:_identify(.) by extension 'python'
[0.216s] Level 1:colcon.colcon_core.package_identification:_identify(.) by extensions ['python_setup_py']
[0.216s] Level 1:colcon.colcon_core.package_identification:_identify(.) by extension 'python_setup_py'
[0.216s] Level 1:colcon.colcon_core.package_identification:_identify(build) by extensions ['ignore', 'ignore_ament_install']
[0.217s] Level 1:colcon.colcon_core.package_identification:_identify(build) by extension 'ignore'
[0.217s] Level 1:colcon.colcon_core.package_identification:_identify(build) ignored
[0.217s] Level 1:colcon.colcon_core.package_identification:_identify(install) by extensions ['ignore', 'ignore_ament_install']
[0.217s] Level 1:colcon.colcon_core.package_identification:_identify(install) by extension 'ignore'
[0.217s] Level 1:colcon.colcon_core.package_identification:_identify(install) ignored
[0.217s] Level 1:colcon.colcon_core.package_identification:_identify(log) by extensions ['ignore', 'ignore_ament_install']
[0.217s] Level 1:colcon.colcon_core.package_identification:_identify(log) by extension 'ignore'
[0.217s] Level 1:colcon.colcon_core.package_identification:_identify(log) ignored
[0.217s] Level 1:colcon.colcon_core.package_identification:_identify(scr) by extensions ['ignore', 'ignore_ament_install']
[0.217s] Level 1:colcon.colcon_core.package_identification:_identify(scr) by extension 'ignore'
[0.218s] Level 1:colcon.colcon_core.package_identification:_identify(scr) by extension 'ignore_ament_install'
[0.218s] Level 1:colcon.colcon_core.package_identification:_identify(scr) by extensions ['colcon_pkg']
[0.218s] Level 1:colcon.colcon_core.package_identification:_identify(scr) by extension 'colcon_pkg'
[0.218s] Level 1:colcon.colcon_core.package_identification:_identify(scr) by extensions ['colcon_meta']
[0.218s] Level 1:colcon.colcon_core.package_identification:_identify(scr) by extension 'colcon_meta'
[0.218s] Level 1:colcon.colcon_core.package_identification:_identify(scr) by extensions ['ros']
[0.218s] Level 1:colcon.colcon_core.package_identification:_identify(scr) by extension 'ros'
[0.218s] Level 1:colcon.colcon_core.package_identification:_identify(scr) by extensions ['cmake', 'python']
[0.218s] Level 1:colcon.colcon_core.package_identification:_identify(scr) by extension 'cmake'
[0.218s] Level 1:colcon.colcon_core.package_identification:_identify(scr) by extension 'python'
[0.218s] Level 1:colcon.colcon_core.package_identification:_identify(scr) by extensions ['python_setup_py']
[0.218s] Level 1:colcon.colcon_core.package_identification:_identify(scr) by extension 'python_setup_py'
[0.218s] Level 1:colcon.colcon_core.package_identification:_identify(scr/RoboGardener) by extensions ['ignore', 'ignore_ament_install']
[0.218s] Level 1:colcon.colcon_core.package_identification:_identify(scr/RoboGardener) by extension 'ignore'
[0.218s] Level 1:colcon.colcon_core.package_identification:_identify(scr/RoboGardener) by extension 'ignore_ament_install'
[0.219s] Level 1:colcon.colcon_core.package_identification:_identify(scr/RoboGardener) by extensions ['colcon_pkg']
[0.219s] Level 1:colcon.colcon_core.package_identification:_identify(scr/RoboGardener) by extension 'colcon_pkg'
[0.219s] Level 1:colcon.colcon_core.package_identification:_identify(scr/RoboGardener) by extensions ['colcon_meta']
[0.219s] Level 1:colcon.colcon_core.package_identification:_identify(scr/RoboGardener) by extension 'colcon_meta'
[0.219s] Level 1:colcon.colcon_core.package_identification:_identify(scr/RoboGardener) by extensions ['ros']
[0.219s] Level 1:colcon.colcon_core.package_identification:_identify(scr/RoboGardener) by extension 'ros'
[0.219s] Level 1:colcon.colcon_core.package_identification:_identify(scr/RoboGardener) by extensions ['cmake', 'python']
[0.219s] Level 1:colcon.colcon_core.package_identification:_identify(scr/RoboGardener) by extension 'cmake'
[0.219s] Level 1:colcon.colcon_core.package_identification:_identify(scr/RoboGardener) by extension 'python'
[0.219s] Level 1:colcon.colcon_core.package_identification:_identify(scr/RoboGardener) by extensions ['python_setup_py']
[0.219s] Level 1:colcon.colcon_core.package_identification:_identify(scr/RoboGardener) by extension 'python_setup_py'
[0.219s] Level 1:colcon.colcon_core.package_identification:_identify(scr/RoboGardener/images) by extensions ['ignore', 'ignore_ament_install']
[0.219s] Level 1:colcon.colcon_core.package_identification:_identify(scr/RoboGardener/images) by extension 'ignore'
[0.219s] Level 1:colcon.colcon_core.package_identification:_identify(scr/RoboGardener/images) by extension 'ignore_ament_install'
[0.220s] Level 1:colcon.colcon_core.package_identification:_identify(scr/RoboGardener/images) by extensions ['colcon_pkg']
[0.220s] Level 1:colcon.colcon_core.package_identification:_identify(scr/RoboGardener/images) by extension 'colcon_pkg'
[0.220s] Level 1:colcon.colcon_core.package_identification:_identify(scr/RoboGardener/images) by extensions ['colcon_meta']
[0.220s] Level 1:colcon.colcon_core.package_identification:_identify(scr/RoboGardener/images) by extension 'colcon_meta'
[0.220s] Level 1:colcon.colcon_core.package_identification:_identify(scr/RoboGardener/images) by extensions ['ros']
[0.220s] Level 1:colcon.colcon_core.package_identification:_identify(scr/RoboGardener/images) by extension 'ros'
[0.220s] Level 1:colcon.colcon_core.package_identification:_identify(scr/RoboGardener/images) by extensions ['cmake', 'python']
[0.220s] Level 1:colcon.colcon_core.package_identification:_identify(scr/RoboGardener/images) by extension 'cmake'
[0.220s] Level 1:colcon.colcon_core.package_identification:_identify(scr/RoboGardener/images) by extension 'python'
[0.220s] Level 1:colcon.colcon_core.package_identification:_identify(scr/RoboGardener/images) by extensions ['python_setup_py']
[0.220s] Level 1:colcon.colcon_core.package_identification:_identify(scr/RoboGardener/images) by extension 'python_setup_py'
[0.220s] Level 1:colcon.colcon_core.package_identification:_identify(scr/RoboGardener/model) by extensions ['ignore', 'ignore_ament_install']
[0.220s] Level 1:colcon.colcon_core.package_identification:_identify(scr/RoboGardener/model) by extension 'ignore'
[0.220s] Level 1:colcon.colcon_core.package_identification:_identify(scr/RoboGardener/model) by extension 'ignore_ament_install'
[0.220s] Level 1:colcon.colcon_core.package_identification:_identify(scr/RoboGardener/model) by extensions ['colcon_pkg']
[0.221s] Level 1:colcon.colcon_core.package_identification:_identify(scr/RoboGardener/model) by extension 'colcon_pkg'
[0.221s] Level 1:colcon.colcon_core.package_identification:_identify(scr/RoboGardener/model) by extensions ['colcon_meta']
[0.221s] Level 1:colcon.colcon_core.package_identification:_identify(scr/RoboGardener/model) by extension 'colcon_meta'
[0.221s] Level 1:colcon.colcon_core.package_identification:_identify(scr/RoboGardener/model) by extensions ['ros']
[0.221s] Level 1:colcon.colcon_core.package_identification:_identify(scr/RoboGardener/model) by extension 'ros'
[0.224s] DEBUG:colcon.colcon_core.package_identification:Package 'scr/RoboGardener/model' with type 'ros.ament_cmake' and name 'model'
[0.224s] Level 1:colcon.colcon_core.package_identification:_identify(scr/RoboGardener/old) by extensions ['ignore', 'ignore_ament_install']
[0.224s] Level 1:colcon.colcon_core.package_identification:_identify(scr/RoboGardener/old) by extension 'ignore'
[0.225s] Level 1:colcon.colcon_core.package_identification:_identify(scr/RoboGardener/old) by extension 'ignore_ament_install'
[0.225s] Level 1:colcon.colcon_core.package_identification:_identify(scr/RoboGardener/old) by extensions ['colcon_pkg']
[0.225s] Level 1:colcon.colcon_core.package_identification:_identify(scr/RoboGardener/old) by extension 'colcon_pkg'
[0.225s] Level 1:colcon.colcon_core.package_identification:_identify(scr/RoboGardener/old) by extensions ['colcon_meta']
[0.225s] Level 1:colcon.colcon_core.package_identification:_identify(scr/RoboGardener/old) by extension 'colcon_meta'
[0.225s] Level 1:colcon.colcon_core.package_identification:_identify(scr/RoboGardener/old) by extensions ['ros']
[0.225s] Level 1:colcon.colcon_core.package_identification:_identify(scr/RoboGardener/old) by extension 'ros'
[0.225s] Level 1:colcon.colcon_core.package_identification:_identify(scr/RoboGardener/old) by extensions ['cmake', 'python']
[0.225s] Level 1:colcon.colcon_core.package_identification:_identify(scr/RoboGardener/old) by extension 'cmake'
[0.225s] Level 1:colcon.colcon_core.package_identification:_identify(scr/RoboGardener/old) by extension 'python'
[0.225s] Level 1:colcon.colcon_core.package_identification:_identify(scr/RoboGardener/old) by extensions ['python_setup_py']
[0.225s] Level 1:colcon.colcon_core.package_identification:_identify(scr/RoboGardener/old) by extension 'python_setup_py'
[0.225s] Level 1:colcon.colcon_core.package_identification:_identify(scr/RoboGardener/old/tryout) by extensions ['ignore', 'ignore_ament_install']
[0.225s] Level 1:colcon.colcon_core.package_identification:_identify(scr/RoboGardener/old/tryout) by extension 'ignore'
[0.226s] Level 1:colcon.colcon_core.package_identification:_identify(scr/RoboGardener/old/tryout) by extension 'ignore_ament_install'
[0.226s] Level 1:colcon.colcon_core.package_identification:_identify(scr/RoboGardener/old/tryout) by extensions ['colcon_pkg']
[0.226s] Level 1:colcon.colcon_core.package_identification:_identify(scr/RoboGardener/old/tryout) by extension 'colcon_pkg'
[0.226s] Level 1:colcon.colcon_core.package_identification:_identify(scr/RoboGardener/old/tryout) by extensions ['colcon_meta']
[0.226s] Level 1:colcon.colcon_core.package_identification:_identify(scr/RoboGardener/old/tryout) by extension 'colcon_meta'
[0.226s] Level 1:colcon.colcon_core.package_identification:_identify(scr/RoboGardener/old/tryout) by extensions ['ros']
[0.226s] Level 1:colcon.colcon_core.package_identification:_identify(scr/RoboGardener/old/tryout) by extension 'ros'
[0.226s] Level 1:colcon.colcon_core.package_identification:_identify(scr/RoboGardener/old/tryout) by extensions ['cmake', 'python']
[0.226s] Level 1:colcon.colcon_core.package_identification:_identify(scr/RoboGardener/old/tryout) by extension 'cmake'
[0.226s] Level 1:colcon.colcon_core.package_identification:_identify(scr/RoboGardener/old/tryout) by extension 'python'
[0.226s] Level 1:colcon.colcon_core.package_identification:_identify(scr/RoboGardener/old/tryout) by extensions ['python_setup_py']
[0.226s] Level 1:colcon.colcon_core.package_identification:_identify(scr/RoboGardener/old/tryout) by extension 'python_setup_py'
[0.226s] Level 1:colcon.colcon_core.package_identification:_identify(scr/RoboGardener/old/tryout/configfils) by extensions ['ignore', 'ignore_ament_install']
[0.226s] Level 1:colcon.colcon_core.package_identification:_identify(scr/RoboGardener/old/tryout/configfils) by extension 'ignore'
[0.227s] Level 1:colcon.colcon_core.package_identification:_identify(scr/RoboGardener/old/tryout/configfils) by extension 'ignore_ament_install'
[0.227s] Level 1:colcon.colcon_core.package_identification:_identify(scr/RoboGardener/old/tryout/configfils) by extensions ['colcon_pkg']
[0.227s] Level 1:colcon.colcon_core.package_identification:_identify(scr/RoboGardener/old/tryout/configfils) by extension 'colcon_pkg'
[0.227s] Level 1:colcon.colcon_core.package_identification:_identify(scr/RoboGardener/old/tryout/configfils) by extensions ['colcon_meta']
[0.227s] Level 1:colcon.colcon_core.package_identification:_identify(scr/RoboGardener/old/tryout/configfils) by extension 'colcon_meta'
[0.227s] Level 1:colcon.colcon_core.package_identification:_identify(scr/RoboGardener/old/tryout/configfils) by extensions ['ros']
[0.227s] Level 1:colcon.colcon_core.package_identification:_identify(scr/RoboGardener/old/tryout/configfils) by extension 'ros'
[0.227s] Level 1:colcon.colcon_core.package_identification:_identify(scr/RoboGardener/old/tryout/configfils) by extensions ['cmake', 'python']
[0.227s] Level 1:colcon.colcon_core.package_identification:_identify(scr/RoboGardener/old/tryout/configfils) by extension 'cmake'
[0.227s] Level 1:colcon.colcon_core.package_identification:_identify(scr/RoboGardener/old/tryout/configfils) by extension 'python'
[0.227s] Level 1:colcon.colcon_core.package_identification:_identify(scr/RoboGardener/old/tryout/configfils) by extensions ['python_setup_py']
[0.227s] Level 1:colcon.colcon_core.package_identification:_identify(scr/RoboGardener/old/tryout/configfils) by extension 'python_setup_py'
[0.227s] Level 1:colcon.colcon_core.package_identification:_identify(scr/RoboGardener/report2) by extensions ['ignore', 'ignore_ament_install']
[0.227s] Level 1:colcon.colcon_core.package_identification:_identify(scr/RoboGardener/report2) by extension 'ignore'
[0.227s] Level 1:colcon.colcon_core.package_identification:_identify(scr/RoboGardener/report2) by extension 'ignore_ament_install'
[0.228s] Level 1:colcon.colcon_core.package_identification:_identify(scr/RoboGardener/report2) by extensions ['colcon_pkg']
[0.228s] Level 1:colcon.colcon_core.package_identification:_identify(scr/RoboGardener/report2) by extension 'colcon_pkg'
[0.228s] Level 1:colcon.colcon_core.package_identification:_identify(scr/RoboGardener/report2) by extensions ['colcon_meta']
[0.228s] Level 1:colcon.colcon_core.package_identification:_identify(scr/RoboGardener/report2) by extension 'colcon_meta'
[0.228s] Level 1:colcon.colcon_core.package_identification:_identify(scr/RoboGardener/report2) by extensions ['ros']
[0.228s] Level 1:colcon.colcon_core.package_identification:_identify(scr/RoboGardener/report2) by extension 'ros'
[0.228s] Level 1:colcon.colcon_core.package_identification:_identify(scr/RoboGardener/report2) by extensions ['cmake', 'python']
[0.228s] Level 1:colcon.colcon_core.package_identification:_identify(scr/RoboGardener/report2) by extension 'cmake'
[0.228s] Level 1:colcon.colcon_core.package_identification:_identify(scr/RoboGardener/report2) by extension 'python'
[0.228s] Level 1:colcon.colcon_core.package_identification:_identify(scr/RoboGardener/report2) by extensions ['python_setup_py']
[0.228s] Level 1:colcon.colcon_core.package_identification:_identify(scr/RoboGardener/report2) by extension 'python_setup_py'
[0.228s] Level 1:colcon.colcon_core.package_identification:_identify(scr/RoboGardener/serial_motor_demo) by extensions ['ignore', 'ignore_ament_install']
[0.228s] Level 1:colcon.colcon_core.package_identification:_identify(scr/RoboGardener/serial_motor_demo) by extension 'ignore'
[0.228s] Level 1:colcon.colcon_core.package_identification:_identify(scr/RoboGardener/serial_motor_demo) by extension 'ignore_ament_install'
[0.229s] Level 1:colcon.colcon_core.package_identification:_identify(scr/RoboGardener/serial_motor_demo) by extensions ['colcon_pkg']
[0.229s] Level 1:colcon.colcon_core.package_identification:_identify(scr/RoboGardener/serial_motor_demo) by extension 'colcon_pkg'
[0.229s] Level 1:colcon.colcon_core.package_identification:_identify(scr/RoboGardener/serial_motor_demo) by extensions ['colcon_meta']
[0.229s] Level 1:colcon.colcon_core.package_identification:_identify(scr/RoboGardener/serial_motor_demo) by extension 'colcon_meta'
[0.229s] Level 1:colcon.colcon_core.package_identification:_identify(scr/RoboGardener/serial_motor_demo) by extensions ['ros']
[0.229s] Level 1:colcon.colcon_core.package_identification:_identify(scr/RoboGardener/serial_motor_demo) by extension 'ros'
[0.229s] Level 1:colcon.colcon_core.package_identification:_identify(scr/RoboGardener/serial_motor_demo) by extensions ['cmake', 'python']
[0.229s] Level 1:colcon.colcon_core.package_identification:_identify(scr/RoboGardener/serial_motor_demo) by extension 'cmake'
[0.229s] Level 1:colcon.colcon_core.package_identification:_identify(scr/RoboGardener/serial_motor_demo) by extension 'python'
[0.229s] Level 1:colcon.colcon_core.package_identification:_identify(scr/RoboGardener/serial_motor_demo) by extensions ['python_setup_py']
[0.229s] Level 1:colcon.colcon_core.package_identification:_identify(scr/RoboGardener/serial_motor_demo) by extension 'python_setup_py'
[0.229s] Level 1:colcon.colcon_core.package_identification:_identify(scr/RoboGardener/serial_motor_demo/serial_motor_demo) by extensions ['ignore', 'ignore_ament_install']
[0.229s] Level 1:colcon.colcon_core.package_identification:_identify(scr/RoboGardener/serial_motor_demo/serial_motor_demo) by extension 'ignore'
[0.229s] Level 1:colcon.colcon_core.package_identification:_identify(scr/RoboGardener/serial_motor_demo/serial_motor_demo) by extension 'ignore_ament_install'
[0.229s] Level 1:colcon.colcon_core.package_identification:_identify(scr/RoboGardener/serial_motor_demo/serial_motor_demo) by extensions ['colcon_pkg']
[0.229s] Level 1:colcon.colcon_core.package_identification:_identify(scr/RoboGardener/serial_motor_demo/serial_motor_demo) by extension 'colcon_pkg'
[0.230s] Level 1:colcon.colcon_core.package_identification:_identify(scr/RoboGardener/serial_motor_demo/serial_motor_demo) by extensions ['colcon_meta']
[0.230s] Level 1:colcon.colcon_core.package_identification:_identify(scr/RoboGardener/serial_motor_demo/serial_motor_demo) by extension 'colcon_meta'
[0.230s] Level 1:colcon.colcon_core.package_identification:_identify(scr/RoboGardener/serial_motor_demo/serial_motor_demo) by extensions ['ros']
[0.230s] Level 1:colcon.colcon_core.package_identification:_identify(scr/RoboGardener/serial_motor_demo/serial_motor_demo) by extension 'ros'
[0.231s] DEBUG:colcon.colcon_core.package_identification:Package 'scr/RoboGardener/serial_motor_demo/serial_motor_demo' with type 'ros.ament_python' and name 'serial_motor_demo'
[0.231s] Level 1:colcon.colcon_core.package_identification:_identify(scr/RoboGardener/serial_motor_demo/serial_motor_demo_msgs) by extensions ['ignore', 'ignore_ament_install']
[0.231s] Level 1:colcon.colcon_core.package_identification:_identify(scr/RoboGardener/serial_motor_demo/serial_motor_demo_msgs) by extension 'ignore'
[0.231s] Level 1:colcon.colcon_core.package_identification:_identify(scr/RoboGardener/serial_motor_demo/serial_motor_demo_msgs) by extension 'ignore_ament_install'
[0.231s] Level 1:colcon.colcon_core.package_identification:_identify(scr/RoboGardener/serial_motor_demo/serial_motor_demo_msgs) by extensions ['colcon_pkg']
[0.231s] Level 1:colcon.colcon_core.package_identification:_identify(scr/RoboGardener/serial_motor_demo/serial_motor_demo_msgs) by extension 'colcon_pkg'
[0.231s] Level 1:colcon.colcon_core.package_identification:_identify(scr/RoboGardener/serial_motor_demo/serial_motor_demo_msgs) by extensions ['colcon_meta']
[0.231s] Level 1:colcon.colcon_core.package_identification:_identify(scr/RoboGardener/serial_motor_demo/serial_motor_demo_msgs) by extension 'colcon_meta'
[0.231s] Level 1:colcon.colcon_core.package_identification:_identify(scr/RoboGardener/serial_motor_demo/serial_motor_demo_msgs) by extensions ['ros']
[0.231s] Level 1:colcon.colcon_core.package_identification:_identify(scr/RoboGardener/serial_motor_demo/serial_motor_demo_msgs) by extension 'ros'
[0.232s] DEBUG:colcon.colcon_core.package_identification:Package 'scr/RoboGardener/serial_motor_demo/serial_motor_demo_msgs' with type 'ros.ament_cmake' and name 'serial_motor_demo_msgs'
[0.232s] Level 1:colcon.colcon_core.package_discovery:discover_packages(recursive) using defaults
[0.232s] Level 1:colcon.colcon_core.package_discovery:discover_packages(ignore) discover
[0.232s] Level 1:colcon.colcon_core.package_discovery:discover_packages(ignore) using defaults
[0.232s] Level 1:colcon.colcon_core.package_discovery:discover_packages(path) discover
[0.232s] Level 1:colcon.colcon_core.package_discovery:discover_packages(path) using defaults
