[2.399s] Invoking command in '/home/noi/robogardener/scr/RoboGardener/serial_motor_demo/serial_motor_demo': DEBUGINFOD_URLS=https://debuginfod.ubuntu.com PYTHONPATH=/home/noi/robogardener/build/serial_motor_demo/prefix_override:/usr/lib/python3/dist-packages/colcon_core/task/python/colcon_distutils_commands:/home/noi/robogardener/install/serial_motor_demo/lib/python3.12/site-packages:/home/noi/robogardener/install/serial_motor_demo_msgs/lib/python3.12/site-packages:/home/noi/robogardener/install/serial_motor_demo/lib/python3.12/site-packages:/opt/ros/rolling/lib/python3.12/site-packages /usr/bin/python3 -W ignore:setup.py install is deprecated setup.py egg_info --egg-base ../../../../build/serial_motor_demo build --build-base /home/noi/robogardener/build/serial_motor_demo/build install --record /home/noi/robogardener/build/serial_motor_demo/install.log --install-scripts $base/lib/serial_motor_demo --single-version-externally-managed install_data
[2.671s] /usr/lib/python3/dist-packages/setuptools/dist.py:744: SetuptoolsDeprecationWarning: Invalid dash-separated options
[2.672s] !!
[2.672s] 
[2.672s]         ********************************************************************************
[2.673s]         Usage of dash-separated 'script-dir' will not be supported in future
[2.673s]         versions. Please use the underscore name 'script_dir' instead.
[2.673s] 
[2.673s]         This deprecation is overdue, please update your project and remove deprecated
[2.674s]         calls to avoid build errors in the future.
[2.674s] 
[2.674s]         See https://setuptools.pypa.io/en/latest/userguide/declarative_config.html for details.
[2.675s]         ********************************************************************************
[2.675s] 
[2.675s] !!
[2.676s]   opt = self.warn_dash_deprecation(opt, section)
[2.981s] running egg_info
[3.023s] writing ../../../../build/serial_motor_demo/serial_motor_demo.egg-info/PKG-INFO
[3.024s] writing dependency_links to ../../../../build/serial_motor_demo/serial_motor_demo.egg-info/dependency_links.txt
[3.024s] writing entry points to ../../../../build/serial_motor_demo/serial_motor_demo.egg-info/entry_points.txt
[3.025s] writing requirements to ../../../../build/serial_motor_demo/serial_motor_demo.egg-info/requires.txt
[3.025s] writing top-level names to ../../../../build/serial_motor_demo/serial_motor_demo.egg-info/top_level.txt
[3.115s] reading manifest file '../../../../build/serial_motor_demo/serial_motor_demo.egg-info/SOURCES.txt'
[3.116s] writing manifest file '../../../../build/serial_motor_demo/serial_motor_demo.egg-info/SOURCES.txt'
[3.117s] running build
[3.117s] running build_py
[3.117s] copying serial_motor_demo/gui.py -> /home/noi/robogardener/build/serial_motor_demo/build/lib/serial_motor_demo
[3.118s] running install
[3.129s] running install_lib
[3.176s] copying /home/noi/robogardener/build/serial_motor_demo/build/lib/serial_motor_demo/gui.py -> /home/noi/robogardener/install/serial_motor_demo/lib/python3.12/site-packages/serial_motor_demo
[3.177s] byte-compiling /home/noi/robogardener/install/serial_motor_demo/lib/python3.12/site-packages/serial_motor_demo/gui.py to gui.cpython-312.pyc
[3.180s] running install_data
[3.181s] running install_egg_info
[3.225s] removing '/home/noi/robogardener/install/serial_motor_demo/lib/python3.12/site-packages/serial_motor_demo-0.0.0-py3.12.egg-info' (and everything under it)
[3.225s] Copying ../../../../build/serial_motor_demo/serial_motor_demo.egg-info to /home/noi/robogardener/install/serial_motor_demo/lib/python3.12/site-packages/serial_motor_demo-0.0.0-py3.12.egg-info
[3.228s] running install_scripts
[3.518s] Installing driver script to /home/noi/robogardener/install/serial_motor_demo/lib/serial_motor_demo
[3.518s] Installing gui script to /home/noi/robogardener/install/serial_motor_demo/lib/serial_motor_demo
[3.519s] writing list of installed files to '/home/noi/robogardener/build/serial_motor_demo/install.log'
[3.616s] Invoked command in '/home/noi/robogardener/scr/RoboGardener/serial_motor_demo/serial_motor_demo' returned '0': DEBUGINFOD_URLS=https://debuginfod.ubuntu.com PYTHONPATH=/home/noi/robogardener/build/serial_motor_demo/prefix_override:/usr/lib/python3/dist-packages/colcon_core/task/python/colcon_distutils_commands:/home/noi/robogardener/install/serial_motor_demo/lib/python3.12/site-packages:/home/noi/robogardener/install/serial_motor_demo_msgs/lib/python3.12/site-packages:/home/noi/robogardener/install/serial_motor_demo/lib/python3.12/site-packages:/opt/ros/rolling/lib/python3.12/site-packages /usr/bin/python3 -W ignore:setup.py install is deprecated setup.py egg_info --egg-base ../../../../build/serial_motor_demo build --build-base /home/noi/robogardener/build/serial_motor_demo/build install --record /home/noi/robogardener/build/serial_motor_demo/install.log --install-scripts $base/lib/serial_motor_demo --single-version-externally-managed install_data
