[0.030s] Invoking command in '/home/noi/robogardener/build/robogardener': CMAKE_PREFIX_PATH=${CMAKE_PREFIX_PATH}:/opt/ros/rolling DEBUGINFOD_URLS=https://debuginfod.ubuntu.com /usr/bin/cmake --build /home/noi/robogardener/build/robogardener -- -j8 -l8
[0.143s] Invoked command in '/home/noi/robogardener/build/robogardener' returned '0': CMAKE_PREFIX_PATH=${CMAKE_PREFIX_PATH}:/opt/ros/rolling DEBUGINFOD_URLS=https://debuginfod.ubuntu.com /usr/bin/cmake --build /home/noi/robogardener/build/robogardener -- -j8 -l8
[0.247s] Invoking command in '/home/noi/robogardener/build/robogardener': CMAKE_PREFIX_PATH=${CMAKE_PREFIX_PATH}:/opt/ros/rolling DEBUGINFOD_URLS=https://debuginfod.ubuntu.com /usr/bin/cmake --install /home/noi/robogardener/build/robogardener
[0.278s] -- Install configuration: ""
[0.278s] -- Up-to-date: /home/noi/robogardener/install/robogardener/share/robogardener/config
[0.279s] -- Up-to-date: /home/noi/robogardener/install/robogardener/share/robogardener/config/robogardner_config.rviz
[0.280s] -- Up-to-date: /home/noi/robogardener/install/robogardener/share/robogardener/config/twist_mux.yaml
[0.280s] -- Up-to-date: /home/noi/robogardener/install/robogardener/share/robogardener/config/gz_bridge.yaml
[0.281s] -- Up-to-date: /home/noi/robogardener/install/robogardener/share/robogardener/config/batmobil_config.rviz
[0.281s] -- Up-to-date: /home/noi/robogardener/install/robogardener/share/robogardener/description
[0.281s] -- Up-to-date: /home/noi/robogardener/install/robogardener/share/robogardener/description/ros2_control.xacro
[0.282s] -- Up-to-date: /home/noi/robogardener/install/robogardener/share/robogardener/description/core_model.xacro
[0.282s] -- Up-to-date: /home/noi/robogardener/install/robogardener/share/robogardener/description/gazebo_sim
[0.282s] -- Up-to-date: /home/noi/robogardener/install/robogardener/share/robogardener/description/gazebo_sim/__pycache__
[0.283s] -- Up-to-date: /home/noi/robogardener/install/robogardener/share/robogardener/description/gazebo_sim/__pycache__/diff_drive_with_world.cpython-312.pyc
[0.283s] -- Up-to-date: /home/noi/robogardener/install/robogardener/share/robogardener/description/gazebo_sim/__pycache__/batmobil_launch.cpython-312.pyc
[0.284s] -- Up-to-date: /home/noi/robogardener/install/robogardener/share/robogardener/description/gazebo_sim/batmobil_launch.py
[0.284s] -- Up-to-date: /home/noi/robogardener/install/robogardener/share/robogardener/description/gazebo_sim/diff_drive_with_world.py
[0.284s] -- Up-to-date: /home/noi/robogardener/install/robogardener/share/robogardener/description/gazebo_sim/empty_world.sdf
[0.285s] -- Up-to-date: /home/noi/robogardener/install/robogardener/share/robogardener/description/gazebo_sim/batmobil_world.sdf
[0.286s] -- Up-to-date: /home/noi/robogardener/install/robogardener/share/robogardener/description/robo.urdf.xacro
[0.288s] -- Up-to-date: /home/noi/robogardener/install/robogardener/share/robogardener/description/gz_control.xacro
[0.288s] -- Up-to-date: /home/noi/robogardener/install/robogardener/share/robogardener/description/roboter_frames
[0.289s] -- Up-to-date: /home/noi/robogardener/install/robogardener/share/robogardener/description/roboter_frames/frames_2024-08-26_22.26.15.gv
[0.290s] -- Up-to-date: /home/noi/robogardener/install/robogardener/share/robogardener/description/roboter_frames/frames_2024-08-26_22.26.15.pdf
[0.291s] -- Up-to-date: /home/noi/robogardener/install/robogardener/share/robogardener/launch
[0.292s] -- Up-to-date: /home/noi/robogardener/install/robogardener/share/robogardener/launch/__pycache__
[0.292s] -- Up-to-date: /home/noi/robogardener/install/robogardener/share/robogardener/launch/__pycache__/rsp.launch.cpython-312.pyc
[0.293s] -- Up-to-date: /home/noi/robogardener/install/robogardener/share/robogardener/launch/__pycache__/sim_gz.launch.cpython-312.pyc
[0.293s] -- Up-to-date: /home/noi/robogardener/install/robogardener/share/robogardener/launch/__pycache__/batmobil_view.launch.cpython-312.pyc
[0.294s] -- Up-to-date: /home/noi/robogardener/install/robogardener/share/robogardener/launch/__pycache__/view_robot.launch.cpython-312.pyc
[0.295s] -- Up-to-date: /home/noi/robogardener/install/robogardener/share/robogardener/launch/sim_gz.launch.py
[0.295s] -- Up-to-date: /home/noi/robogardener/install/robogardener/share/robogardener/launch/view_robot.launch.py
[0.296s] -- Up-to-date: /home/noi/robogardener/install/robogardener/share/robogardener/launch/rsp.launch.py
[0.297s] -- Up-to-date: /home/noi/robogardener/install/robogardener/share/robogardener/launch/log
[0.297s] -- Up-to-date: /home/noi/robogardener/install/robogardener/share/robogardener/launch/log/latest
[0.297s] -- Up-to-date: /home/noi/robogardener/install/robogardener/share/robogardener/launch/log/COLCON_IGNORE
[0.298s] -- Up-to-date: /home/noi/robogardener/install/robogardener/share/robogardener/launch/log/list_2024-11-03_19-07-45
[0.298s] -- Up-to-date: /home/noi/robogardener/install/robogardener/share/robogardener/launch/log/list_2024-11-03_19-07-45/logger_all.log
[0.299s] -- Up-to-date: /home/noi/robogardener/install/robogardener/share/robogardener/launch/log/list_2024-11-03_18-52-03
[0.300s] -- Up-to-date: /home/noi/robogardener/install/robogardener/share/robogardener/launch/log/list_2024-11-03_18-52-03/logger_all.log
[0.301s] -- Up-to-date: /home/noi/robogardener/install/robogardener/share/robogardener/launch/log/list_2024-11-21_16-10-24
[0.301s] -- Up-to-date: /home/noi/robogardener/install/robogardener/share/robogardener/launch/log/latest_list
[0.301s] -- Up-to-date: /home/noi/robogardener/install/robogardener/share/robogardener/launch/log/list_2024-11-20_15-57-46
[0.302s] -- Up-to-date: /home/noi/robogardener/install/robogardener/share/robogardener/launch/log/list_2024-11-20_15-57-46/logger_all.log
[0.302s] -- Up-to-date: /home/noi/robogardener/install/robogardener/share/robogardener/launch/batmobil_view.launch.py
[0.303s] -- Up-to-date: /home/noi/robogardener/install/robogardener/share/robogardener/worlds
[0.303s] -- Up-to-date: /home/noi/robogardener/install/robogardener/share/robogardener/worlds/empty_world
[0.303s] -- Up-to-date: /home/noi/robogardener/install/robogardener/share/ament_index/resource_index/package_run_dependencies/robogardener
[0.304s] -- Up-to-date: /home/noi/robogardener/install/robogardener/share/ament_index/resource_index/parent_prefix_path/robogardener
[0.305s] -- Up-to-date: /home/noi/robogardener/install/robogardener/share/robogardener/environment/ament_prefix_path.sh
[0.305s] -- Up-to-date: /home/noi/robogardener/install/robogardener/share/robogardener/environment/ament_prefix_path.dsv
[0.305s] -- Up-to-date: /home/noi/robogardener/install/robogardener/share/robogardener/environment/path.sh
[0.306s] -- Up-to-date: /home/noi/robogardener/install/robogardener/share/robogardener/environment/path.dsv
[0.307s] -- Up-to-date: /home/noi/robogardener/install/robogardener/share/robogardener/local_setup.bash
[0.309s] -- Up-to-date: /home/noi/robogardener/install/robogardener/share/robogardener/local_setup.sh
[0.310s] -- Up-to-date: /home/noi/robogardener/install/robogardener/share/robogardener/local_setup.zsh
[0.311s] -- Up-to-date: /home/noi/robogardener/install/robogardener/share/robogardener/local_setup.dsv
[0.312s] -- Installing: /home/noi/robogardener/install/robogardener/share/robogardener/package.dsv
[0.312s] -- Up-to-date: /home/noi/robogardener/install/robogardener/share/ament_index/resource_index/packages/robogardener
[0.312s] -- Up-to-date: /home/noi/robogardener/install/robogardener/share/robogardener/cmake/robogardenerConfig.cmake
[0.313s] -- Up-to-date: /home/noi/robogardener/install/robogardener/share/robogardener/cmake/robogardenerConfig-version.cmake
[0.313s] -- Up-to-date: /home/noi/robogardener/install/robogardener/share/robogardener/package.xml
[0.314s] Invoked command in '/home/noi/robogardener/build/robogardener' returned '0': CMAKE_PREFIX_PATH=${CMAKE_PREFIX_PATH}:/opt/ros/rolling DEBUGINFOD_URLS=https://debuginfod.ubuntu.com /usr/bin/cmake --install /home/noi/robogardener/build/robogardener
