[0.018s] Invoking command in '/home/noi/robogardener/build/robogardener': CMAKE_PREFIX_PATH=${CMAKE_PREFIX_PATH}:/opt/ros/rolling DEBUGINFOD_URLS=https://debuginfod.ubuntu.com /usr/bin/cmake --build /home/noi/robogardener/build/robogardener -- -j8 -l8
[0.073s] -- Found ament_cmake: 2.7.0 (/opt/ros/rolling/share/ament_cmake/cmake)
[0.390s] -- Found ament_lint_auto: 0.18.1 (/opt/ros/rolling/share/ament_lint_auto/cmake)
[0.515s] -- Configuring done (0.5s)
[0.529s] -- Generating done (0.0s)
[0.534s] -- Build files have been written to: /home/noi/robogardener/build/robogardener
[0.588s] Invoked command in '/home/noi/robogardener/build/robogardener' returned '0': CMAKE_PREFIX_PATH=${CMAKE_PREFIX_PATH}:/opt/ros/rolling DEBUGINFOD_URLS=https://debuginfod.ubuntu.com /usr/bin/cmake --build /home/noi/robogardener/build/robogardener -- -j8 -l8
[0.649s] Invoking command in '/home/noi/robogardener/build/robogardener': CMAKE_PREFIX_PATH=${CMAKE_PREFIX_PATH}:/opt/ros/rolling DEBUGINFOD_URLS=https://debuginfod.ubuntu.com /usr/bin/cmake --install /home/noi/robogardener/build/robogardener
[0.667s] -- Install configuration: ""
[0.667s] -- Up-to-date: /home/noi/robogardener/install/robogardener/share/robogardener/config
[0.667s] -- Up-to-date: /home/noi/robogardener/install/robogardener/share/robogardener/config/robogardner_config.rviz
[0.668s] -- Up-to-date: /home/noi/robogardener/install/robogardener/share/robogardener/config/twist_mux.yaml
[0.668s] -- Installing: /home/noi/robogardener/install/robogardener/share/robogardener/config/gz_bridge.yaml
[0.668s] -- Up-to-date: /home/noi/robogardener/install/robogardener/share/robogardener/config/batmobil_config.rviz
[0.668s] -- Up-to-date: /home/noi/robogardener/install/robogardener/share/robogardener/description
[0.669s] -- Up-to-date: /home/noi/robogardener/install/robogardener/share/robogardener/description/ros2_control.xacro
[0.669s] -- Up-to-date: /home/noi/robogardener/install/robogardener/share/robogardener/description/core_model.xacro
[0.669s] -- Up-to-date: /home/noi/robogardener/install/robogardener/share/robogardener/description/gazebo_sim
[0.669s] -- Up-to-date: /home/noi/robogardener/install/robogardener/share/robogardener/description/gazebo_sim/empty_world.sdf
[0.669s] -- Installing: /home/noi/robogardener/install/robogardener/share/robogardener/description/gazebo_sim/batmobil_world.sdf
[0.669s] -- Up-to-date: /home/noi/robogardener/install/robogardener/share/robogardener/description/robo.urdf.xacro
[0.669s] -- Up-to-date: /home/noi/robogardener/install/robogardener/share/robogardener/description/gz_control.xacro
[0.670s] -- Up-to-date: /home/noi/robogardener/install/robogardener/share/robogardener/description/roboter_frames
[0.670s] -- Up-to-date: /home/noi/robogardener/install/robogardener/share/robogardener/description/roboter_frames/frames_2024-08-26_22.26.15.gv
[0.670s] -- Up-to-date: /home/noi/robogardener/install/robogardener/share/robogardener/description/roboter_frames/frames_2024-08-26_22.26.15.pdf
[0.670s] -- Up-to-date: /home/noi/robogardener/install/robogardener/share/robogardener/launch
[0.670s] -- Up-to-date: /home/noi/robogardener/install/robogardener/share/robogardener/launch/__pycache__
[0.670s] -- Installing: /home/noi/robogardener/install/robogardener/share/robogardener/launch/__pycache__/rsp.launch.cpython-312.pyc
[0.670s] -- Installing: /home/noi/robogardener/install/robogardener/share/robogardener/launch/__pycache__/sim_gz.launch.cpython-312.pyc
[0.670s] -- Up-to-date: /home/noi/robogardener/install/robogardener/share/robogardener/launch/__pycache__/batmobil_view.launch.cpython-312.pyc
[0.671s] -- Up-to-date: /home/noi/robogardener/install/robogardener/share/robogardener/launch/__pycache__/view_robot.launch.cpython-312.pyc
[0.671s] -- Installing: /home/noi/robogardener/install/robogardener/share/robogardener/launch/sim_gz.launch.py
[0.671s] -- Up-to-date: /home/noi/robogardener/install/robogardener/share/robogardener/launch/view_robot.launch.py
[0.671s] -- Up-to-date: /home/noi/robogardener/install/robogardener/share/robogardener/launch/rsp.launch.py
[0.671s] -- Up-to-date: /home/noi/robogardener/install/robogardener/share/robogardener/launch/log
[0.671s] -- Up-to-date: /home/noi/robogardener/install/robogardener/share/robogardener/launch/log/latest
[0.671s] -- Up-to-date: /home/noi/robogardener/install/robogardener/share/robogardener/launch/log/COLCON_IGNORE
[0.671s] -- Up-to-date: /home/noi/robogardener/install/robogardener/share/robogardener/launch/log/list_2024-11-03_19-07-45
[0.671s] -- Up-to-date: /home/noi/robogardener/install/robogardener/share/robogardener/launch/log/list_2024-11-03_19-07-45/logger_all.log
[0.672s] -- Up-to-date: /home/noi/robogardener/install/robogardener/share/robogardener/launch/log/list_2024-11-03_18-52-03
[0.672s] -- Up-to-date: /home/noi/robogardener/install/robogardener/share/robogardener/launch/log/list_2024-11-03_18-52-03/logger_all.log
[0.672s] -- Up-to-date: /home/noi/robogardener/install/robogardener/share/robogardener/launch/log/latest_list
[0.672s] -- Up-to-date: /home/noi/robogardener/install/robogardener/share/robogardener/launch/log/list_2024-11-20_15-57-46
[0.672s] -- Up-to-date: /home/noi/robogardener/install/robogardener/share/robogardener/launch/log/list_2024-11-20_15-57-46/logger_all.log
[0.672s] -- Up-to-date: /home/noi/robogardener/install/robogardener/share/robogardener/launch/batmobil_view.launch.py
[0.672s] -- Installing: /home/noi/robogardener/install/robogardener/share/robogardener/worlds
[0.672s] -- Installing: /home/noi/robogardener/install/robogardener/share/robogardener/worlds/empty_world
[0.672s] -- Up-to-date: /home/noi/robogardener/install/robogardener/share/ament_index/resource_index/package_run_dependencies/robogardener
[0.672s] -- Installing: /home/noi/robogardener/install/robogardener/share/ament_index/resource_index/parent_prefix_path/robogardener
[0.673s] -- Up-to-date: /home/noi/robogardener/install/robogardener/share/robogardener/environment/ament_prefix_path.sh
[0.673s] -- Up-to-date: /home/noi/robogardener/install/robogardener/share/robogardener/environment/ament_prefix_path.dsv
[0.673s] -- Up-to-date: /home/noi/robogardener/install/robogardener/share/robogardener/environment/path.sh
[0.673s] -- Up-to-date: /home/noi/robogardener/install/robogardener/share/robogardener/environment/path.dsv
[0.673s] -- Up-to-date: /home/noi/robogardener/install/robogardener/share/robogardener/local_setup.bash
[0.673s] -- Up-to-date: /home/noi/robogardener/install/robogardener/share/robogardener/local_setup.sh
[0.673s] -- Up-to-date: /home/noi/robogardener/install/robogardener/share/robogardener/local_setup.zsh
[0.673s] -- Up-to-date: /home/noi/robogardener/install/robogardener/share/robogardener/local_setup.dsv
[0.673s] -- Installing: /home/noi/robogardener/install/robogardener/share/robogardener/package.dsv
[0.674s] -- Up-to-date: /home/noi/robogardener/install/robogardener/share/ament_index/resource_index/packages/robogardener
[0.674s] -- Up-to-date: /home/noi/robogardener/install/robogardener/share/robogardener/cmake/robogardenerConfig.cmake
[0.674s] -- Up-to-date: /home/noi/robogardener/install/robogardener/share/robogardener/cmake/robogardenerConfig-version.cmake
[0.674s] -- Up-to-date: /home/noi/robogardener/install/robogardener/share/robogardener/package.xml
[0.675s] Invoked command in '/home/noi/robogardener/build/robogardener' returned '0': CMAKE_PREFIX_PATH=${CMAKE_PREFIX_PATH}:/opt/ros/rolling DEBUGINFOD_URLS=https://debuginfod.ubuntu.com /usr/bin/cmake --install /home/noi/robogardener/build/robogardener
