-- Install configuration: ""
-- Up-to-date: /home/noi/robogardener/install/robogardener/share/robogardener/config
-- Up-to-date: /home/noi/robogardener/install/robogardener/share/robogardener/config/robogardner_config.rviz
-- Up-to-date: /home/noi/robogardener/install/robogardener/share/robogardener/config/twist_mux.yaml
-- Up-to-date: /home/noi/robogardener/install/robogardener/share/robogardener/config/gz_bridge.yaml
-- Up-to-date: /home/noi/robogardener/install/robogardener/share/robogardener/config/batmobil_config.rviz
-- Up-to-date: /home/noi/robogardener/install/robogardener/share/robogardener/description
-- Up-to-date: /home/noi/robogardener/install/robogardener/share/robogardener/description/ros2_control.xacro
-- Installing: /home/noi/robogardener/install/robogardener/share/robogardener/description/materials.xacro
-- Up-to-date: /home/noi/robogardener/install/robogardener/share/robogardener/description/core_model.xacro
-- Up-to-date: /home/noi/robogardener/install/robogardener/share/robogardener/description/gazebo_sim
-- Up-to-date: /home/noi/robogardener/install/robogardener/share/robogardener/description/gazebo_sim/__pycache__
-- Up-to-date: /home/noi/robogardener/install/robogardener/share/robogardener/description/gazebo_sim/__pycache__/diff_drive_with_world.cpython-312.pyc
-- Up-to-date: /home/noi/robogardener/install/robogardener/share/robogardener/description/gazebo_sim/__pycache__/batmobil_launch.cpython-312.pyc
-- Up-to-date: /home/noi/robogardener/install/robogardener/share/robogardener/description/gazebo_sim/batmobil_launch.py
-- Up-to-date: /home/noi/robogardener/install/robogardener/share/robogardener/description/gazebo_sim/diff_drive_with_world.py
-- Up-to-date: /home/noi/robogardener/install/robogardener/share/robogardener/description/gazebo_sim/empty_world.sdf
-- Up-to-date: /home/noi/robogardener/install/robogardener/share/robogardener/description/gazebo_sim/batmobil_world.sdf
-- Up-to-date: /home/noi/robogardener/install/robogardener/share/robogardener/description/robo.urdf.xacro
-- Up-to-date: /home/noi/robogardener/install/robogardener/share/robogardener/description/gz_control.xacro
-- Up-to-date: /home/noi/robogardener/install/robogardener/share/robogardener/description/roboter_frames
-- Up-to-date: /home/noi/robogardener/install/robogardener/share/robogardener/description/roboter_frames/frames_2024-08-26_22.26.15.gv
-- Up-to-date: /home/noi/robogardener/install/robogardener/share/robogardener/description/roboter_frames/frames_2024-08-26_22.26.15.pdf
-- Up-to-date: /home/noi/robogardener/install/robogardener/share/robogardener/launch
-- Up-to-date: /home/noi/robogardener/install/robogardener/share/robogardener/launch/__pycache__
-- Up-to-date: /home/noi/robogardener/install/robogardener/share/robogardener/launch/__pycache__/rsp.launch.cpython-312.pyc
-- Up-to-date: /home/noi/robogardener/install/robogardener/share/robogardener/launch/__pycache__/sim_gz.launch.cpython-312.pyc
-- Installing: /home/noi/robogardener/install/robogardener/share/robogardener/launch/__pycache__/batmobil_view.launch.cpython-312.pyc
-- Up-to-date: /home/noi/robogardener/install/robogardener/share/robogardener/launch/__pycache__/view_robot.launch.cpython-312.pyc
-- Up-to-date: /home/noi/robogardener/install/robogardener/share/robogardener/launch/sim_gz.launch.py
-- Up-to-date: /home/noi/robogardener/install/robogardener/share/robogardener/launch/view_robot.launch.py
-- Up-to-date: /home/noi/robogardener/install/robogardener/share/robogardener/launch/rsp.launch.py
-- Up-to-date: /home/noi/robogardener/install/robogardener/share/robogardener/launch/log
-- Up-to-date: /home/noi/robogardener/install/robogardener/share/robogardener/launch/log/latest
-- Up-to-date: /home/noi/robogardener/install/robogardener/share/robogardener/launch/log/COLCON_IGNORE
-- Up-to-date: /home/noi/robogardener/install/robogardener/share/robogardener/launch/log/list_2024-11-03_19-07-45
-- Up-to-date: /home/noi/robogardener/install/robogardener/share/robogardener/launch/log/list_2024-11-03_19-07-45/logger_all.log
-- Up-to-date: /home/noi/robogardener/install/robogardener/share/robogardener/launch/log/list_2024-11-03_18-52-03
-- Up-to-date: /home/noi/robogardener/install/robogardener/share/robogardener/launch/log/list_2024-11-03_18-52-03/logger_all.log
-- Up-to-date: /home/noi/robogardener/install/robogardener/share/robogardener/launch/log/list_2024-11-21_16-10-24
-- Up-to-date: /home/noi/robogardener/install/robogardener/share/robogardener/launch/log/latest_list
-- Up-to-date: /home/noi/robogardener/install/robogardener/share/robogardener/launch/log/list_2024-11-20_15-57-46
-- Up-to-date: /home/noi/robogardener/install/robogardener/share/robogardener/launch/log/list_2024-11-20_15-57-46/logger_all.log
-- Installing: /home/noi/robogardener/install/robogardener/share/robogardener/launch/batmobil_view.launch.py
-- Up-to-date: /home/noi/robogardener/install/robogardener/share/robogardener/worlds
-- Up-to-date: /home/noi/robogardener/install/robogardener/share/robogardener/worlds/empty_world
-- Up-to-date: /home/noi/robogardener/install/robogardener/share/ament_index/resource_index/package_run_dependencies/robogardener
-- Up-to-date: /home/noi/robogardener/install/robogardener/share/ament_index/resource_index/parent_prefix_path/robogardener
-- Up-to-date: /home/noi/robogardener/install/robogardener/share/robogardener/environment/ament_prefix_path.sh
-- Up-to-date: /home/noi/robogardener/install/robogardener/share/robogardener/environment/ament_prefix_path.dsv
-- Up-to-date: /home/noi/robogardener/install/robogardener/share/robogardener/environment/path.sh
-- Up-to-date: /home/noi/robogardener/install/robogardener/share/robogardener/environment/path.dsv
-- Up-to-date: /home/noi/robogardener/install/robogardener/share/robogardener/local_setup.bash
-- Up-to-date: /home/noi/robogardener/install/robogardener/share/robogardener/local_setup.sh
-- Up-to-date: /home/noi/robogardener/install/robogardener/share/robogardener/local_setup.zsh
-- Up-to-date: /home/noi/robogardener/install/robogardener/share/robogardener/local_setup.dsv
-- Installing: /home/noi/robogardener/install/robogardener/share/robogardener/package.dsv
-- Up-to-date: /home/noi/robogardener/install/robogardener/share/ament_index/resource_index/packages/robogardener
-- Up-to-date: /home/noi/robogardener/install/robogardener/share/robogardener/cmake/robogardenerConfig.cmake
-- Up-to-date: /home/noi/robogardener/install/robogardener/share/robogardener/cmake/robogardenerConfig-version.cmake
-- Up-to-date: /home/noi/robogardener/install/robogardener/share/robogardener/package.xml
