[0.037s] Invoking command in '/home/noi/robogardener/build/serial_motor_demo_msgs': CMAKE_PREFIX_PATH=${CMAKE_PREFIX_PATH}:/home/noi/robogardener/install/serial_motor_demo:/opt/ros/rolling DEBUGINFOD_URLS=https://debuginfod.ubuntu.com /usr/bin/cmake --build /home/noi/robogardener/build/serial_motor_demo_msgs -- -j8 -l8
[0.182s] [  1%] Built target serial_motor_demo_msgs__rosidl_generator_type_description
[0.207s] [  1%] Built target ament_cmake_python_symlink_serial_motor_demo_msgs
[0.244s] [  3%] Built target serial_motor_demo_msgs__cpp
[0.248s] [ 24%] Built target serial_motor_demo_msgs__rosidl_generator_c
[0.358s] [ 33%] Built target serial_motor_demo_msgs__rosidl_typesupport_c
[0.366s] [ 42%] Built target serial_motor_demo_msgs__rosidl_typesupport_fastrtps_cpp
[0.378s] [ 51%] Built target serial_motor_demo_msgs__rosidl_typesupport_cpp
[0.385s] [ 61%] Built target serial_motor_demo_msgs__rosidl_typesupport_introspection_cpp
[0.396s] [ 79%] Built target serial_motor_demo_msgs__rosidl_typesupport_fastrtps_c
[0.396s] [ 79%] Built target serial_motor_demo_msgs__rosidl_typesupport_introspection_c
[0.485s] [ 79%] Built target serial_motor_demo_msgs
[0.563s] [ 81%] Built target serial_motor_demo_msgs__py
[0.638s] [ 88%] Built target serial_motor_demo_msgs__rosidl_generator_py
[0.710s] [ 96%] Built target serial_motor_demo_msgs_s__rosidl_typesupport_c
[0.710s] [ 96%] Built target serial_motor_demo_msgs_s__rosidl_typesupport_fastrtps_c
[0.712s] [100%] Built target serial_motor_demo_msgs_s__rosidl_typesupport_introspection_c
[0.862s] running egg_info
[0.907s] writing serial_motor_demo_msgs.egg-info/PKG-INFO
[0.908s] writing dependency_links to serial_motor_demo_msgs.egg-info/dependency_links.txt
[0.908s] writing top-level names to serial_motor_demo_msgs.egg-info/top_level.txt
[1.039s] reading manifest file 'serial_motor_demo_msgs.egg-info/SOURCES.txt'
[1.041s] writing manifest file 'serial_motor_demo_msgs.egg-info/SOURCES.txt'
[1.122s] [100%] Built target ament_cmake_python_build_serial_motor_demo_msgs_egg
[1.157s] Invoked command in '/home/noi/robogardener/build/serial_motor_demo_msgs' returned '0': CMAKE_PREFIX_PATH=${CMAKE_PREFIX_PATH}:/home/noi/robogardener/install/serial_motor_demo:/opt/ros/rolling DEBUGINFOD_URLS=https://debuginfod.ubuntu.com /usr/bin/cmake --build /home/noi/robogardener/build/serial_motor_demo_msgs -- -j8 -l8
[1.569s] Invoking command in '/home/noi/robogardener/build/serial_motor_demo_msgs': CMAKE_PREFIX_PATH=${CMAKE_PREFIX_PATH}:/home/noi/robogardener/install/serial_motor_demo:/opt/ros/rolling DEBUGINFOD_URLS=https://debuginfod.ubuntu.com /usr/bin/cmake --install /home/noi/robogardener/build/serial_motor_demo_msgs
[1.590s] -- Install configuration: ""
[1.590s] -- Execute custom install script
[1.591s] -- Up-to-date symlink: /home/noi/robogardener/install/serial_motor_demo_msgs/share/ament_index/resource_index/rosidl_interfaces/serial_motor_demo_msgs
[1.591s] -- Up-to-date symlink: /home/noi/robogardener/install/serial_motor_demo_msgs/share/serial_motor_demo_msgs/msg/MotorCommand.json
[1.591s] -- Up-to-date symlink: /home/noi/robogardener/install/serial_motor_demo_msgs/share/serial_motor_demo_msgs/msg/MotorVels.json
[1.592s] -- Up-to-date symlink: /home/noi/robogardener/install/serial_motor_demo_msgs/share/serial_motor_demo_msgs/msg/EncoderVals.json
[1.593s] -- Up-to-date symlink: /home/noi/robogardener/install/serial_motor_demo_msgs/include/serial_motor_demo_msgs/serial_motor_demo_msgs/msg/detail/encoder_vals__functions.h
[1.593s] -- Up-to-date symlink: /home/noi/robogardener/install/serial_motor_demo_msgs/include/serial_motor_demo_msgs/serial_motor_demo_msgs/msg/detail/encoder_vals__struct.h
[1.594s] -- Up-to-date symlink: /home/noi/robogardener/install/serial_motor_demo_msgs/include/serial_motor_demo_msgs/serial_motor_demo_msgs/msg/detail/encoder_vals__type_support.h
[1.594s] -- Up-to-date symlink: /home/noi/robogardener/install/serial_motor_demo_msgs/include/serial_motor_demo_msgs/serial_motor_demo_msgs/msg/detail/motor_command__functions.h
[1.594s] -- Up-to-date symlink: /home/noi/robogardener/install/serial_motor_demo_msgs/include/serial_motor_demo_msgs/serial_motor_demo_msgs/msg/detail/motor_command__struct.h
[1.595s] -- Up-to-date symlink: /home/noi/robogardener/install/serial_motor_demo_msgs/include/serial_motor_demo_msgs/serial_motor_demo_msgs/msg/detail/motor_command__type_support.h
[1.595s] -- Up-to-date symlink: /home/noi/robogardener/install/serial_motor_demo_msgs/include/serial_motor_demo_msgs/serial_motor_demo_msgs/msg/detail/motor_vels__functions.h
[1.596s] -- Up-to-date symlink: /home/noi/robogardener/install/serial_motor_demo_msgs/include/serial_motor_demo_msgs/serial_motor_demo_msgs/msg/detail/motor_vels__struct.h
[1.596s] -- Up-to-date symlink: /home/noi/robogardener/install/serial_motor_demo_msgs/include/serial_motor_demo_msgs/serial_motor_demo_msgs/msg/detail/motor_vels__type_support.h
[1.596s] -- Up-to-date symlink: /home/noi/robogardener/install/serial_motor_demo_msgs/include/serial_motor_demo_msgs/serial_motor_demo_msgs/msg/encoder_vals.h
[1.596s] -- Up-to-date symlink: /home/noi/robogardener/install/serial_motor_demo_msgs/include/serial_motor_demo_msgs/serial_motor_demo_msgs/msg/motor_command.h
[1.597s] -- Up-to-date symlink: /home/noi/robogardener/install/serial_motor_demo_msgs/include/serial_motor_demo_msgs/serial_motor_demo_msgs/msg/motor_vels.h
[1.597s] -- Up-to-date symlink: /home/noi/robogardener/install/serial_motor_demo_msgs/include/serial_motor_demo_msgs/serial_motor_demo_msgs/msg/rosidl_generator_c__visibility_control.h
[1.597s] -- Up-to-date symlink: /home/noi/robogardener/install/serial_motor_demo_msgs/share/serial_motor_demo_msgs/environment/library_path.sh
[1.598s] -- Up-to-date symlink: /home/noi/robogardener/install/serial_motor_demo_msgs/share/serial_motor_demo_msgs/environment/library_path.dsv
[1.598s] -- Up-to-date symlink: /home/noi/robogardener/install/serial_motor_demo_msgs/include/serial_motor_demo_msgs/serial_motor_demo_msgs/msg/detail/encoder_vals__rosidl_typesupport_fastrtps_c.h
[1.598s] -- Up-to-date symlink: /home/noi/robogardener/install/serial_motor_demo_msgs/include/serial_motor_demo_msgs/serial_motor_demo_msgs/msg/detail/motor_command__rosidl_typesupport_fastrtps_c.h
[1.599s] -- Up-to-date symlink: /home/noi/robogardener/install/serial_motor_demo_msgs/include/serial_motor_demo_msgs/serial_motor_demo_msgs/msg/detail/motor_vels__rosidl_typesupport_fastrtps_c.h
[1.599s] -- Up-to-date symlink: /home/noi/robogardener/install/serial_motor_demo_msgs/include/serial_motor_demo_msgs/serial_motor_demo_msgs/msg/rosidl_typesupport_fastrtps_c__visibility_control.h
[1.599s] -- Up-to-date symlink: /home/noi/robogardener/install/serial_motor_demo_msgs/include/serial_motor_demo_msgs/serial_motor_demo_msgs/msg/detail/encoder_vals__rosidl_typesupport_introspection_c.h
[1.600s] -- Up-to-date symlink: /home/noi/robogardener/install/serial_motor_demo_msgs/include/serial_motor_demo_msgs/serial_motor_demo_msgs/msg/detail/motor_command__rosidl_typesupport_introspection_c.h
[1.600s] -- Up-to-date symlink: /home/noi/robogardener/install/serial_motor_demo_msgs/include/serial_motor_demo_msgs/serial_motor_demo_msgs/msg/detail/motor_vels__rosidl_typesupport_introspection_c.h
[1.600s] -- Up-to-date symlink: /home/noi/robogardener/install/serial_motor_demo_msgs/include/serial_motor_demo_msgs/serial_motor_demo_msgs/msg/rosidl_typesupport_introspection_c__visibility_control.h
[1.601s] -- Up-to-date symlink: /home/noi/robogardener/install/serial_motor_demo_msgs/include/serial_motor_demo_msgs/serial_motor_demo_msgs/msg/detail/encoder_vals__builder.hpp
[1.601s] -- Up-to-date symlink: /home/noi/robogardener/install/serial_motor_demo_msgs/include/serial_motor_demo_msgs/serial_motor_demo_msgs/msg/detail/encoder_vals__struct.hpp
[1.601s] -- Up-to-date symlink: /home/noi/robogardener/install/serial_motor_demo_msgs/include/serial_motor_demo_msgs/serial_motor_demo_msgs/msg/detail/encoder_vals__traits.hpp
[1.602s] -- Up-to-date symlink: /home/noi/robogardener/install/serial_motor_demo_msgs/include/serial_motor_demo_msgs/serial_motor_demo_msgs/msg/detail/encoder_vals__type_support.hpp
[1.602s] -- Up-to-date symlink: /home/noi/robogardener/install/serial_motor_demo_msgs/include/serial_motor_demo_msgs/serial_motor_demo_msgs/msg/detail/motor_command__builder.hpp
[1.602s] -- Up-to-date symlink: /home/noi/robogardener/install/serial_motor_demo_msgs/include/serial_motor_demo_msgs/serial_motor_demo_msgs/msg/detail/motor_command__struct.hpp
[1.603s] -- Up-to-date symlink: /home/noi/robogardener/install/serial_motor_demo_msgs/include/serial_motor_demo_msgs/serial_motor_demo_msgs/msg/detail/motor_command__traits.hpp
[1.603s] -- Up-to-date symlink: /home/noi/robogardener/install/serial_motor_demo_msgs/include/serial_motor_demo_msgs/serial_motor_demo_msgs/msg/detail/motor_command__type_support.hpp
[1.603s] -- Up-to-date symlink: /home/noi/robogardener/install/serial_motor_demo_msgs/include/serial_motor_demo_msgs/serial_motor_demo_msgs/msg/detail/motor_vels__builder.hpp
[1.604s] -- Up-to-date symlink: /home/noi/robogardener/install/serial_motor_demo_msgs/include/serial_motor_demo_msgs/serial_motor_demo_msgs/msg/detail/motor_vels__struct.hpp
[1.604s] -- Up-to-date symlink: /home/noi/robogardener/install/serial_motor_demo_msgs/include/serial_motor_demo_msgs/serial_motor_demo_msgs/msg/detail/motor_vels__traits.hpp
[1.604s] -- Up-to-date symlink: /home/noi/robogardener/install/serial_motor_demo_msgs/include/serial_motor_demo_msgs/serial_motor_demo_msgs/msg/detail/motor_vels__type_support.hpp
[1.605s] -- Up-to-date symlink: /home/noi/robogardener/install/serial_motor_demo_msgs/include/serial_motor_demo_msgs/serial_motor_demo_msgs/msg/encoder_vals.hpp
[1.605s] -- Up-to-date symlink: /home/noi/robogardener/install/serial_motor_demo_msgs/include/serial_motor_demo_msgs/serial_motor_demo_msgs/msg/motor_command.hpp
[1.605s] -- Up-to-date symlink: /home/noi/robogardener/install/serial_motor_demo_msgs/include/serial_motor_demo_msgs/serial_motor_demo_msgs/msg/motor_vels.hpp
[1.606s] -- Up-to-date symlink: /home/noi/robogardener/install/serial_motor_demo_msgs/include/serial_motor_demo_msgs/serial_motor_demo_msgs/msg/rosidl_generator_cpp__visibility_control.hpp
[1.606s] -- Up-to-date symlink: /home/noi/robogardener/install/serial_motor_demo_msgs/include/serial_motor_demo_msgs/serial_motor_demo_msgs/msg/detail/encoder_vals__rosidl_typesupport_fastrtps_cpp.hpp
[1.606s] -- Up-to-date symlink: /home/noi/robogardener/install/serial_motor_demo_msgs/include/serial_motor_demo_msgs/serial_motor_demo_msgs/msg/detail/motor_command__rosidl_typesupport_fastrtps_cpp.hpp
[1.607s] -- Up-to-date symlink: /home/noi/robogardener/install/serial_motor_demo_msgs/include/serial_motor_demo_msgs/serial_motor_demo_msgs/msg/detail/motor_vels__rosidl_typesupport_fastrtps_cpp.hpp
[1.607s] -- Up-to-date symlink: /home/noi/robogardener/install/serial_motor_demo_msgs/include/serial_motor_demo_msgs/serial_motor_demo_msgs/msg/rosidl_typesupport_fastrtps_cpp__visibility_control.h
[1.608s] -- Up-to-date symlink: /home/noi/robogardener/install/serial_motor_demo_msgs/include/serial_motor_demo_msgs/serial_motor_demo_msgs/msg/detail/encoder_vals__rosidl_typesupport_introspection_cpp.hpp
[1.608s] -- Up-to-date symlink: /home/noi/robogardener/install/serial_motor_demo_msgs/include/serial_motor_demo_msgs/serial_motor_demo_msgs/msg/detail/motor_command__rosidl_typesupport_introspection_cpp.hpp
[1.609s] -- Up-to-date symlink: /home/noi/robogardener/install/serial_motor_demo_msgs/include/serial_motor_demo_msgs/serial_motor_demo_msgs/msg/detail/motor_vels__rosidl_typesupport_introspection_cpp.hpp
[1.609s] -- Up-to-date symlink: /home/noi/robogardener/install/serial_motor_demo_msgs/share/serial_motor_demo_msgs/environment/pythonpath.sh
[1.609s] -- Up-to-date symlink: /home/noi/robogardener/install/serial_motor_demo_msgs/share/serial_motor_demo_msgs/environment/pythonpath.dsv
[1.610s] -- Up-to-date symlink: /home/noi/robogardener/install/serial_motor_demo_msgs/lib/python3.12/site-packages/serial_motor_demo_msgs-0.0.0-py3.12.egg-info/PKG-INFO
[1.610s] -- Up-to-date symlink: /home/noi/robogardener/install/serial_motor_demo_msgs/lib/python3.12/site-packages/serial_motor_demo_msgs-0.0.0-py3.12.egg-info/SOURCES.txt
[1.611s] -- Up-to-date symlink: /home/noi/robogardener/install/serial_motor_demo_msgs/lib/python3.12/site-packages/serial_motor_demo_msgs-0.0.0-py3.12.egg-info/dependency_links.txt
[1.611s] -- Up-to-date symlink: /home/noi/robogardener/install/serial_motor_demo_msgs/lib/python3.12/site-packages/serial_motor_demo_msgs-0.0.0-py3.12.egg-info/top_level.txt
[1.611s] -- Up-to-date symlink: /home/noi/robogardener/install/serial_motor_demo_msgs/lib/python3.12/site-packages/serial_motor_demo_msgs/__init__.py
[1.612s] -- Up-to-date symlink: /home/noi/robogardener/install/serial_motor_demo_msgs/lib/python3.12/site-packages/serial_motor_demo_msgs/_serial_motor_demo_msgs_s.ep.rosidl_typesupport_c.c
[1.612s] -- Up-to-date symlink: /home/noi/robogardener/install/serial_motor_demo_msgs/lib/python3.12/site-packages/serial_motor_demo_msgs/_serial_motor_demo_msgs_s.ep.rosidl_typesupport_fastrtps_c.c
[1.613s] -- Up-to-date symlink: /home/noi/robogardener/install/serial_motor_demo_msgs/lib/python3.12/site-packages/serial_motor_demo_msgs/_serial_motor_demo_msgs_s.ep.rosidl_typesupport_introspection_c.c
[1.614s] -- Up-to-date symlink: /home/noi/robogardener/install/serial_motor_demo_msgs/lib/python3.12/site-packages/serial_motor_demo_msgs/msg/__init__.py
[1.614s] -- Up-to-date symlink: /home/noi/robogardener/install/serial_motor_demo_msgs/lib/python3.12/site-packages/serial_motor_demo_msgs/msg/_encoder_vals.py
[1.615s] -- Up-to-date symlink: /home/noi/robogardener/install/serial_motor_demo_msgs/lib/python3.12/site-packages/serial_motor_demo_msgs/msg/_encoder_vals_s.c
[1.615s] -- Up-to-date symlink: /home/noi/robogardener/install/serial_motor_demo_msgs/lib/python3.12/site-packages/serial_motor_demo_msgs/msg/_motor_command.py
[1.616s] -- Up-to-date symlink: /home/noi/robogardener/install/serial_motor_demo_msgs/lib/python3.12/site-packages/serial_motor_demo_msgs/msg/_motor_command_s.c
[1.616s] -- Up-to-date symlink: /home/noi/robogardener/install/serial_motor_demo_msgs/lib/python3.12/site-packages/serial_motor_demo_msgs/msg/_motor_vels.py
[1.617s] -- Up-to-date symlink: /home/noi/robogardener/install/serial_motor_demo_msgs/lib/python3.12/site-packages/serial_motor_demo_msgs/msg/_motor_vels_s.c
[1.617s] -- Up-to-date symlink: /home/noi/robogardener/install/serial_motor_demo_msgs/lib/python3.12/site-packages/serial_motor_demo_msgs/serial_motor_demo_msgs_s__rosidl_typesupport_c.so
[1.617s] -- Up-to-date symlink: /home/noi/robogardener/install/serial_motor_demo_msgs/lib/python3.12/site-packages/serial_motor_demo_msgs/serial_motor_demo_msgs_s__rosidl_typesupport_fastrtps_c.so
[1.618s] -- Up-to-date symlink: /home/noi/robogardener/install/serial_motor_demo_msgs/lib/python3.12/site-packages/serial_motor_demo_msgs/serial_motor_demo_msgs_s__rosidl_typesupport_introspection_c.so
[1.618s] -- Up-to-date symlink: /home/noi/robogardener/install/serial_motor_demo_msgs/lib/python3.12/site-packages/serial_motor_demo_msgs/serial_motor_demo_msgs_s__rosidl_typesupport_fastrtps_c.so
[1.619s] -- Up-to-date symlink: /home/noi/robogardener/install/serial_motor_demo_msgs/lib/python3.12/site-packages/serial_motor_demo_msgs/serial_motor_demo_msgs_s__rosidl_typesupport_introspection_c.so
[1.619s] -- Up-to-date symlink: /home/noi/robogardener/install/serial_motor_demo_msgs/lib/python3.12/site-packages/serial_motor_demo_msgs/serial_motor_demo_msgs_s__rosidl_typesupport_c.so
[1.620s] -- Up-to-date symlink: /home/noi/robogardener/install/serial_motor_demo_msgs/share/serial_motor_demo_msgs/msg/MotorCommand.idl
[1.621s] -- Up-to-date symlink: /home/noi/robogardener/install/serial_motor_demo_msgs/share/serial_motor_demo_msgs/msg/MotorVels.idl
[1.621s] -- Up-to-date symlink: /home/noi/robogardener/install/serial_motor_demo_msgs/share/serial_motor_demo_msgs/msg/EncoderVals.idl
[1.622s] -- Up-to-date symlink: /home/noi/robogardener/install/serial_motor_demo_msgs/share/serial_motor_demo_msgs/msg/MotorCommand.msg
[1.622s] -- Up-to-date symlink: /home/noi/robogardener/install/serial_motor_demo_msgs/share/serial_motor_demo_msgs/msg/MotorVels.msg
[1.622s] -- Up-to-date symlink: /home/noi/robogardener/install/serial_motor_demo_msgs/share/serial_motor_demo_msgs/msg/EncoderVals.msg
[1.623s] -- Up-to-date symlink: /home/noi/robogardener/install/serial_motor_demo_msgs/share/ament_index/resource_index/package_run_dependencies/serial_motor_demo_msgs
[1.623s] -- Up-to-date symlink: /home/noi/robogardener/install/serial_motor_demo_msgs/share/ament_index/resource_index/parent_prefix_path/serial_motor_demo_msgs
[1.623s] -- Up-to-date symlink: /home/noi/robogardener/install/serial_motor_demo_msgs/share/serial_motor_demo_msgs/environment/ament_prefix_path.sh
[1.624s] -- Up-to-date symlink: /home/noi/robogardener/install/serial_motor_demo_msgs/share/serial_motor_demo_msgs/environment/ament_prefix_path.dsv
[1.624s] -- Up-to-date symlink: /home/noi/robogardener/install/serial_motor_demo_msgs/share/serial_motor_demo_msgs/environment/path.sh
[1.624s] -- Up-to-date symlink: /home/noi/robogardener/install/serial_motor_demo_msgs/share/serial_motor_demo_msgs/environment/path.dsv
[1.624s] -- Up-to-date symlink: /home/noi/robogardener/install/serial_motor_demo_msgs/share/serial_motor_demo_msgs/local_setup.bash
[1.625s] -- Up-to-date symlink: /home/noi/robogardener/install/serial_motor_demo_msgs/share/serial_motor_demo_msgs/local_setup.sh
[1.625s] -- Up-to-date symlink: /home/noi/robogardener/install/serial_motor_demo_msgs/share/serial_motor_demo_msgs/local_setup.zsh
[1.625s] -- Up-to-date symlink: /home/noi/robogardener/install/serial_motor_demo_msgs/share/serial_motor_demo_msgs/local_setup.dsv
[1.626s] -- Symlinking: /home/noi/robogardener/install/serial_motor_demo_msgs/share/serial_motor_demo_msgs/package.dsv
[1.648s] -- Up-to-date symlink: /home/noi/robogardener/install/serial_motor_demo_msgs/share/ament_index/resource_index/packages/serial_motor_demo_msgs
[1.649s] -- Up-to-date symlink: /home/noi/robogardener/install/serial_motor_demo_msgs/share/serial_motor_demo_msgs/cmake/rosidl_cmake-extras.cmake
[1.649s] -- Up-to-date symlink: /home/noi/robogardener/install/serial_motor_demo_msgs/share/serial_motor_demo_msgs/cmake/ament_cmake_export_include_directories-extras.cmake
[1.649s] -- Up-to-date symlink: /home/noi/robogardener/install/serial_motor_demo_msgs/share/serial_motor_demo_msgs/cmake/ament_cmake_export_libraries-extras.cmake
[1.649s] -- Up-to-date symlink: /home/noi/robogardener/install/serial_motor_demo_msgs/share/serial_motor_demo_msgs/cmake/ament_cmake_export_targets-extras.cmake
[1.650s] -- Up-to-date symlink: /home/noi/robogardener/install/serial_motor_demo_msgs/share/serial_motor_demo_msgs/cmake/rosidl_cmake_export_typesupport_targets-extras.cmake
[1.650s] -- Up-to-date symlink: /home/noi/robogardener/install/serial_motor_demo_msgs/share/serial_motor_demo_msgs/cmake/ament_cmake_export_dependencies-extras.cmake
[1.650s] -- Up-to-date symlink: /home/noi/robogardener/install/serial_motor_demo_msgs/share/serial_motor_demo_msgs/cmake/rosidl_cmake_export_typesupport_libraries-extras.cmake
[1.651s] -- Up-to-date symlink: /home/noi/robogardener/install/serial_motor_demo_msgs/share/serial_motor_demo_msgs/cmake/serial_motor_demo_msgsConfig.cmake
[1.651s] -- Up-to-date symlink: /home/noi/robogardener/install/serial_motor_demo_msgs/share/serial_motor_demo_msgs/cmake/serial_motor_demo_msgsConfig-version.cmake
[1.651s] -- Up-to-date symlink: /home/noi/robogardener/install/serial_motor_demo_msgs/share/serial_motor_demo_msgs/package.xml
[1.652s] -- Up-to-date: /home/noi/robogardener/install/serial_motor_demo_msgs/lib/libserial_motor_demo_msgs__rosidl_generator_c.so
[1.652s] -- Up-to-date: /home/noi/robogardener/install/serial_motor_demo_msgs/lib/libserial_motor_demo_msgs__rosidl_typesupport_fastrtps_c.so
[1.653s] -- Up-to-date: /home/noi/robogardener/install/serial_motor_demo_msgs/lib/libserial_motor_demo_msgs__rosidl_typesupport_introspection_c.so
[1.653s] -- Up-to-date: /home/noi/robogardener/install/serial_motor_demo_msgs/lib/libserial_motor_demo_msgs__rosidl_typesupport_c.so
[1.654s] -- Up-to-date: /home/noi/robogardener/install/serial_motor_demo_msgs/lib/libserial_motor_demo_msgs__rosidl_typesupport_fastrtps_cpp.so
[1.655s] -- Up-to-date: /home/noi/robogardener/install/serial_motor_demo_msgs/lib/libserial_motor_demo_msgs__rosidl_typesupport_introspection_cpp.so
[1.655s] -- Up-to-date: /home/noi/robogardener/install/serial_motor_demo_msgs/lib/libserial_motor_demo_msgs__rosidl_typesupport_cpp.so
[1.732s] Listing '/home/noi/robogardener/install/serial_motor_demo_msgs/lib/python3.12/site-packages/serial_motor_demo_msgs'...
[1.733s] Listing '/home/noi/robogardener/install/serial_motor_demo_msgs/lib/python3.12/site-packages/serial_motor_demo_msgs/msg'...
[1.750s] -- Up-to-date: /home/noi/robogardener/install/serial_motor_demo_msgs/lib/libserial_motor_demo_msgs__rosidl_generator_py.so
[1.751s] -- Up-to-date: /home/noi/robogardener/install/serial_motor_demo_msgs/share/serial_motor_demo_msgs/cmake/export_serial_motor_demo_msgs__rosidl_generator_cExport.cmake
[1.751s] -- Up-to-date: /home/noi/robogardener/install/serial_motor_demo_msgs/share/serial_motor_demo_msgs/cmake/export_serial_motor_demo_msgs__rosidl_generator_cExport-noconfig.cmake
[1.752s] -- Up-to-date: /home/noi/robogardener/install/serial_motor_demo_msgs/share/serial_motor_demo_msgs/cmake/export_serial_motor_demo_msgs__rosidl_typesupport_fastrtps_cExport.cmake
[1.752s] -- Up-to-date: /home/noi/robogardener/install/serial_motor_demo_msgs/share/serial_motor_demo_msgs/cmake/export_serial_motor_demo_msgs__rosidl_typesupport_fastrtps_cExport-noconfig.cmake
[1.752s] -- Up-to-date: /home/noi/robogardener/install/serial_motor_demo_msgs/share/serial_motor_demo_msgs/cmake/serial_motor_demo_msgs__rosidl_typesupport_introspection_cExport.cmake
[1.753s] -- Up-to-date: /home/noi/robogardener/install/serial_motor_demo_msgs/share/serial_motor_demo_msgs/cmake/serial_motor_demo_msgs__rosidl_typesupport_introspection_cExport-noconfig.cmake
[1.753s] -- Up-to-date: /home/noi/robogardener/install/serial_motor_demo_msgs/share/serial_motor_demo_msgs/cmake/serial_motor_demo_msgs__rosidl_typesupport_cExport.cmake
[1.753s] -- Up-to-date: /home/noi/robogardener/install/serial_motor_demo_msgs/share/serial_motor_demo_msgs/cmake/serial_motor_demo_msgs__rosidl_typesupport_cExport-noconfig.cmake
[1.754s] -- Up-to-date: /home/noi/robogardener/install/serial_motor_demo_msgs/share/serial_motor_demo_msgs/cmake/export_serial_motor_demo_msgs__rosidl_generator_cppExport.cmake
[1.754s] -- Up-to-date: /home/noi/robogardener/install/serial_motor_demo_msgs/share/serial_motor_demo_msgs/cmake/export_serial_motor_demo_msgs__rosidl_typesupport_fastrtps_cppExport.cmake
[1.754s] -- Up-to-date: /home/noi/robogardener/install/serial_motor_demo_msgs/share/serial_motor_demo_msgs/cmake/export_serial_motor_demo_msgs__rosidl_typesupport_fastrtps_cppExport-noconfig.cmake
[1.755s] -- Up-to-date: /home/noi/robogardener/install/serial_motor_demo_msgs/share/serial_motor_demo_msgs/cmake/serial_motor_demo_msgs__rosidl_typesupport_introspection_cppExport.cmake
[1.755s] -- Up-to-date: /home/noi/robogardener/install/serial_motor_demo_msgs/share/serial_motor_demo_msgs/cmake/serial_motor_demo_msgs__rosidl_typesupport_introspection_cppExport-noconfig.cmake
[1.755s] -- Up-to-date: /home/noi/robogardener/install/serial_motor_demo_msgs/share/serial_motor_demo_msgs/cmake/serial_motor_demo_msgs__rosidl_typesupport_cppExport.cmake
[1.755s] -- Up-to-date: /home/noi/robogardener/install/serial_motor_demo_msgs/share/serial_motor_demo_msgs/cmake/serial_motor_demo_msgs__rosidl_typesupport_cppExport-noconfig.cmake
[1.756s] -- Up-to-date: /home/noi/robogardener/install/serial_motor_demo_msgs/share/serial_motor_demo_msgs/cmake/export_serial_motor_demo_msgs__rosidl_generator_pyExport.cmake
[1.756s] -- Up-to-date: /home/noi/robogardener/install/serial_motor_demo_msgs/share/serial_motor_demo_msgs/cmake/export_serial_motor_demo_msgs__rosidl_generator_pyExport-noconfig.cmake
[1.760s] Invoked command in '/home/noi/robogardener/build/serial_motor_demo_msgs' returned '0': CMAKE_PREFIX_PATH=${CMAKE_PREFIX_PATH}:/home/noi/robogardener/install/serial_motor_demo:/opt/ros/rolling DEBUGINFOD_URLS=https://debuginfod.ubuntu.com /usr/bin/cmake --install /home/noi/robogardener/build/serial_motor_demo_msgs
