-- Install configuration: ""
-- Up-to-date: /home/noi/robogardener/install/model/share/model/config
-- Up-to-date: /home/noi/robogardener/install/model/share/model/config/robogardner_config.rviz
-- Up-to-date: /home/noi/robogardener/install/model/share/model/config/twist_mux.yaml
-- Up-to-date: /home/noi/robogardener/install/model/share/model/config/gz_bridge.yaml
-- Up-to-date: /home/noi/robogardener/install/model/share/model/config/batmobil_config.rviz
-- Up-to-date: /home/noi/robogardener/install/model/share/model/description
-- Up-to-date: /home/noi/robogardener/install/model/share/model/description/ros2_control.xacro
-- Up-to-date: /home/noi/robogardener/install/model/share/model/description/materials.xacro
-- Installing: /home/noi/robogardener/install/model/share/model/description/core_model.xacro
-- Up-to-date: /home/noi/robogardener/install/model/share/model/description/gazebo_sim
-- Up-to-date: /home/noi/robogardener/install/model/share/model/description/gazebo_sim/__pycache__
-- Up-to-date: /home/noi/robogardener/install/model/share/model/description/gazebo_sim/__pycache__/diff_drive_with_world.cpython-312.pyc
-- Up-to-date: /home/noi/robogardener/install/model/share/model/description/gazebo_sim/__pycache__/batmobil_launch.cpython-312.pyc
-- Up-to-date: /home/noi/robogardener/install/model/share/model/description/gazebo_sim/batmobil_launch.py
-- Up-to-date: /home/noi/robogardener/install/model/share/model/description/gazebo_sim/diff_drive_with_world.py
-- Up-to-date: /home/noi/robogardener/install/model/share/model/description/gazebo_sim/empty_world.sdf
-- Up-to-date: /home/noi/robogardener/install/model/share/model/description/gazebo_sim/batmobil_world.sdf
-- Installing: /home/noi/robogardener/install/model/share/model/description/robo.urdf.xacro
-- Up-to-date: /home/noi/robogardener/install/model/share/model/description/gz_control.xacro
-- Up-to-date: /home/noi/robogardener/install/model/share/model/description/roboter_frames
-- Up-to-date: /home/noi/robogardener/install/model/share/model/description/roboter_frames/frames_2024-08-26_22.26.15.gv
-- Up-to-date: /home/noi/robogardener/install/model/share/model/description/roboter_frames/frames_2024-08-26_22.26.15.pdf
-- Up-to-date: /home/noi/robogardener/install/model/share/model/launch
-- Up-to-date: /home/noi/robogardener/install/model/share/model/launch/__pycache__
-- Installing: /home/noi/robogardener/install/model/share/model/launch/__pycache__/rsp.launch.cpython-312.pyc
-- Up-to-date: /home/noi/robogardener/install/model/share/model/launch/__pycache__/sim_gz.launch.cpython-312.pyc
-- Up-to-date: /home/noi/robogardener/install/model/share/model/launch/__pycache__/batmobil_view.launch.cpython-312.pyc
-- Up-to-date: /home/noi/robogardener/install/model/share/model/launch/__pycache__/view_robot.launch.cpython-312.pyc
-- Up-to-date: /home/noi/robogardener/install/model/share/model/launch/sim_gz.launch.py
-- Up-to-date: /home/noi/robogardener/install/model/share/model/launch/view_robot.launch.py
-- Installing: /home/noi/robogardener/install/model/share/model/launch/rsp.launch.py
-- Up-to-date: /home/noi/robogardener/install/model/share/model/launch/log
-- Up-to-date: /home/noi/robogardener/install/model/share/model/launch/log/latest
-- Up-to-date: /home/noi/robogardener/install/model/share/model/launch/log/COLCON_IGNORE
-- Up-to-date: /home/noi/robogardener/install/model/share/model/launch/log/list_2024-11-03_19-07-45
-- Up-to-date: /home/noi/robogardener/install/model/share/model/launch/log/list_2024-11-03_19-07-45/logger_all.log
-- Up-to-date: /home/noi/robogardener/install/model/share/model/launch/log/list_2024-11-03_18-52-03
-- Up-to-date: /home/noi/robogardener/install/model/share/model/launch/log/list_2024-11-03_18-52-03/logger_all.log
-- Up-to-date: /home/noi/robogardener/install/model/share/model/launch/log/list_2024-11-21_16-10-24
-- Up-to-date: /home/noi/robogardener/install/model/share/model/launch/log/latest_list
-- Up-to-date: /home/noi/robogardener/install/model/share/model/launch/log/list_2024-11-20_15-57-46
-- Up-to-date: /home/noi/robogardener/install/model/share/model/launch/log/list_2024-11-20_15-57-46/logger_all.log
-- Up-to-date: /home/noi/robogardener/install/model/share/model/launch/batmobil_view.launch.py
-- Up-to-date: /home/noi/robogardener/install/model/share/model/worlds
-- Up-to-date: /home/noi/robogardener/install/model/share/model/worlds/empty_world
-- Up-to-date: /home/noi/robogardener/install/model/share/ament_index/resource_index/package_run_dependencies/model
-- Up-to-date: /home/noi/robogardener/install/model/share/ament_index/resource_index/parent_prefix_path/model
-- Up-to-date: /home/noi/robogardener/install/model/share/model/environment/ament_prefix_path.sh
-- Up-to-date: /home/noi/robogardener/install/model/share/model/environment/ament_prefix_path.dsv
-- Up-to-date: /home/noi/robogardener/install/model/share/model/environment/path.sh
-- Up-to-date: /home/noi/robogardener/install/model/share/model/environment/path.dsv
-- Up-to-date: /home/noi/robogardener/install/model/share/model/local_setup.bash
-- Up-to-date: /home/noi/robogardener/install/model/share/model/local_setup.sh
-- Up-to-date: /home/noi/robogardener/install/model/share/model/local_setup.zsh
-- Up-to-date: /home/noi/robogardener/install/model/share/model/local_setup.dsv
-- Up-to-date: /home/noi/robogardener/install/model/share/model/package.dsv
-- Up-to-date: /home/noi/robogardener/install/model/share/ament_index/resource_index/packages/model
-- Up-to-date: /home/noi/robogardener/install/model/share/model/cmake/modelConfig.cmake
-- Up-to-date: /home/noi/robogardener/install/model/share/model/cmake/modelConfig-version.cmake
-- Up-to-date: /home/noi/robogardener/install/model/share/model/package.xml
