[0.029s] Invoking command in '/home/noi/robogardener/build/model': CMAKE_PREFIX_PATH=${CMAKE_PREFIX_PATH}:/home/noi/robogardener/install/serial_motor_demo:/opt/ros/rolling DEBUGINFOD_URLS=https://debuginfod.ubuntu.com /usr/bin/cmake --build /home/noi/robogardener/build/model -- -j8 -l8
[0.154s] Invoked command in '/home/noi/robogardener/build/model' returned '0': CMAKE_PREFIX_PATH=${CMAKE_PREFIX_PATH}:/home/noi/robogardener/install/serial_motor_demo:/opt/ros/rolling DEBUGINFOD_URLS=https://debuginfod.ubuntu.com /usr/bin/cmake --build /home/noi/robogardener/build/model -- -j8 -l8
[0.250s] Invoking command in '/home/noi/robogardener/build/model': CMAKE_PREFIX_PATH=${CMAKE_PREFIX_PATH}:/home/noi/robogardener/install/serial_motor_demo:/opt/ros/rolling DEBUGINFOD_URLS=https://debuginfod.ubuntu.com /usr/bin/cmake --install /home/noi/robogardener/build/model
[0.291s] -- Install configuration: ""
[0.296s] -- Up-to-date: /home/noi/robogardener/install/model/share/model/config
[0.297s] -- Up-to-date: /home/noi/robogardener/install/model/share/model/config/robogardner_config.rviz
[0.297s] -- Up-to-date: /home/noi/robogardener/install/model/share/model/config/twist_mux.yaml
[0.298s] -- Up-to-date: /home/noi/robogardener/install/model/share/model/config/gz_bridge.yaml
[0.298s] -- Up-to-date: /home/noi/robogardener/install/model/share/model/config/batmobil_config.rviz
[0.299s] -- Up-to-date: /home/noi/robogardener/install/model/share/model/description
[0.299s] -- Up-to-date: /home/noi/robogardener/install/model/share/model/description/ros2_control.xacro
[0.299s] -- Up-to-date: /home/noi/robogardener/install/model/share/model/description/materials.xacro
[0.300s] -- Installing: /home/noi/robogardener/install/model/share/model/description/core_model.xacro
[0.300s] -- Up-to-date: /home/noi/robogardener/install/model/share/model/description/gazebo_sim
[0.300s] -- Up-to-date: /home/noi/robogardener/install/model/share/model/description/gazebo_sim/__pycache__
[0.301s] -- Up-to-date: /home/noi/robogardener/install/model/share/model/description/gazebo_sim/__pycache__/diff_drive_with_world.cpython-312.pyc
[0.301s] -- Up-to-date: /home/noi/robogardener/install/model/share/model/description/gazebo_sim/__pycache__/batmobil_launch.cpython-312.pyc
[0.302s] -- Up-to-date: /home/noi/robogardener/install/model/share/model/description/gazebo_sim/batmobil_launch.py
[0.303s] -- Up-to-date: /home/noi/robogardener/install/model/share/model/description/gazebo_sim/diff_drive_with_world.py
[0.303s] -- Up-to-date: /home/noi/robogardener/install/model/share/model/description/gazebo_sim/empty_world.sdf
[0.304s] -- Up-to-date: /home/noi/robogardener/install/model/share/model/description/gazebo_sim/batmobil_world.sdf
[0.304s] -- Installing: /home/noi/robogardener/install/model/share/model/description/robo.urdf.xacro
[0.304s] -- Up-to-date: /home/noi/robogardener/install/model/share/model/description/gz_control.xacro
[0.305s] -- Up-to-date: /home/noi/robogardener/install/model/share/model/description/roboter_frames
[0.305s] -- Up-to-date: /home/noi/robogardener/install/model/share/model/description/roboter_frames/frames_2024-08-26_22.26.15.gv
[0.306s] -- Up-to-date: /home/noi/robogardener/install/model/share/model/description/roboter_frames/frames_2024-08-26_22.26.15.pdf
[0.308s] -- Up-to-date: /home/noi/robogardener/install/model/share/model/launch
[0.309s] -- Up-to-date: /home/noi/robogardener/install/model/share/model/launch/__pycache__
[0.309s] -- Installing: /home/noi/robogardener/install/model/share/model/launch/__pycache__/rsp.launch.cpython-312.pyc
[0.309s] -- Up-to-date: /home/noi/robogardener/install/model/share/model/launch/__pycache__/sim_gz.launch.cpython-312.pyc
[0.311s] -- Up-to-date: /home/noi/robogardener/install/model/share/model/launch/__pycache__/batmobil_view.launch.cpython-312.pyc
[0.312s] -- Up-to-date: /home/noi/robogardener/install/model/share/model/launch/__pycache__/view_robot.launch.cpython-312.pyc
[0.313s] -- Up-to-date: /home/noi/robogardener/install/model/share/model/launch/sim_gz.launch.py
[0.317s] -- Up-to-date: /home/noi/robogardener/install/model/share/model/launch/view_robot.launch.py
[0.318s] -- Installing: /home/noi/robogardener/install/model/share/model/launch/rsp.launch.py
[0.318s] -- Up-to-date: /home/noi/robogardener/install/model/share/model/launch/log
[0.318s] -- Up-to-date: /home/noi/robogardener/install/model/share/model/launch/log/latest
[0.319s] -- Up-to-date: /home/noi/robogardener/install/model/share/model/launch/log/COLCON_IGNORE
[0.319s] -- Up-to-date: /home/noi/robogardener/install/model/share/model/launch/log/list_2024-11-03_19-07-45
[0.319s] -- Up-to-date: /home/noi/robogardener/install/model/share/model/launch/log/list_2024-11-03_19-07-45/logger_all.log
[0.320s] -- Up-to-date: /home/noi/robogardener/install/model/share/model/launch/log/list_2024-11-03_18-52-03
[0.320s] -- Up-to-date: /home/noi/robogardener/install/model/share/model/launch/log/list_2024-11-03_18-52-03/logger_all.log
[0.321s] -- Up-to-date: /home/noi/robogardener/install/model/share/model/launch/log/list_2024-11-21_16-10-24
[0.324s] -- Up-to-date: /home/noi/robogardener/install/model/share/model/launch/log/latest_list
[0.325s] -- Up-to-date: /home/noi/robogardener/install/model/share/model/launch/log/list_2024-11-20_15-57-46
[0.325s] -- Up-to-date: /home/noi/robogardener/install/model/share/model/launch/log/list_2024-11-20_15-57-46/logger_all.log
[0.326s] -- Up-to-date: /home/noi/robogardener/install/model/share/model/launch/batmobil_view.launch.py
[0.326s] -- Up-to-date: /home/noi/robogardener/install/model/share/model/worlds
[0.326s] -- Up-to-date: /home/noi/robogardener/install/model/share/model/worlds/empty_world
[0.327s] -- Up-to-date: /home/noi/robogardener/install/model/share/ament_index/resource_index/package_run_dependencies/model
[0.327s] -- Up-to-date: /home/noi/robogardener/install/model/share/ament_index/resource_index/parent_prefix_path/model
[0.327s] -- Up-to-date: /home/noi/robogardener/install/model/share/model/environment/ament_prefix_path.sh
[0.328s] -- Up-to-date: /home/noi/robogardener/install/model/share/model/environment/ament_prefix_path.dsv
[0.328s] -- Up-to-date: /home/noi/robogardener/install/model/share/model/environment/path.sh
[0.328s] -- Up-to-date: /home/noi/robogardener/install/model/share/model/environment/path.dsv
[0.329s] -- Up-to-date: /home/noi/robogardener/install/model/share/model/local_setup.bash
[0.329s] -- Up-to-date: /home/noi/robogardener/install/model/share/model/local_setup.sh
[0.330s] -- Up-to-date: /home/noi/robogardener/install/model/share/model/local_setup.zsh
[0.330s] -- Up-to-date: /home/noi/robogardener/install/model/share/model/local_setup.dsv
[0.330s] -- Up-to-date: /home/noi/robogardener/install/model/share/model/package.dsv
[0.331s] -- Up-to-date: /home/noi/robogardener/install/model/share/ament_index/resource_index/packages/model
[0.331s] -- Up-to-date: /home/noi/robogardener/install/model/share/model/cmake/modelConfig.cmake
[0.331s] -- Up-to-date: /home/noi/robogardener/install/model/share/model/cmake/modelConfig-version.cmake
[0.332s] -- Up-to-date: /home/noi/robogardener/install/model/share/model/package.xml
[0.332s] Invoked command in '/home/noi/robogardener/build/model' returned '0': CMAKE_PREFIX_PATH=${CMAKE_PREFIX_PATH}:/home/noi/robogardener/install/serial_motor_demo:/opt/ros/rolling DEBUGINFOD_URLS=https://debuginfod.ubuntu.com /usr/bin/cmake --install /home/noi/robogardener/build/model
